2+2W+isync+po.litmus
       0
2+2W+isyncs.litmus
       0
2+2W+lwsync+isync.litmus
       0
2+2W+lwsync+po.litmus
       0
2+2W+lwsync+rfi-data.litmus
       0
2+2W+lwsync+sync.litmus
       1
2+2W+lwsyncs.litmus
       1
2+2W+rfi-datas.litmus
       0
2+2W+sync+isync.litmus
       0
2+2W+sync+lwsync.litmus
       1
2+2W+sync+po.litmus
       0
2+2W+sync+rfi-data.litmus
       0
2+2W+syncs.litmus
       1
2+2W.litmus
       0
3.2W+lwsync+lwsync+po.litmus
       0
3.2W+lwsync+lwsync+rfi-data.litmus
       0
3.2W+lwsync+po+po.litmus
       0
3.2W+lwsync+rfi-data+rfi-data.litmus
       0
3.2W+lwsync+sync+lwsync.litmus
       1
3.2W+lwsync+sync+po.litmus
       0
3.2W+lwsyncs.litmus
       1
3.2W+rfi-datas.litmus
       0
3.2W+sync+lwsync+lwsync.litmus
       1
3.2W+sync+lwsync+po.litmus
       0
3.2W+sync+lwsync+rfi-data.litmus
       0
3.2W+sync+po+po.litmus
       0
3.2W+sync+rfi-data+lwsync.litmus
       0
3.2W+sync+rfi-data+rfi-data.litmus
       0
3.2W+sync+sync+lwsync.litmus
       1
3.2W+sync+sync+po.litmus
       0
3.2W+sync+sync+rfi-data.litmus
       0
3.2W+syncs.litmus
       1
3.2W.litmus
       0
3.LB+lwsync+lwsync+po.litmus
       0
3.LB+lwsync+po+po.litmus
       0
3.LB+lwsync+sync+lwsync.litmus
       1
3.LB+lwsync+sync+po.litmus
       0
3.LB+lwsyncs.litmus
       1
3.LB+sync+lwsync+lwsync.litmus
       1
3.LB+sync+lwsync+po.litmus
       0
3.LB+sync+po+po.litmus
       0
3.LB+sync+sync+lwsync.litmus
       1
3.LB+sync+sync+po.litmus
       0
3.LB+syncs.litmus
       1
3.LB.litmus
       0
3.SB+lwsync+lwsync+po.litmus
       0
3.SB+lwsync+po+po.litmus
       0
3.SB+lwsync+sync+lwsync.litmus
       0
3.SB+lwsync+sync+po.litmus
       0
3.SB+lwsyncs.litmus
       0
3.SB+sync+lwsync+lwsync.litmus
       0
3.SB+sync+lwsync+po.litmus
       0
3.SB+sync+po+po.litmus
       0
3.SB+sync+sync+lwsync.litmus
       0
3.SB+sync+sync+po.litmus
       0
3.SB+syncs.litmus
       1
3.SB.litmus
       0
CO-2+2W.litmus
       1
CO-IRIW.litmus
       1
CO-LB+fri+pos-fri.litmus
       1
CO-LB.litmus
       1
CO-MP+sync+po.litmus
       1
CO-MP.litmus
       1
CO-R+sync+po.litmus
       1
CO-R.litmus
       1
CO-S+sync+po.litmus
       1
CO-S+wsi+pos-fri.litmus
       1
CO-S.litmus
       1
CO-SB.litmus
       1
CO-SBI.litmus
       1
CoRR5.litmus
       1
CoWW2.litmus
       1
DETOUR0158.litmus
       1
DETOUR0160.litmus
       1
DETOUR0161.litmus
       0
DETOUR0162.litmus
       0
DETOUR0163.litmus
       1
DETOUR0165.litmus
       1
DETOUR0166.litmus
       0
DETOUR0167.litmus
       0
DETOUR0169.litmus
       1
DETOUR0170.litmus
       1
DETOUR0171.litmus
       0
DETOUR0173.litmus
       0
DETOUR0175.litmus
       0
DETOUR0176.litmus
       1
DETOUR0177.litmus
       0
DETOUR0178.litmus
       0
DETOUR0179.litmus
       0
DETOUR0181.litmus
       0
DETOUR0182.litmus
       0
DETOUR0183.litmus
       0
DETOUR0189.litmus
       1
DETOUR0190.litmus
       1
DETOUR0191.litmus
       0
DETOUR0193.litmus
       0
DETOUR0195.litmus
       0
DETOUR0196.litmus
       1
DETOUR0197.litmus
       0
DETOUR0198.litmus
       0
DETOUR0199.litmus
       0
DETOUR0201.litmus
       0
DETOUR0202.litmus
       0
DETOUR0204.litmus
       0
DETOUR0205.litmus
       0
DETOUR0206.litmus
       0
DETOUR0208.litmus
       0
DETOUR0236.litmus
       1
DETOUR0237.litmus
       1
DETOUR0238.litmus
       0
DETOUR0239.litmus
       0
DETOUR0241.litmus
       1
DETOUR0242.litmus
       1
DETOUR0243.litmus
       0
DETOUR0244.litmus
       0
DETOUR0246.litmus
       0
DETOUR0247.litmus
       0
DETOUR0248.litmus
       0
DETOUR0250.litmus
       0
DETOUR0251.litmus
       0
DETOUR0253.litmus
       1
DETOUR0254.litmus
       1
DETOUR0255.litmus
       0
DETOUR0256.litmus
       0
DETOUR0257.litmus
       0
DETOUR0259.litmus
       0
DETOUR0260.litmus
       0
DETOUR0262.litmus
       1
DETOUR0263.litmus
       1
DETOUR0264.litmus
       0
DETOUR0265.litmus
       0
DETOUR0267.litmus
       1
DETOUR0268.litmus
       1
DETOUR0269.litmus
       0
DETOUR0270.litmus
       0
DETOUR0272.litmus
       0
DETOUR0273.litmus
       0
DETOUR0274.litmus
       0
DETOUR0276.litmus
       0
DETOUR0277.litmus
       0
DETOUR0279.litmus
       1
DETOUR0280.litmus
       1
DETOUR0281.litmus
       0
DETOUR0282.litmus
       0
DETOUR0283.litmus
       0
DETOUR0285.litmus
       0
DETOUR0286.litmus
       0
DETOUR0288.litmus
       1
DETOUR0289.litmus
       1
DETOUR0290.litmus
       0
DETOUR0292.litmus
       0
DETOUR0294.litmus
       0
DETOUR0295.litmus
       0
DETOUR0296.litmus
       0
DETOUR0298.litmus
       1
DETOUR0299.litmus
       1
DETOUR0300.litmus
       0
DETOUR0302.litmus
       1
DETOUR0303.litmus
       1
DETOUR0304.litmus
       0
DETOUR0306.litmus
       0
DETOUR0308.litmus
       0
DETOUR0310.litmus
       0
DETOUR0311.litmus
       0
DETOUR0312.litmus
       0
DETOUR0314.litmus
       0
DETOUR0316.litmus
       0
DETOUR0317.litmus
       1
DETOUR0318.litmus
       0
DETOUR0319.litmus
       0
DETOUR0321.litmus
       0
DETOUR0322.litmus
       0
DETOUR0323.litmus
       0
DETOUR0325.litmus
       0
DETOUR0326.litmus
       0
DETOUR0327.litmus
       0
DETOUR0328.litmus
       0
DETOUR0330.litmus
       0
DETOUR0331.litmus
       1
DETOUR0332.litmus
       0
DETOUR0333.litmus
       0
DETOUR0335.litmus
       0
DETOUR0336.litmus
       1
DETOUR0337.litmus
       0
DETOUR0338.litmus
       0
DETOUR0340.litmus
       0
DETOUR0341.litmus
       0
DETOUR0342.litmus
       0
DETOUR0344.litmus
       0
DETOUR0345.litmus
       0
DETOUR0347.litmus
       0
DETOUR0348.litmus
       1
DETOUR0349.litmus
       0
DETOUR0350.litmus
       0
DETOUR0351.litmus
       0
DETOUR0353.litmus
       0
DETOUR0354.litmus
       0
DETOUR0359.litmus
       0
DETOUR0360.litmus
       0
DETOUR0361.litmus
       0
DETOUR0362.litmus
       0
DETOUR0363.litmus
       0
DETOUR0364.litmus
       0
DETOUR0365.litmus
       0
DETOUR0366.litmus
       0
DETOUR0367.litmus
       0
DETOUR0368.litmus
       0
DETOUR0369.litmus
       0
DETOUR0370.litmus
       0
DETOUR0371.litmus
       0
DETOUR0372.litmus
       0
DETOUR0373.litmus
       0
DETOUR0374.litmus
       0
DETOUR0379.litmus
       0
DETOUR0380.litmus
       0
DETOUR0381.litmus
       0
DETOUR0382.litmus
       0
DETOUR0383.litmus
       0
DETOUR0384.litmus
       0
DETOUR0385.litmus
       0
DETOUR0386.litmus
       0
DETOUR0387.litmus
       0
DETOUR0388.litmus
       0
DETOUR0389.litmus
       0
DETOUR0411.litmus
       0
DETOUR0412.litmus
       0
DETOUR0413.litmus
       0
DETOUR0414.litmus
       0
DETOUR0415.litmus
       0
DETOUR0416.litmus
       0
DETOUR0417.litmus
       0
DETOUR0418.litmus
       0
DETOUR0421.litmus
       0
DETOUR0422.litmus
       0
DETOUR0423.litmus
       0
DETOUR0424.litmus
       0
DETOUR0425.litmus
       0
DETOUR0426.litmus
       0
DETOUR0427.litmus
       0
DETOUR0428.litmus
       0
DETOUR0429.litmus
       0
DETOUR0430.litmus
       0
DETOUR0431.litmus
       0
DETOUR0432.litmus
       0
DETOUR0433.litmus
       0
DETOUR0434.litmus
       0
DETOUR0435.litmus
       0
DETOUR0436.litmus
       0
DETOUR0437.litmus
       0
DETOUR0438.litmus
       0
DETOUR0439.litmus
       0
DETOUR0442.litmus
       0
DETOUR0443.litmus
       0
DETOUR0444.litmus
       0
DETOUR0445.litmus
       0
DETOUR0446.litmus
       0
DETOUR0447.litmus
       0
DETOUR0448.litmus
       0
DETOUR0449.litmus
       0
DETOUR0450.litmus
       0
DETOUR0451.litmus
       0
DETOUR0452.litmus
       0
DETOUR0453.litmus
       0
DETOUR0454.litmus
       0
DETOUR0457.litmus
       0
DETOUR0458.litmus
       0
DETOUR0459.litmus
       0
DETOUR0460.litmus
       0
DETOUR0461.litmus
       0
DETOUR0462.litmus
       0
DETOUR0463.litmus
       0
DETOUR0464.litmus
       0
DETOUR0465.litmus
       0
DETOUR0468.litmus
       0
DETOUR0469.litmus
       0
DETOUR0470.litmus
       0
DETOUR0471.litmus
       0
DETOUR0472.litmus
       0
DETOUR0473.litmus
       0
DETOUR0474.litmus
       0
DETOUR0475.litmus
       0
DETOUR0476.litmus
       0
DETOUR0479.litmus
       0
DETOUR0480.litmus
       0
DETOUR0481.litmus
       0
DETOUR0482.litmus
       0
DETOUR0483.litmus
       0
DETOUR0484.litmus
       0
DETOUR0485.litmus
       0
DETOUR0486.litmus
       0
DETOUR0487.litmus
       0
DETOUR0488.litmus
       0
DETOUR0489.litmus
       0
DETOUR0490.litmus
       0
DETOUR0491.litmus
       0
DETOUR0492.litmus
       0
DETOUR0493.litmus
       0
DETOUR0494.litmus
       0
DETOUR0497.litmus
       0
DETOUR0498.litmus
       0
DETOUR0499.litmus
       0
DETOUR0500.litmus
       0
DETOUR0501.litmus
       0
DETOUR0502.litmus
       0
DETOUR0503.litmus
       0
DETOUR0504.litmus
       0
DETOUR0505.litmus
       0
DETOUR0506.litmus
       0
DETOUR0507.litmus
       0
DETOUR0527.litmus
       0
DETOUR0528.litmus
       0
DETOUR0529.litmus
       0
DETOUR0530.litmus
       0
DETOUR0531.litmus
       0
DETOUR0532.litmus
       0
DETOUR0533.litmus
       0
DETOUR0534.litmus
       0
DETOUR0537.litmus
       0
DETOUR0538.litmus
       0
DETOUR0539.litmus
       0
DETOUR0540.litmus
       0
DETOUR0541.litmus
       0
DETOUR0542.litmus
       0
DETOUR0543.litmus
       0
DETOUR0544.litmus
       0
DETOUR0545.litmus
       0
DETOUR0546.litmus
       0
DETOUR0547.litmus
       0
DETOUR0548.litmus
       0
DETOUR0549.litmus
       0
DETOUR0552.litmus
       0
DETOUR0553.litmus
       0
DETOUR0554.litmus
       0
DETOUR0555.litmus
       0
DETOUR0556.litmus
       0
DETOUR0557.litmus
       0
DETOUR0558.litmus
       0
DETOUR0559.litmus
       0
DETOUR0560.litmus
       0
DETOUR0563.litmus
       0
DETOUR0564.litmus
       0
DETOUR0565.litmus
       0
DETOUR0566.litmus
       0
DETOUR0567.litmus
       0
DETOUR0568.litmus
       0
DETOUR0569.litmus
       0
DETOUR0570.litmus
       0
DETOUR0571.litmus
       0
DETOUR0574.litmus
       0
DETOUR0575.litmus
       0
DETOUR0576.litmus
       0
DETOUR0577.litmus
       0
DETOUR0578.litmus
       0
DETOUR0579.litmus
       0
DETOUR0580.litmus
       0
DETOUR0581.litmus
       0
DETOUR0582.litmus
       0
DETOUR0583.litmus
       0
DETOUR0584.litmus
       0
DETOUR0585.litmus
       0
DETOUR0586.litmus
       0
DETOUR0587.litmus
       0
DETOUR0588.litmus
       0
DETOUR0589.litmus
       0
DETOUR0592.litmus
       0
DETOUR0593.litmus
       0
DETOUR0594.litmus
       0
DETOUR0595.litmus
       0
DETOUR0596.litmus
       0
DETOUR0597.litmus
       0
DETOUR0598.litmus
       0
DETOUR0599.litmus
       0
DETOUR0600.litmus
       0
DETOUR0601.litmus
       0
DETOUR0602.litmus
       0
DETOUR0607.litmus
       0
DETOUR0608.litmus
       0
DETOUR0609.litmus
       0
DETOUR0610.litmus
       0
DETOUR0611.litmus
       0
DETOUR0612.litmus
       0
DETOUR0613.litmus
       0
DETOUR0614.litmus
       0
DETOUR0615.litmus
       0
DETOUR0616.litmus
       0
DETOUR0617.litmus
       0
DETOUR0618.litmus
       0
DETOUR0619.litmus
       0
DETOUR0620.litmus
       0
DETOUR0621.litmus
       0
DETOUR0622.litmus
       0
DETOUR0623.litmus
       0
DETOUR0624.litmus
       0
DETOUR0625.litmus
       0
DETOUR0630.litmus
       0
DETOUR0631.litmus
       0
DETOUR0632.litmus
       0
DETOUR0633.litmus
       0
DETOUR0634.litmus
       0
DETOUR0635.litmus
       0
DETOUR0636.litmus
       0
DETOUR0637.litmus
       0
DETOUR0638.litmus
       0
DETOUR0639.litmus
       0
DETOUR0666.litmus
       1
DETOUR0667.litmus
       1
DETOUR0668.litmus
       0
DETOUR0669.litmus
       0
DETOUR0671.litmus
       1
DETOUR0672.litmus
       1
DETOUR0673.litmus
       0
DETOUR0674.litmus
       0
DETOUR0676.litmus
       0
DETOUR0677.litmus
       0
DETOUR0678.litmus
       0
DETOUR0680.litmus
       0
DETOUR0681.litmus
       0
DETOUR0683.litmus
       1
DETOUR0684.litmus
       1
DETOUR0685.litmus
       0
DETOUR0686.litmus
       0
DETOUR0687.litmus
       0
DETOUR0689.litmus
       0
DETOUR0690.litmus
       0
DETOUR0692.litmus
       1
DETOUR0693.litmus
       1
DETOUR0694.litmus
       0
DETOUR0696.litmus
