../litmus/2+2W+isync+po.litmus
       1
../litmus/2+2W+isyncs.litmus
       1
../litmus/2+2W+lwsync+isync.litmus
       1
../litmus/2+2W+lwsync+po.litmus
       1
../litmus/2+2W+lwsync+rfi-data.litmus
       1
../litmus/2+2W+lwsync+sync.litmus
       1
../litmus/2+2W+lwsyncs.litmus
       1
../litmus/2+2W+rfi-datas.litmus
       1
../litmus/2+2W+sync+isync.litmus
       1
../litmus/2+2W+sync+lwsync.litmus
       1
../litmus/2+2W+sync+po.litmus
       1
../litmus/2+2W+sync+rfi-data.litmus
       1
../litmus/2+2W+syncs.litmus
       1
../litmus/2+2W.litmus
       1
../litmus/3.2W+lwsync+lwsync+po.litmus
       1
../litmus/3.2W+lwsync+lwsync+rfi-data.litmus
       1
../litmus/3.2W+lwsync+po+po.litmus
       1
../litmus/3.2W+lwsync+rfi-data+rfi-data.litmus
       1
../litmus/3.2W+lwsync+sync+lwsync.litmus
       1
../litmus/3.2W+lwsync+sync+po.litmus
       1
../litmus/3.2W+lwsyncs.litmus
       1
../litmus/3.2W+rfi-datas.litmus
       1
../litmus/3.2W+sync+lwsync+lwsync.litmus
       1
../litmus/3.2W+sync+lwsync+po.litmus
       1
../litmus/3.2W+sync+lwsync+rfi-data.litmus
       1
../litmus/3.2W+sync+po+po.litmus
       1
../litmus/3.2W+sync+rfi-data+lwsync.litmus
       1
../litmus/3.2W+sync+rfi-data+rfi-data.litmus
       1
../litmus/3.2W+sync+sync+lwsync.litmus
       1
../litmus/3.2W+sync+sync+po.litmus
       1
../litmus/3.2W+sync+sync+rfi-data.litmus
       1
../litmus/3.2W+syncs.litmus
       1
../litmus/3.2W.litmus
       1
../litmus/3.LB+lwsync+lwsync+po.litmus
       0
../litmus/3.LB+lwsync+po+po.litmus
       0
../litmus/3.LB+lwsync+sync+lwsync.litmus
       1
../litmus/3.LB+lwsync+sync+po.litmus
       0
../litmus/3.LB+lwsyncs.litmus
       1
../litmus/3.LB+sync+lwsync+lwsync.litmus
       1
../litmus/3.LB+sync+lwsync+po.litmus
       0
../litmus/3.LB+sync+po+po.litmus
       0
../litmus/3.LB+sync+sync+lwsync.litmus
       1
../litmus/3.LB+sync+sync+po.litmus
       0
../litmus/3.LB+syncs.litmus
       1
../litmus/3.LB.litmus
       0
../litmus/3.SB+lwsync+lwsync+po.litmus
       1
../litmus/3.SB+lwsync+po+po.litmus
       1
../litmus/3.SB+lwsync+sync+lwsync.litmus
       1
../litmus/3.SB+lwsync+sync+po.litmus
       1
../litmus/3.SB+lwsyncs.litmus
       1
../litmus/3.SB+sync+lwsync+lwsync.litmus
       1
../litmus/3.SB+sync+lwsync+po.litmus
       1
../litmus/3.SB+sync+po+po.litmus
       1
../litmus/3.SB+sync+sync+lwsync.litmus
       1
../litmus/3.SB+sync+sync+po.litmus
       1
../litmus/3.SB+syncs.litmus
       1
../litmus/3.SB.litmus
       1
../litmus/CO-2+2W.litmus
       1
../litmus/CO-IRIW.litmus
       1
../litmus/CO-LB+fri+pos-fri.litmus
       1
../litmus/CO-LB.litmus
       1
../litmus/CO-MP+sync+po.litmus
       1
../litmus/CO-MP.litmus
       1
../litmus/CO-R+sync+po.litmus
       1
../litmus/CO-R.litmus
       1
../litmus/CO-S+sync+po.litmus
       1
../litmus/CO-S+wsi+pos-fri.litmus
       1
../litmus/CO-S.litmus
       1
../litmus/CO-SB.litmus
       1
../litmus/CO-SBI.litmus
       1
../litmus/CoRR5.litmus
       1
../litmus/CoWW2.litmus
       1
../litmus/DETOUR0158.litmus
       1
../litmus/DETOUR0160.litmus
       1
../litmus/DETOUR0161.litmus
       0
../litmus/DETOUR0162.litmus
       0
../litmus/DETOUR0163.litmus
       1
../litmus/DETOUR0165.litmus
       1
../litmus/DETOUR0166.litmus
       1
../litmus/DETOUR0167.litmus
       0
../litmus/DETOUR0169.litmus
       1
../litmus/DETOUR0170.litmus
       1
../litmus/DETOUR0171.litmus
       0
../litmus/DETOUR0173.litmus
       0
../litmus/DETOUR0175.litmus
       0
../litmus/DETOUR0176.litmus
       1
../litmus/DETOUR0177.litmus
       0
../litmus/DETOUR0178.litmus
       0
../litmus/DETOUR0179.litmus
       0
../litmus/DETOUR0181.litmus
       0
../litmus/DETOUR0182.litmus
       0
../litmus/DETOUR0183.litmus
       0
../litmus/DETOUR0189.litmus
       1
../litmus/DETOUR0190.litmus
       1
../litmus/DETOUR0191.litmus
       0
../litmus/DETOUR0193.litmus
       0
../litmus/DETOUR0195.litmus
       0
../litmus/DETOUR0196.litmus
       1
../litmus/DETOUR0197.litmus
       0
../litmus/DETOUR0198.litmus
       0
../litmus/DETOUR0199.litmus
       0
../litmus/DETOUR0201.litmus
       0
../litmus/DETOUR0202.litmus
       0
../litmus/DETOUR0204.litmus
       0
../litmus/DETOUR0205.litmus
       0
../litmus/DETOUR0206.litmus
       0
../litmus/DETOUR0208.litmus
       0
../litmus/DETOUR0236.litmus
       1
../litmus/DETOUR0237.litmus
       1
../litmus/DETOUR0238.litmus
       1
../litmus/DETOUR0239.litmus
       0
../litmus/DETOUR0241.litmus
       1
../litmus/DETOUR0242.litmus
       1
../litmus/DETOUR0243.litmus
       1
../litmus/DETOUR0244.litmus
       0
../litmus/DETOUR0246.litmus
       1
../litmus/DETOUR0247.litmus
       0
../litmus/DETOUR0248.litmus
       1
../litmus/DETOUR0250.litmus
       0
../litmus/DETOUR0251.litmus
       0
../litmus/DETOUR0253.litmus
       1
../litmus/DETOUR0254.litmus
       1
../litmus/DETOUR0255.litmus
       1
../litmus/DETOUR0256.litmus
       0
../litmus/DETOUR0257.litmus
       0
../litmus/DETOUR0259.litmus
       0
../litmus/DETOUR0260.litmus
       0
../litmus/DETOUR0262.litmus
       1
../litmus/DETOUR0263.litmus
       1
../litmus/DETOUR0264.litmus
       1
../litmus/DETOUR0265.litmus
       0
../litmus/DETOUR0267.litmus
       1
../litmus/DETOUR0268.litmus
       1
../litmus/DETOUR0269.litmus
       1
../litmus/DETOUR0270.litmus
       0
../litmus/DETOUR0272.litmus
       1
../litmus/DETOUR0273.litmus
       0
../litmus/DETOUR0274.litmus
       1
../litmus/DETOUR0276.litmus
       0
../litmus/DETOUR0277.litmus
       1
../litmus/DETOUR0279.litmus
       1
../litmus/DETOUR0280.litmus
       1
../litmus/DETOUR0281.litmus
       1
../litmus/DETOUR0282.litmus
       0
../litmus/DETOUR0283.litmus
       0
../litmus/DETOUR0285.litmus
       0
../litmus/DETOUR0286.litmus
       0
../litmus/DETOUR0288.litmus
       1
../litmus/DETOUR0289.litmus
       1
../litmus/DETOUR0290.litmus
       0
../litmus/DETOUR0292.litmus
       0
../litmus/DETOUR0294.litmus
       0
../litmus/DETOUR0295.litmus
       0
../litmus/DETOUR0296.litmus
       0
../litmus/DETOUR0298.litmus
       1
../litmus/DETOUR0299.litmus
       1
../litmus/DETOUR0300.litmus
       0
../litmus/DETOUR0302.litmus
       1
../litmus/DETOUR0303.litmus
       1
../litmus/DETOUR0304.litmus
       0
../litmus/DETOUR0306.litmus
       0
../litmus/DETOUR0308.litmus
       0
../litmus/DETOUR0310.litmus
       0
../litmus/DETOUR0311.litmus
       0
../litmus/DETOUR0312.litmus
       0
../litmus/DETOUR0314.litmus
       0
../litmus/DETOUR0316.litmus
       0
../litmus/DETOUR0317.litmus
       1
../litmus/DETOUR0318.litmus
       0
../litmus/DETOUR0319.litmus
       0
../litmus/DETOUR0321.litmus
       0
../litmus/DETOUR0322.litmus
       0
../litmus/DETOUR0323.litmus
       0
../litmus/DETOUR0325.litmus
       0
../litmus/DETOUR0326.litmus
       0
../litmus/DETOUR0327.litmus
       0
../litmus/DETOUR0328.litmus
       0
../litmus/DETOUR0330.litmus
       0
../litmus/DETOUR0331.litmus
       1
../litmus/DETOUR0332.litmus
       0
../litmus/DETOUR0333.litmus
       0
../litmus/DETOUR0335.litmus
       0
../litmus/DETOUR0336.litmus
       1
../litmus/DETOUR0337.litmus
       0
../litmus/DETOUR0338.litmus
       0
../litmus/DETOUR0340.litmus
       0
../litmus/DETOUR0341.litmus
       0
../litmus/DETOUR0342.litmus
       0
../litmus/DETOUR0344.litmus
       0
../litmus/DETOUR0345.litmus
       0
../litmus/DETOUR0347.litmus
       0
../litmus/DETOUR0348.litmus
       1
../litmus/DETOUR0349.litmus
       0
../litmus/DETOUR0350.litmus
       0
../litmus/DETOUR0351.litmus
       0
../litmus/DETOUR0353.litmus
       0
../litmus/DETOUR0354.litmus
       0
../litmus/DETOUR0359.litmus
       1
../litmus/DETOUR0360.litmus
       1
../litmus/DETOUR0361.litmus
       1
../litmus/DETOUR0362.litmus
       0
../litmus/DETOUR0363.litmus
       1
../litmus/DETOUR0364.litmus
       1
../litmus/DETOUR0365.litmus
       1
../litmus/DETOUR0366.litmus
       0
../litmus/DETOUR0367.litmus
       1
../litmus/DETOUR0368.litmus
       1
../litmus/DETOUR0369.litmus
       1
../litmus/DETOUR0370.litmus
       1
../litmus/DETOUR0371.litmus
       0
../litmus/DETOUR0372.litmus
       0
../litmus/DETOUR0373.litmus
       1
../litmus/DETOUR0374.litmus
       0
../litmus/DETOUR0379.litmus
       1
../litmus/DETOUR0380.litmus
       1
../litmus/DETOUR0381.litmus
       1
../litmus/DETOUR0382.litmus
       1
../litmus/DETOUR0383.litmus
       1
../litmus/DETOUR0384.litmus
       0
../litmus/DETOUR0385.litmus
       0
../litmus/DETOUR0386.litmus
       1
../litmus/DETOUR0387.litmus
       0
../litmus/DETOUR0388.litmus
       1
../litmus/DETOUR0389.litmus
       1
../litmus/DETOUR0411.litmus
       1
../litmus/DETOUR0412.litmus
       1
../litmus/DETOUR0413.litmus
       1
../litmus/DETOUR0414.litmus
       1
../litmus/DETOUR0415.litmus
       1
../litmus/DETOUR0416.litmus
       1
../litmus/DETOUR0417.litmus
       1
../litmus/DETOUR0418.litmus
       0
../litmus/DETOUR0421.litmus
       1
../litmus/DETOUR0422.litmus
       0
../litmus/DETOUR0423.litmus
       0
../litmus/DETOUR0424.litmus
       0
../litmus/DETOUR0425.litmus
       0
../litmus/DETOUR0426.litmus
       0
../litmus/DETOUR0427.litmus
       1
../litmus/DETOUR0428.litmus
       0
../litmus/DETOUR0429.litmus
       0
../litmus/DETOUR0430.litmus
       1
../litmus/DETOUR0431.litmus
       0
../litmus/DETOUR0432.litmus
       1
../litmus/DETOUR0433.litmus
       1
../litmus/DETOUR0434.litmus
       1
../litmus/DETOUR0435.litmus
       1
../litmus/DETOUR0436.litmus
       1
../litmus/DETOUR0437.litmus
       1
../litmus/DETOUR0438.litmus
       1
../litmus/DETOUR0439.litmus
       0
../litmus/DETOUR0442.litmus
       1
../litmus/DETOUR0443.litmus
       0
../litmus/DETOUR0444.litmus
       1
../litmus/DETOUR0445.litmus
       1
../litmus/DETOUR0446.litmus
       0
../litmus/DETOUR0447.litmus
       0
../litmus/DETOUR0448.litmus
       1
../litmus/DETOUR0449.litmus
       0
../litmus/DETOUR0450.litmus
       0
../litmus/DETOUR0451.litmus
       1
../litmus/DETOUR0452.litmus
       0
../litmus/DETOUR0453.litmus
       1
../litmus/DETOUR0454.litmus
       1
../litmus/DETOUR0457.litmus
       1
../litmus/DETOUR0458.litmus
       0
../litmus/DETOUR0459.litmus
       1
../litmus/DETOUR0460.litmus
       0
../litmus/DETOUR0461.litmus
       0
../litmus/DETOUR0462.litmus
       0
../litmus/DETOUR0463.litmus
       1
../litmus/DETOUR0464.litmus
       1
../litmus/DETOUR0465.litmus
       1
../litmus/DETOUR0468.litmus
       0
../litmus/DETOUR0469.litmus
       0
../litmus/DETOUR0470.litmus
       1
../litmus/DETOUR0471.litmus
       1
../litmus/DETOUR0472.litmus
       1
../litmus/DETOUR0473.litmus
       1
../litmus/DETOUR0474.litmus
       0
../litmus/DETOUR0475.litmus
       1
../litmus/DETOUR0476.litmus
       0
../litmus/DETOUR0479.litmus
       0
../litmus/DETOUR0480.litmus
       0
../litmus/DETOUR0481.litmus
       1
../litmus/DETOUR0482.litmus
       0
../litmus/DETOUR0483.litmus
       0
../litmus/DETOUR0484.litmus
       0
../litmus/DETOUR0485.litmus
       0
../litmus/DETOUR0486.litmus
       0
../litmus/DETOUR0487.litmus
       0
../litmus/DETOUR0488.litmus
       0
../litmus/DETOUR0489.litmus
       1
../litmus/DETOUR0490.litmus
       0
../litmus/DETOUR0491.litmus
       1
../litmus/DETOUR0492.litmus
       0
../litmus/DETOUR0493.litmus
       1
../litmus/DETOUR0494.litmus
       0
../litmus/DETOUR0497.litmus
       0
../litmus/DETOUR0498.litmus
       0
../litmus/DETOUR0499.litmus
       0
../litmus/DETOUR0500.litmus
       0
../litmus/DETOUR0501.litmus
       0
../litmus/DETOUR0502.litmus
       0
../litmus/DETOUR0503.litmus
       1
../litmus/DETOUR0504.litmus
       0
../litmus/DETOUR0505.litmus
       0
../litmus/DETOUR0506.litmus
       1
../litmus/DETOUR0507.litmus
       0
../litmus/DETOUR0527.litmus
       1
../litmus/DETOUR0528.litmus
       1
../litmus/DETOUR0529.litmus
       1
../litmus/DETOUR0530.litmus
       1
../litmus/DETOUR0531.litmus
       1
../litmus/DETOUR0532.litmus
       1
../litmus/DETOUR0533.litmus
       1
../litmus/DETOUR0534.litmus
       0
../litmus/DETOUR0537.litmus
       1
../litmus/DETOUR0538.litmus
       0
../litmus/DETOUR0539.litmus
       1
../litmus/DETOUR0540.litmus
       1
../litmus/DETOUR0541.litmus
       0
../litmus/DETOUR0542.litmus
       0
../litmus/DETOUR0543.litmus
       1
../litmus/DETOUR0544.litmus
       0
../litmus/DETOUR0545.litmus
       0
../litmus/DETOUR0546.litmus
       1
../litmus/DETOUR0547.litmus
       0
../litmus/DETOUR0548.litmus
       1
../litmus/DETOUR0549.litmus
       1
../litmus/DETOUR0552.litmus
       1
../litmus/DETOUR0553.litmus
       0
../litmus/DETOUR0554.litmus
       1
../litmus/DETOUR0555.litmus
       0
../litmus/DETOUR0556.litmus
       1
../litmus/DETOUR0557.litmus
       0
../litmus/DETOUR0558.litmus
       1
../litmus/DETOUR0559.litmus
       1
../litmus/DETOUR0560.litmus
       1
../litmus/DETOUR0563.litmus
       1
../litmus/DETOUR0564.litmus
       0
../litmus/DETOUR0565.litmus
       1
../litmus/DETOUR0566.litmus
       1
../litmus/DETOUR0567.litmus
       1
../litmus/DETOUR0568.litmus
       1
../litmus/DETOUR0569.litmus
       1
../litmus/DETOUR0570.litmus
       1
../litmus/DETOUR0571.litmus
       0
../litmus/DETOUR0574.litmus
       1
../litmus/DETOUR0575.litmus
       0
../litmus/DETOUR0576.litmus
       1
../litmus/DETOUR0577.litmus
       0
../litmus/DETOUR0578.litmus
       1
../litmus/DETOUR0579.litmus
       0
../litmus/DETOUR0580.litmus
       1
../litmus/DETOUR0581.litmus
       0
../litmus/DETOUR0582.litmus
       1
../litmus/DETOUR0583.litmus
       1
../litmus/DETOUR0584.litmus
       1
../litmus/DETOUR0585.litmus
       1
../litmus/DETOUR0586.litmus
       1
../litmus/DETOUR0587.litmus
       1
../litmus/DETOUR0588.litmus
       1
../litmus/DETOUR0589.litmus
       0
../litmus/DETOUR0592.litmus
       1
../litmus/DETOUR0593.litmus
       0
../litmus/DETOUR0594.litmus
       0
../litmus/DETOUR0595.litmus
       0
../litmus/DETOUR0596.litmus
       1
../litmus/DETOUR0597.litmus
       0
../litmus/DETOUR0598.litmus
       0
../litmus/DETOUR0599.litmus
       1
../litmus/DETOUR0600.litmus
       0
../litmus/DETOUR0601.litmus
       1
../litmus/DETOUR0602.litmus
       1
../litmus/DETOUR0607.litmus
       1
../litmus/DETOUR0608.litmus
       1
../litmus/DETOUR0609.litmus
       1
../litmus/DETOUR0610.litmus
       0
../litmus/DETOUR0611.litmus
       1
../litmus/DETOUR0612.litmus
       1
../litmus/DETOUR0613.litmus
       1
../litmus/DETOUR0614.litmus
       0
../litmus/DETOUR0615.litmus
       1
../litmus/DETOUR0616.litmus
       1
../litmus/DETOUR0617.litmus
       1
../litmus/DETOUR0618.litmus
       1
../litmus/DETOUR0619.litmus
       1
../litmus/DETOUR0620.litmus
       1
../litmus/DETOUR0621.litmus
       1
../litmus/DETOUR0622.litmus
       0
../litmus/DETOUR0623.litmus
       1
../litmus/DETOUR0624.litmus
       1
../litmus/DETOUR0625.litmus
       1
../litmus/DETOUR0630.litmus
       1
../litmus/DETOUR0631.litmus
       1
../litmus/DETOUR0632.litmus
       1
../litmus/DETOUR0633.litmus
       1
../litmus/DETOUR0634.litmus
       1
../litmus/DETOUR0635.litmus
       1
../litmus/DETOUR0636.litmus
       1
../litmus/DETOUR0637.litmus
       1
../litmus/DETOUR0638.litmus
       0
../litmus/DETOUR0639.litmus
       1
../litmus/DETOUR0666.litmus
       1
../litmus/DETOUR0667.litmus
       1
../litmus/DETOUR0668.litmus
       1
../litmus/DETOUR0669.litmus
       1
../litmus/DETOUR0671.litmus
       1
../litmus/DETOUR0672.litmus
       1
../litmus/DETOUR0673.litmus
       1
../litmus/DETOUR0674.litmus
       1
../litmus/DETOUR0676.litmus
       1
../litmus/DETOUR0677.litmus
       1
../litmus/DETOUR0678.litmus
       1
../litmus/DETOUR0680.litmus
       1
../litmus/DETOUR0681.litmus
       1
../litmus/DETOUR0683.litmus
       1
../litmus/DETOUR0684.litmus
       1
../litmus/DETOUR0685.litmus
       1
../litmus/DETOUR0686.litmus
       1
../litmus/DETOUR0687.litmus
       1
../litmus/DETOUR0689.litmus
       1
../litmus/DETOUR0690.litmus
       1
../litmus/DETOUR0692.litmus
       1
../litmus/DETOUR0693.litmus
       1
../litmus/DETOUR0694.litmus
       1
../litmus/DETOUR0696.litmus
       1
../litmus/DETOUR0698.litmus
       1
../litmus/DETOUR0699.litmus
       1
../litmus/DETOUR0700.litmus
       1
../litmus/DETOUR0702.litmus
       1
../litmus/DETOUR0703.litmus
       1
../litmus/DETOUR0704.litmus
       1
../litmus/DETOUR0706.litmus
       1
../litmus/DETOUR0707.litmus
       1
../litmus/DETOUR0708.litmus
       1
../litmus/DETOUR0710.litmus
       1
../litmus/DETOUR0712.litmus
       1
../litmus/DETOUR0714.litmus
       1
../litmus/DETOUR0715.litmus
       1
../litmus/DETOUR0716.litmus
       1
../litmus/DETOUR0718.litmus
       1
../litmus/DETOUR0720.litmus
       1
../litmus/DETOUR0721.litmus
       1
../litmus/DETOUR0722.litmus
       1
../litmus/DETOUR0723.litmus
       1
../litmus/DETOUR0725.litmus
       1
../litmus/DETOUR0726.litmus
       1
../litmus/DETOUR0727.litmus
       1
../litmus/DETOUR0729.litmus
       1
../litmus/DETOUR0730.litmus
       1
../litmus/DETOUR0731.litmus
       1
../litmus/DETOUR0732.litmus
       1
../litmus/DETOUR0734.litmus
       1
../litmus/DETOUR0735.litmus
       1
../litmus/DETOUR0736.litmus
       1
../litmus/DETOUR0737.litmus
       1
../litmus/DETOUR0739.litmus
       1
../litmus/DETOUR0740.litmus
       1
../litmus/DETOUR0741.litmus
       1
../litmus/DETOUR0742.litmus
       1
../litmus/DETOUR0744.litmus
       1
../litmus/DETOUR0745.litmus
       1
../litmus/DETOUR0746.litmus
       1
../litmus/DETOUR0748.litmus
       1
../litmus/DETOUR0750.litmus
       1
../litmus/DETOUR0751.litmus
       1
../litmus/DETOUR0752.litmus
       1
../litmus/DETOUR0753.litmus
       1
../litmus/DETOUR0754.litmus
       1
../litmus/DETOUR0756.litmus
       1
../litmus/DETOUR0757.litmus
       1
../litmus/DETOUR0759.litmus
       1
../litmus/DETOUR0760.litmus
       1
../litmus/DETOUR0761.litmus
       1
../litmus/DETOUR0763.litmus
       1
../litmus/DETOUR0769.litmus
       1
../litmus/DETOUR0771.litmus
       1
../litmus/DETOUR0772.litmus
       1
../litmus/DETOUR0773.litmus
       1
../litmus/DETOUR0774.litmus
       1
../litmus/DETOUR0776.litmus
       1
../litmus/DETOUR0777.litmus
       1
../litmus/DETOUR0778.litmus
       1
../litmus/DETOUR0780.litmus
       1
../litmus/DETOUR0781.litmus
       1
../litmus/DETOUR0782.litmus
       1
../litmus/DETOUR0784.litmus
       1
../litmus/DETOUR0786.litmus
       1
../litmus/DETOUR0787.litmus
       1
../litmus/DETOUR0788.litmus
       1
../litmus/DETOUR0789.litmus
       1
../litmus/DETOUR0790.litmus
       1
../litmus/DETOUR0792.litmus
       1
../litmus/DETOUR0793.litmus
       1
../litmus/DETOUR0794.litmus
       1
../litmus/DETOUR0796.litmus
       1
../litmus/DETOUR0797.litmus
       1
../litmus/DETOUR0798.litmus
       1
../litmus/DETOUR0800.litmus
       1
../litmus/DETOUR0801.litmus
       1
../litmus/DETOUR0802.litmus
       1
../litmus/DETOUR0804.litmus
       1
../litmus/DETOUR0810.litmus
       1
../litmus/DETOUR0811.litmus
       1
../litmus/DETOUR0812.litmus
       1
../litmus/DETOUR0814.litmus
       1
../litmus/DETOUR0816.litmus
       1
../litmus/DETOUR0817.litmus
       1
../litmus/DETOUR0818.litmus
       1
../litmus/DETOUR0819.litmus
       1
../litmus/DETOUR0820.litmus
       1
../litmus/DETOUR0822.litmus
       1
../litmus/DETOUR0823.litmus
       1
../litmus/DETOUR0825.litmus
       1
../litmus/DETOUR0826.litmus
       1
../litmus/DETOUR0827.litmus
       1
../litmus/DETOUR0847.litmus
       1
../litmus/DETOUR0848.litmus
       1
../litmus/DETOUR0849.litmus
       1
../litmus/DETOUR0850.litmus
       1
../litmus/DETOUR0851.litmus
       1
../litmus/DETOUR0852.litmus
       1
../litmus/DETOUR0853.litmus
       1
../litmus/DETOUR0854.litmus
       0
../litmus/DETOUR0857.litmus
       1
../litmus/DETOUR0858.litmus
       0
../litmus/DETOUR0859.litmus
       1
../litmus/DETOUR0860.litmus
       1
../litmus/DETOUR0861.litmus
       0
../litmus/DETOUR0862.litmus
       0
../litmus/DETOUR0863.litmus
       1
../litmus/DETOUR0864.litmus
       0
../litmus/DETOUR0865.litmus
       0
../litmus/DETOUR0866.litmus
       1
../litmus/DETOUR0867.litmus
       0
../litmus/DETOUR0868.litmus
       1
../litmus/DETOUR0869.litmus
       1
../litmus/DETOUR0872.litmus
       1
../litmus/DETOUR0873.litmus
       0
../litmus/DETOUR0874.litmus
       1
../litmus/DETOUR0875.litmus
       0
../litmus/DETOUR0876.litmus
       1
../litmus/DETOUR0877.litmus
       0
../litmus/DETOUR0878.litmus
       1
../litmus/DETOUR0879.litmus
       1
../litmus/DETOUR0880.litmus
       1
../litmus/DETOUR0883.litmus
       1
../litmus/DETOUR0884.litmus
       0
../litmus/DETOUR0885.litmus
       1
../litmus/DETOUR0886.litmus
       1
../litmus/DETOUR0887.litmus
       1
../litmus/DETOUR0888.litmus
       1
../litmus/DETOUR0889.litmus
       1
../litmus/DETOUR0890.litmus
       1
../litmus/DETOUR0891.litmus
       0
../litmus/DETOUR0894.litmus
       1
../litmus/DETOUR0895.litmus
       0
../litmus/DETOUR0896.litmus
       1
../litmus/DETOUR0897.litmus
       0
../litmus/DETOUR0898.litmus
       1
../litmus/DETOUR0899.litmus
       0
../litmus/DETOUR0900.litmus
       1
../litmus/DETOUR0901.litmus
       0
../litmus/DETOUR0902.litmus
       1
../litmus/DETOUR0903.litmus
       1
../litmus/DETOUR0904.litmus
       1
../litmus/DETOUR0905.litmus
       1
../litmus/DETOUR0906.litmus
       1
../litmus/DETOUR0907.litmus
       1
../litmus/DETOUR0908.litmus
       1
../litmus/DETOUR0909.litmus
       0
../litmus/DETOUR0912.litmus
       1
../litmus/DETOUR0913.litmus
       0
../litmus/DETOUR0914.litmus
       0
../litmus/DETOUR0915.litmus
       0
../litmus/DETOUR0916.litmus
       1
../litmus/DETOUR0917.litmus
       0
../litmus/DETOUR0918.litmus
       0
../litmus/DETOUR0919.litmus
       1
../litmus/DETOUR0920.litmus
       0
../litmus/DETOUR0921.litmus
       1
../litmus/DETOUR0922.litmus
       1
../litmus/DETOUR0927.litmus
       1
../litmus/DETOUR0928.litmus
       1
../litmus/DETOUR0929.litmus
       1
../litmus/DETOUR0930.litmus
       0
../litmus/DETOUR0931.litmus
       1
../litmus/DETOUR0932.litmus
       1
../litmus/DETOUR0933.litmus
       1
../litmus/DETOUR0934.litmus
       0
../litmus/DETOUR0935.litmus
       1
../litmus/DETOUR0936.litmus
       1
../litmus/DETOUR0937.litmus
       1
../litmus/DETOUR0938.litmus
       1
../litmus/DETOUR0939.litmus
       1
../litmus/DETOUR0940.litmus
       1
../litmus/DETOUR0941.litmus
       1
../litmus/DETOUR0942.litmus
       0
../litmus/DETOUR0943.litmus
       1
../litmus/DETOUR0944.litmus
       1
../litmus/DETOUR0945.litmus
       1
../litmus/DETOUR0950.litmus
       1
../litmus/DETOUR0951.litmus
       1
../litmus/DETOUR0952.litmus
       1
../litmus/DETOUR0953.litmus
       1
../litmus/DETOUR0954.litmus
       1
../litmus/DETOUR0955.litmus
       1
../litmus/DETOUR0956.litmus
       1
../litmus/DETOUR0957.litmus
       1
../litmus/DETOUR0958.litmus
       0
../litmus/DETOUR0959.litmus
       1
../litmus/DETOUR0981.litmus
       1
../litmus/DETOUR0982.litmus
       1
../litmus/DETOUR0983.litmus
       1
../litmus/DETOUR0984.litmus
       1
../litmus/DETOUR0985.litmus
       1
../litmus/DETOUR0986.litmus
       1
../litmus/DETOUR0987.litmus
       1
../litmus/DETOUR0988.litmus
       0
../litmus/DETOUR0991.litmus
       1
../litmus/DETOUR0992.litmus
       0
../litmus/DETOUR0993.litmus
       1
../litmus/DETOUR0994.litmus
       0
../litmus/DETOUR0995.litmus
       0
../litmus/DETOUR0996.litmus
       0
../litmus/DETOUR0997.litmus
       1
../litmus/DETOUR0998.litmus
       0
../litmus/DETOUR0999.litmus
       0
../litmus/DETOUR1000.litmus
       1
../litmus/DETOUR1001.litmus
       0
../litmus/DETOUR1002.litmus
       1
../litmus/DETOUR1003.litmus
       1
../litmus/DETOUR1004.litmus
       1
../litmus/DETOUR1005.litmus
       1
../litmus/DETOUR1006.litmus
       1
../litmus/DETOUR1007.litmus
       1
../litmus/DETOUR1008.litmus
       1
../litmus/DETOUR1009.litmus
       0
../litmus/DETOUR1012.litmus
       1
../litmus/DETOUR1013.litmus
       0
../litmus/DETOUR1014.litmus
       1
../litmus/DETOUR1015.litmus
       1
../litmus/DETOUR1016.litmus
       0
../litmus/DETOUR1017.litmus
       0
../litmus/DETOUR1018.litmus
       1
../litmus/DETOUR1019.litmus
       0
../litmus/DETOUR1020.litmus
       0
../litmus/DETOUR1021.litmus
       1
../litmus/DETOUR1022.litmus
       0
../litmus/DETOUR1023.litmus
       1
../litmus/DETOUR1024.litmus
       1
../litmus/DETOUR1027.litmus
       1
../litmus/DETOUR1028.litmus
       0
../litmus/DETOUR1029.litmus
       1
../litmus/DETOUR1030.litmus
       0
../litmus/DETOUR1031.litmus
       1
../litmus/DETOUR1032.litmus
       0
../litmus/DETOUR1033.litmus
       1
../litmus/DETOUR1034.litmus
       1
../litmus/DETOUR1035.litmus
       1
../litmus/DETOUR1038.litmus
       1
../litmus/DETOUR1039.litmus
       0
../litmus/DETOUR1040.litmus
       1
../litmus/DETOUR1041.litmus
       1
../litmus/DETOUR1042.litmus
       1
../litmus/DETOUR1043.litmus
       1
../litmus/DETOUR1044.litmus
       1
../litmus/DETOUR1045.litmus
       1
../litmus/DETOUR1046.litmus
       0
../litmus/DETOUR1049.litmus
       1
../litmus/DETOUR1050.litmus
       0
../litmus/DETOUR1051.litmus
       1
../litmus/DETOUR1052.litmus
       0
../litmus/DETOUR1053.litmus
       1
../litmus/DETOUR1054.litmus
       0
../litmus/DETOUR1055.litmus
       1
../litmus/DETOUR1056.litmus
       0
../litmus/DETOUR1057.litmus
       1
../litmus/DETOUR1058.litmus
       1
../litmus/DETOUR1059.litmus
       1
../litmus/DETOUR1060.litmus
       1
../litmus/DETOUR1061.litmus
       1
../litmus/DETOUR1062.litmus
       1
../litmus/DETOUR1063.litmus
       1
../litmus/DETOUR1064.litmus
       0
../litmus/DETOUR1067.litmus
       1
../litmus/DETOUR1068.litmus
       0
../litmus/DETOUR1069.litmus
       1
../litmus/DETOUR1070.litmus
       0
../litmus/DETOUR1071.litmus
       0
../litmus/DETOUR1072.litmus
       0
../litmus/DETOUR1073.litmus
       1
../litmus/DETOUR1074.litmus
       0
../litmus/DETOUR1075.litmus
       0
../litmus/DETOUR1076.litmus
       1
../litmus/DETOUR1077.litmus
       0
../litmus/DETOUR1105.litmus
       1
../litmus/DETOUR1106.litmus
       1
../litmus/DETOUR1107.litmus
       1
../litmus/DETOUR1108.litmus
       1
../litmus/DETOUR1110.litmus
       1
../litmus/DETOUR1111.litmus
       1
../litmus/DETOUR1112.litmus
       1
../litmus/DETOUR1113.litmus
       1
../litmus/DETOUR1115.litmus
       1
../litmus/DETOUR1116.litmus
       1
../litmus/DETOUR1117.litmus
       1
../litmus/DETOUR1119.litmus
       1
../litmus/DETOUR1120.litmus
       1
../litmus/DETOUR1122.litmus
       1
../litmus/DETOUR1123.litmus
       1
../litmus/DETOUR1124.litmus
       1
../litmus/DETOUR1125.litmus
       1
../litmus/DETOUR1126.litmus
       1
../litmus/DETOUR1128.litmus
       1
../litmus/DETOUR1129.litmus
       1
../litmus/DETOUR1131.litmus
       1
../litmus/DETOUR1132.litmus
       1
../litmus/DETOUR1133.litmus
       1
../litmus/DETOUR1134.litmus
       1
../litmus/DETOUR1136.litmus
       1
../litmus/DETOUR1137.litmus
       1
../litmus/DETOUR1138.litmus
       1
../litmus/DETOUR1139.litmus
       1
../litmus/DETOUR1141.litmus
       1
../litmus/DETOUR1142.litmus
       1
../litmus/DETOUR1143.litmus
       1
../litmus/DETOUR1145.litmus
       1
../litmus/DETOUR1146.litmus
       1
../litmus/DETOUR1148.litmus
       1
../litmus/DETOUR1149.litmus
       1
../litmus/DETOUR1150.litmus
       1
../litmus/DETOUR1151.litmus
       1
../litmus/DETOUR1152.litmus
       1
../litmus/DETOUR1154.litmus
       1
../litmus/DETOUR1155.litmus
       1
../litmus/DETOUR1157.litmus
       1
../litmus/DETOUR1158.litmus
       1
../litmus/DETOUR1159.litmus
       1
../litmus/DETOUR1161.litmus
       1
../litmus/DETOUR1163.litmus
       1
../litmus/DETOUR1164.litmus
       1
../litmus/DETOUR1165.litmus
       1
../litmus/DETOUR1167.litmus
       1
../litmus/DETOUR1168.litmus
       1
../litmus/DETOUR1169.litmus
       1
../litmus/DETOUR1171.litmus
       1
../litmus/DETOUR1172.litmus
       1
../litmus/DETOUR1173.litmus
       1
../litmus/DETOUR1175.litmus
       1
../litmus/DETOUR1177.litmus
       1
../litmus/DETOUR1179.litmus
       1
../litmus/DETOUR1180.litmus
       1
../litmus/DETOUR1181.litmus
       1
../litmus/DETOUR1183.litmus
       1
../litmus/DETOUR1185.litmus
       1
../litmus/DETOUR1186.litmus
       1
../litmus/DETOUR1187.litmus
       1
../litmus/DETOUR1188.litmus
       1
../litmus/DETOUR1190.litmus
       1
../litmus/DETOUR1191.litmus
       1
../litmus/DETOUR1192.litmus
       1
../litmus/DETOUR1194.litmus
       1
../litmus/DETOUR1195.litmus
       1
../litmus/DETOUR1196.litmus
       1
../litmus/DETOUR1197.litmus
       1
../litmus/DETOUR1199.litmus
       1
../litmus/DETOUR1200.litmus
       1
../litmus/DETOUR1201.litmus
       1
../litmus/DETOUR1202.litmus
       1
../litmus/DETOUR1204.litmus
       1
../litmus/DETOUR1205.litmus
       1
../litmus/DETOUR1206.litmus
       1
../litmus/DETOUR1207.litmus
       1
../litmus/DETOUR1209.litmus
       1
../litmus/DETOUR1210.litmus
       1
../litmus/DETOUR1211.litmus
       1
../litmus/DETOUR1213.litmus
       1
../litmus/DETOUR1214.litmus
       1
../litmus/DETOUR1216.litmus
       1
../litmus/DETOUR1217.litmus
       1
../litmus/DETOUR1218.litmus
       1
../litmus/DETOUR1219.litmus
       1
../litmus/DETOUR1220.litmus
       1
../litmus/DETOUR1222.litmus
       1
../litmus/DETOUR1223.litmus
       1
../litmus/DETOUR1245.litmus
       1
../litmus/DETOUR1246.litmus
       1
../litmus/DETOUR1247.litmus
       1
../litmus/DETOUR1248.litmus
       1
../litmus/DETOUR1249.litmus
       1
../litmus/DETOUR1250.litmus
       1
../litmus/DETOUR1251.litmus
       1
../litmus/DETOUR1252.litmus
       0
../litmus/DETOUR1255.litmus
       1
../litmus/DETOUR1256.litmus
       0
../litmus/DETOUR1257.litmus
       1
../litmus/DETOUR1258.litmus
       0
../litmus/DETOUR1259.litmus
       0
../litmus/DETOUR1260.litmus
       0
../litmus/DETOUR1261.litmus
       1
../litmus/DETOUR1262.litmus
       0
../litmus/DETOUR1263.litmus
       0
../litmus/DETOUR1264.litmus
       1
../litmus/DETOUR1265.litmus
       0
../litmus/DETOUR1266.litmus
       1
../litmus/DETOUR1267.litmus
       1
../litmus/DETOUR1268.litmus
       1
../litmus/DETOUR1269.litmus
       1
../litmus/DETOUR1270.litmus
       1
../litmus/DETOUR1271.litmus
       1
../litmus/DETOUR1272.litmus
       1
../litmus/DETOUR1273.litmus
       0
../litmus/DETOUR1276.litmus
       1
../litmus/DETOUR1277.litmus
       0
../litmus/DETOUR1278.litmus
       1
../litmus/DETOUR1279.litmus
       1
../litmus/DETOUR1280.litmus
       0
../litmus/DETOUR1281.litmus
       0
../litmus/DETOUR1282.litmus
       1
../litmus/DETOUR1283.litmus
       0
../litmus/DETOUR1284.litmus
       0
../litmus/DETOUR1285.litmus
       1
../litmus/DETOUR1286.litmus
       0
../litmus/DETOUR1287.litmus
       1
../litmus/DETOUR1288.litmus
       1
../litmus/DETOUR1291.litmus
       1
../litmus/DETOUR1292.litmus
       0
../litmus/DETOUR1293.litmus
       1
../litmus/DETOUR1294.litmus
       0
../litmus/DETOUR1295.litmus
       1
../litmus/DETOUR1296.litmus
       0
../litmus/DETOUR1297.litmus
       1
../litmus/DETOUR1298.litmus
       1
../litmus/DETOUR1299.litmus
       1
../litmus/DETOUR1302.litmus
       1
../litmus/DETOUR1303.litmus
       0
../litmus/DETOUR1304.litmus
       1
../litmus/DETOUR1305.litmus
       1
../litmus/DETOUR1306.litmus
       1
../litmus/DETOUR1307.litmus
       1
../litmus/DETOUR1308.litmus
       1
../litmus/DETOUR1309.litmus
       1
../litmus/DETOUR1310.litmus
       0
../litmus/DETOUR1313.litmus
       1
../litmus/DETOUR1314.litmus
       0
../litmus/DETOUR1315.litmus
       1
../litmus/DETOUR1316.litmus
       0
../litmus/DETOUR1317.litmus
       1
../litmus/DETOUR1318.litmus
       0
../litmus/DETOUR1319.litmus
       1
../litmus/DETOUR1320.litmus
       0
../litmus/DETOUR1321.litmus
       1
../litmus/DETOUR1322.litmus
       1
../litmus/DETOUR1323.litmus
       1
../litmus/DETOUR1324.litmus
       1
../litmus/DETOUR1325.litmus
       1
../litmus/DETOUR1326.litmus
       1
../litmus/DETOUR1327.litmus
       1
../litmus/DETOUR1328.litmus
       0
../litmus/DETOUR1331.litmus
       1
../litmus/DETOUR1332.litmus
       0
../litmus/DETOUR1333.litmus
       1
../litmus/DETOUR1334.litmus
       0
../litmus/DETOUR1335.litmus
       0
../litmus/DETOUR1336.litmus
       0
../litmus/DETOUR1337.litmus
       1
../litmus/DETOUR1338.litmus
       0
../litmus/DETOUR1339.litmus
       0
../litmus/DETOUR1340.litmus
       1
../litmus/DETOUR1341.litmus
       0
../litmus/DataRW.litmus
       0
../litmus/DataWW.litmus
       0
../litmus/IRIW+ctrl+po.litmus
       0
../litmus/IRIW+ctrlisync+ctrl.litmus
       0
../litmus/IRIW+ctrlisync+po.litmus
       0
../litmus/IRIW+ctrlisyncs.litmus
       0
../litmus/IRIW+ctrls.litmus
       0
../litmus/IRIW+isync+ctrl.litmus
       0
../litmus/IRIW+isync+ctrlisync.litmus
       0
../litmus/IRIW+isync+po.litmus
       0
../litmus/IRIW+isyncs.litmus
       0
../litmus/IRIW+lwsync+ctrl.litmus
       0
../litmus/IRIW+lwsync+ctrlisync.litmus
       0
../litmus/IRIW+lwsync+isync.litmus
       0
../litmus/IRIW+lwsync+po.litmus
       0
../litmus/IRIW+lwsync+sync.litmus
       0
../litmus/IRIW+lwsyncs.litmus
       0
../litmus/IRIW+sync+ctrl.litmus
       0
../litmus/IRIW+sync+ctrlisync.litmus
       0
../litmus/IRIW+sync+isync.litmus
       0
../litmus/IRIW+sync+po.litmus
       0
../litmus/IRIW+syncs.litmus
       1
../litmus/IRIW.litmus
       0
../litmus/IRRWIW+lwsync+po.litmus
       0
../litmus/IRRWIW+lwsync+sync.litmus
       0
../litmus/IRRWIW+lwsyncs.litmus
       0
../litmus/IRRWIW+po+lwsync.litmus
       0
../litmus/IRRWIW+po+sync.litmus
       0
../litmus/IRRWIW+sync+lwsync.litmus
       0
../litmus/IRRWIW+sync+po.litmus
       0
../litmus/IRRWIW+syncs.litmus
       1
../litmus/IRRWIW.litmus
       0
../litmus/IRWIW+lwsync+po.litmus
       0
../litmus/IRWIW+lwsyncs.litmus
       1
../litmus/IRWIW+sync+lwsync.litmus
       1
../litmus/IRWIW+sync+po.litmus
       0
../litmus/IRWIW+syncs.litmus
       1
../litmus/IRWIW.litmus
       0
../litmus/ISA2+lwsync+ctrl+ctrl.litmus
       1
../litmus/ISA2+lwsync+ctrl+ctrlisync.litmus
       1
../litmus/ISA2+lwsync+ctrl+isync.litmus
       1
../litmus/ISA2+lwsync+ctrl+lwsync.litmus
       1
../litmus/ISA2+lwsync+ctrl+po.litmus
       1
../litmus/ISA2+lwsync+ctrl+sync.litmus
       1
../litmus/ISA2+lwsync+ctrlisync+ctrl.litmus
       1
../litmus/ISA2+lwsync+ctrlisync+ctrlisync.litmus
       1
../litmus/ISA2+lwsync+ctrlisync+isync.litmus
       1
../litmus/ISA2+lwsync+ctrlisync+lwsync.litmus
       1
../litmus/ISA2+lwsync+ctrlisync+po.litmus
       1
../litmus/ISA2+lwsync+ctrlisync+sync.litmus
       1
../litmus/ISA2+lwsync+data+ctrl.litmus
       1
../litmus/ISA2+lwsync+data+ctrlisync.litmus
       1
../litmus/ISA2+lwsync+data+isync.litmus
       1
../litmus/ISA2+lwsync+data+lwsync.litmus
       1
../litmus/ISA2+lwsync+data+po.litmus
       1
../litmus/ISA2+lwsync+data+sync.litmus
       1
../litmus/ISA2+lwsync+isync+ctrl.litmus
       1
../litmus/ISA2+lwsync+isync+ctrlisync.litmus
       1
../litmus/ISA2+lwsync+isync+isync.litmus
       1
../litmus/ISA2+lwsync+isync+lwsync.litmus
       1
../litmus/ISA2+lwsync+isync+po.litmus
       1
../litmus/ISA2+lwsync+isync+sync.litmus
       1
../litmus/ISA2+lwsync+lwsync+ctrl.litmus
       1
../litmus/ISA2+lwsync+lwsync+ctrlisync.litmus
       1
../litmus/ISA2+lwsync+lwsync+isync.litmus
       1
../litmus/ISA2+lwsync+lwsync+po.litmus
       1
../litmus/ISA2+lwsync+lwsync+sync.litmus
       1
../litmus/ISA2+lwsync+po+ctrl.litmus
       1
../litmus/ISA2+lwsync+po+ctrlisync.litmus
       1
../litmus/ISA2+lwsync+po+isync.litmus
       1
../litmus/ISA2+lwsync+po+lwsync.litmus
       1
../litmus/ISA2+lwsync+po+po.litmus
       1
../litmus/ISA2+lwsync+po+sync.litmus
       1
../litmus/ISA2+lwsync+sync+ctrl.litmus
       1
../litmus/ISA2+lwsync+sync+ctrlisync.litmus
       1
../litmus/ISA2+lwsync+sync+isync.litmus
       1
../litmus/ISA2+lwsync+sync+lwsync.litmus
       1
../litmus/ISA2+lwsync+sync+po.litmus
       1
../litmus/ISA2+lwsync+sync+sync.litmus
       1
../litmus/ISA2+lwsyncs.litmus
       1
../litmus/ISA2+rfi-data+data+lwsync.litmus
       1
../litmus/ISA2+rfi-data+data+sync.litmus
       1
../litmus/ISA2+rfi-data+lwsync+lwsync.litmus
       1
../litmus/ISA2+rfi-data+lwsync+sync.litmus
       1
../litmus/ISA2+rfi-data+sync+lwsync.litmus
       1
../litmus/ISA2+rfi-data+sync+sync.litmus
       1
../litmus/ISA2+sync+ctrl+ctrl.litmus
       0
../litmus/ISA2+sync+ctrl+ctrlisync.litmus
       1
../litmus/ISA2+sync+ctrl+isync.litmus
       0
../litmus/ISA2+sync+ctrl+lwsync.litmus
       1
../litmus/ISA2+sync+ctrl+po.litmus
       0
../litmus/ISA2+sync+ctrl+sync.litmus
       1
../litmus/ISA2+sync+ctrlisync+ctrl.litmus
       0
../litmus/ISA2+sync+ctrlisync+ctrlisync.litmus
       1
../litmus/ISA2+sync+ctrlisync+isync.litmus
       0
../litmus/ISA2+sync+ctrlisync+lwsync.litmus
       1
../litmus/ISA2+sync+ctrlisync+po.litmus
       0
../litmus/ISA2+sync+ctrlisync+sync.litmus
       1
../litmus/ISA2+sync+data+ctrl.litmus
       0
../litmus/ISA2+sync+data+ctrlisync.litmus
       1
../litmus/ISA2+sync+data+isync.litmus
       0
../litmus/ISA2+sync+data+lwsync.litmus
       1
../litmus/ISA2+sync+data+po.litmus
       0
../litmus/ISA2+sync+data+sync.litmus
       1
../litmus/ISA2+sync+isync+ctrl.litmus
       0
../litmus/ISA2+sync+isync+ctrlisync.litmus
       0
../litmus/ISA2+sync+isync+isync.litmus
       0
../litmus/ISA2+sync+isync+lwsync.litmus
       0
../litmus/ISA2+sync+isync+po.litmus
       0
../litmus/ISA2+sync+isync+sync.litmus
       0
../litmus/ISA2+sync+lwsync+ctrl.litmus
       0
../litmus/ISA2+sync+lwsync+ctrlisync.litmus
       1
../litmus/ISA2+sync+lwsync+isync.litmus
       0
../litmus/ISA2+sync+lwsync+lwsync.litmus
       1
../litmus/ISA2+sync+lwsync+po.litmus
       0
../litmus/ISA2+sync+lwsync+sync.litmus
       1
../litmus/ISA2+sync+po+ctrl.litmus
       0
../litmus/ISA2+sync+po+ctrlisync.litmus
       0
../litmus/ISA2+sync+po+isync.litmus
       0
../litmus/ISA2+sync+po+lwsync.litmus
       0
../litmus/ISA2+sync+po+po.litmus
       0
../litmus/ISA2+sync+po+sync.litmus
       0
../litmus/ISA2+sync+sync+ctrl.litmus
       0
../litmus/ISA2+sync+sync+ctrlisync.litmus
       1
../litmus/ISA2+sync+sync+isync.litmus
       0
../litmus/ISA2+sync+sync+lwsync.litmus
       1
../litmus/ISA2+sync+sync+po.litmus
       0
../litmus/ISA2+syncs.litmus
       1
../litmus/LB+PPO0139.litmus
       0
../litmus/LB+PPO0169.litmus
       0
../litmus/LB+PPO0173.litmus
       0
../litmus/LB+PPO0174.litmus
       1
../litmus/LB+PPO0175.litmus
       0
../litmus/LB+PPO0177.litmus
       1
../litmus/LB+PPO0181.litmus
       1
../litmus/LB+PPO0182.litmus
       1
../litmus/LB+PPO0183.litmus
       1
../litmus/LB+PPO0188.litmus
       0
../litmus/LB+PPO0190.litmus
       0
../litmus/LB+PPO0191.litmus
       1
../litmus/LB+PPO0193.litmus
       1
../litmus/LB+PPO0196.litmus
       0
../litmus/LB+PPO0198.litmus
       0
../litmus/LB+PPO0208.litmus
       0
../litmus/LB+PPO0210.litmus
       0
../litmus/LB+PPO0211.litmus
       1
../litmus/LB+PPO0213.litmus
       1
../litmus/LB+PPO0215.litmus
       0
../litmus/LB+PPO0216.litmus
       1
../litmus/LB+PPO0218.litmus
       0
../litmus/LB+PPO0219.litmus
       1
../litmus/LB+PPO0249.litmus
       1
../litmus/LB+PPO0253.litmus
       1
../litmus/LB+PPO0254.litmus
       1
../litmus/LB+PPO0255.litmus
       1
../litmus/LB+PPO0257.litmus
       1
../litmus/LB+PPO0261.litmus
       1
../litmus/LB+PPO0262.litmus
       1
../litmus/LB+PPO0263.litmus
       1
../litmus/LB+PPO0268.litmus
       1
../litmus/LB+PPO0270.litmus
       1
../litmus/LB+PPO0271.litmus
       1
../litmus/LB+PPO0273.litmus
       1
../litmus/LB+PPO0276.litmus
       1
../litmus/LB+PPO0278.litmus
       1
../litmus/LB+PPO0288.litmus
       1
../litmus/LB+PPO0290.litmus
       1
../litmus/LB+PPO0291.litmus
       1
../litmus/LB+PPO0293.litmus
       1
../litmus/LB+PPO0295.litmus
       1
../litmus/LB+PPO0296.litmus
       1
../litmus/LB+PPO0298.litmus
       1
../litmus/LB+PPO0326.litmus
       0
../litmus/LB+PPO0336.litmus
       0
../litmus/LB+PPO0338.litmus
       0
../litmus/LB+PPO0339.litmus
       1
../litmus/LB+PPO0341.litmus
       1
../litmus/LB+PPO0343.litmus
       0
../litmus/LB+PPO0344.litmus
       1
../litmus/LB+PPO0346.litmus
       0
../litmus/LB+PPO0347.litmus
       0
../litmus/LB+PPO0351.litmus
       0
../litmus/LB+PPO0352.litmus
       1
../litmus/LB+PPO0353.litmus
       1
../litmus/LB+PPO0363.litmus
       1
../litmus/LB+PPO0365.litmus
       1
../litmus/LB+PPO0366.litmus
       1
../litmus/LB+PPO0368.litmus
       1
../litmus/LB+PPO0370.litmus
       1
../litmus/LB+PPO0371.litmus
       1
../litmus/LB+PPO0373.litmus
       1
../litmus/LB+PPO0374.litmus
       1
../litmus/LB+PPO0378.litmus
       1
../litmus/LB+PPO0379.litmus
       1
../litmus/LB+PPO0407.litmus
       0
../litmus/LB+PPO0417.litmus
       0
../litmus/LB+PPO0419.litmus
       0
../litmus/LB+PPO0420.litmus
       1
../litmus/LB+PPO0422.litmus
       1
../litmus/LB+PPO0424.litmus
       0
../litmus/LB+PPO0425.litmus
       1
../litmus/LB+PPO0427.litmus
       0
../litmus/LB+PPO0428.litmus
       0
../litmus/LB+PPO0432.litmus
       0
../litmus/LB+PPO0433.litmus
       1
../litmus/LB+PPO0434.litmus
       1
../litmus/LB+PPO0444.litmus
       1
../litmus/LB+PPO0446.litmus
       1
../litmus/LB+PPO0447.litmus
       1
../litmus/LB+PPO0449.litmus
       1
../litmus/LB+PPO0451.litmus
       1
../litmus/LB+PPO0452.litmus
       1
../litmus/LB+PPO0454.litmus
       1
../litmus/LB+PPO0455.litmus
       1
../litmus/LB+PPO0459.litmus
       1
../litmus/LB+PPO0460.litmus
       1
../litmus/LB+PPO0469.litmus
       0
../litmus/LB+PPO0473.litmus
       0
../litmus/LB+PPO0474.litmus
       1
../litmus/LB+PPO0475.litmus
       0
../litmus/LB+PPO0477.litmus
       1
../litmus/LB+PPO0481.litmus
       1
../litmus/LB+PPO0482.litmus
       1
../litmus/LB+PPO0483.litmus
       1
../litmus/LB+PPO0491.litmus
       0
../litmus/LB+PPO0495.litmus
       0
../litmus/LB+PPO0496.litmus
       1
../litmus/LB+PPO0518.litmus
       0
../litmus/LB+PPO0528.litmus
       0
../litmus/LB+PPO0530.litmus
       0
../litmus/LB+PPO0531.litmus
       1
../litmus/LB+PPO0533.litmus
       1
../litmus/LB+PPO0535.litmus
       0
../litmus/LB+PPO0565.litmus
       0
../litmus/LB+PPO0569.litmus
       0
../litmus/LB+PPO0570.litmus
       1
../litmus/LB+PPO0571.litmus
       0
../litmus/LB+PPO0573.litmus
       1
../litmus/LB+PPO0577.litmus
       1
../litmus/LB+PPO0578.litmus
       1
../litmus/LB+PPO0579.litmus
       1
../litmus/LB+PPO0584.litmus
       0
../litmus/LB+PPO0586.litmus
       0
../litmus/LB+PPO0587.litmus
       1
../litmus/LB+PPO0589.litmus
       1
../litmus/LB+PPO0592.litmus
       0
../litmus/LB+ctrl+data.litmus
       1
../litmus/LB+ctrl+po.litmus
       0
../litmus/LB+ctrlisync+ctrl.litmus
       1
../litmus/LB+ctrlisync+data.litmus
       1
../litmus/LB+ctrlisync+po.litmus
       0
../litmus/LB+ctrlisyncs.litmus
       1
../litmus/LB+ctrls.litmus
       1
../litmus/LB+data+RDWI+data+WW.litmus
       0
../litmus/LB+data+po.litmus
       0
../litmus/LB+datas+WW.litmus
       0
../litmus/LB+datas.litmus
       1
../litmus/LB+isync+ctrl.litmus
       0
../litmus/LB+isync+ctrlisync.litmus
       0
../litmus/LB+isync+data.litmus
       0
../litmus/LB+isync+po.litmus
       0
../litmus/LB+isyncs.litmus
       0
../litmus/LB+lwsync+ctrl.litmus
       1
../litmus/LB+lwsync+ctrlisync.litmus
       1
../litmus/LB+lwsync+data.litmus
       1
../litmus/LB+lwsync+isync.litmus
       0
../litmus/LB+lwsync+po.litmus
       0
../litmus/LB+lwsync+sync.litmus
       1
../litmus/LB+lwsyncs.litmus
       1
../litmus/LB+sync+ctrl.litmus
       1
../litmus/LB+sync+ctrlisync.litmus
       1
../litmus/LB+sync+data.litmus
       1
../litmus/LB+sync+isync.litmus
       0
../litmus/LB+sync+po.litmus
       0
../litmus/LB+syncs.litmus
       1
../litmus/LB.litmus
       0
../litmus/MP+PPO214.litmus
       1
../litmus/MP+PPO325.litmus
       1
../litmus/MP+PPO327.litmus
       1
../litmus/MP+PPO328.litmus
       1
../litmus/MP+PPO330.litmus
       1
../litmus/MP+PPO332.litmus
       1
../litmus/MP+PPO333.litmus
       1
../litmus/MP+PPO334.litmus
       1
../litmus/MP+PPO336.litmus
       1
../litmus/MP+PPO337.litmus
       1
../litmus/MP+PPO341.litmus
       1
../litmus/MP+PPO342.litmus
       1
../litmus/MP+PPO343.litmus
       1
../litmus/MP+PPO355.litmus
       1
../litmus/MP+PPO357.litmus
       1
../litmus/MP+PPO358.litmus
       1
../litmus/MP+PPO360.litmus
       1
../litmus/MP+PPO362.litmus
       1
../litmus/MP+PPO363.litmus
       1
../litmus/MP+PPO364.litmus
       1
../litmus/MP+PPO366.litmus
       1
../litmus/MP+PPO367.litmus
       1
../litmus/MP+PPO371.litmus
       1
../litmus/MP+PPO372.litmus
       1
../litmus/MP+PPO373.litmus
       1
../litmus/MP+PPO387.litmus
       1
../litmus/MP+PPO388.litmus
       1
../litmus/MP+PPO389.litmus
       1
../litmus/MP+PPO390.litmus
       1
../litmus/MP+PPO396.litmus
       1
../litmus/MP+PPO397.litmus
       1
../litmus/MP+PPO398.litmus
       1
../litmus/MP+PPO399.litmus
       1
../litmus/MP+PPO404.litmus
       1
../litmus/MP+PPO415.litmus
       1
../litmus/MP+PPO417.litmus
       1
../litmus/MP+PPO418.litmus
       1
../litmus/MP+PPO420.litmus
       1
../litmus/MP+PPO422.litmus
       1
../litmus/MP+PPO426.litmus
       1
../litmus/MP+PPO427.litmus
       1
../litmus/MP+PPO428.litmus
       1
../litmus/MP+PPO461.litmus
       1
../litmus/MP+PPO465.litmus
       1
../litmus/MP+PPO466.litmus
       1
../litmus/MP+PPO467.litmus
       1
../litmus/MP+PPO468.litmus
       1
../litmus/MP+PPO470.litmus
       1
../litmus/MP+PPO474.litmus
       1
../litmus/MP+PPO475.litmus
       1
../litmus/MP+PPO476.litmus
       1
../litmus/MP+PPO477.litmus
       1
../litmus/MP+PPO482.litmus
       1
../litmus/MP+PPO484.litmus
       1
../litmus/MP+PPO485.litmus
       1
../litmus/MP+PPO487.litmus
       1
../litmus/MP+PPO489.litmus
       1
../litmus/MP+PPO493.litmus
       1
../litmus/MP+PPO494.litmus
       1
../litmus/MP+PPO495.litmus
       1
../litmus/MP+PPO589.litmus
       1
../litmus/MP+PPO622.litmus
       1
../litmus/MP+PPO626.litmus
       1
../litmus/MP+PPO627.litmus
       1
../litmus/MP+PPO628.litmus
       1
../litmus/MP+PPO629.litmus
       1
../litmus/MP+PPO631.litmus
       1
../litmus/MP+PPO635.litmus
       1
../litmus/MP+PPO636.litmus
       1
../litmus/MP+PPO637.litmus
       1
../litmus/MP+PPO638.litmus
       1
../litmus/MP+PPO643.litmus
       1
../litmus/MP+PPO645.litmus
       1
../litmus/MP+PPO646.litmus
       1
../litmus/MP+PPO648.litmus
       1
../litmus/MP+PPO650.litmus
       1
../litmus/MP+PPO654.litmus
       1
../litmus/MP+PPO655.litmus
       1
../litmus/MP+PPO656.litmus
       1
../litmus/MP+PPO658.litmus
       1
../litmus/MP+PPO669.litmus
       1
../litmus/MP+PPO671.litmus
       1
../litmus/MP+PPO672.litmus
       1
../litmus/MP+PPO674.litmus
       1
../litmus/MP+PPO676.litmus
       1
../litmus/MP+PPO677.litmus
       1
../litmus/MP+PPO678.litmus
       1
../litmus/MP+PPO680.litmus
       1
../litmus/MP+PPO681.litmus
       1
../litmus/MP+PPO714.litmus
       1
../litmus/MP+PPO718.litmus
       1
../litmus/MP+PPO719.litmus
       1
../litmus/MP+PPO720.litmus
       1
../litmus/MP+PPO721.litmus
       1
../litmus/MP+PPO723.litmus
       1
../litmus/MP+PPO727.litmus
       1
../litmus/MP+PPO728.litmus
       1
../litmus/MP+PPO729.litmus
       1
../litmus/MP+PPO730.litmus
       1
../litmus/MP+PPO735.litmus
       1
../litmus/MP+PPO737.litmus
       1
../litmus/MP+PPO738.litmus
       1
../litmus/MP+PPO740.litmus
       1
../litmus/MP+PPO742.litmus
       1
../litmus/MP+PPO746.litmus
       1
../litmus/MP+PPO747.litmus
       1
../litmus/MP+PPO748.litmus
       1
../litmus/MP+PPO750.litmus
       1
../litmus/MP+PPO761.litmus
       1
../litmus/MP+PPO763.litmus
       1
../litmus/MP+PPO764.litmus
       1
../litmus/MP+PPO766.litmus
       1
../litmus/MP+PPO768.litmus
       1
../litmus/MP+PPO769.litmus
       1
../litmus/MP+PPO770.litmus
       1
../litmus/MP+PPO772.litmus
       1
../litmus/MP+PPO902.litmus
       1
../litmus/MP+PPO913.litmus
       1
../litmus/MP+PPO915.litmus
       1
../litmus/MP+PPO916.litmus
       1
../litmus/MP+PPO918.litmus
       1
../litmus/MP+PPO920.litmus
       1
../litmus/MP+PPO921.litmus
       1
../litmus/MP+PPO922.litmus
       1
../litmus/MP+PPO924.litmus
       1
../litmus/MP+PPO925.litmus
       1
../litmus/MP+PPO929.litmus
       1
../litmus/MP+PPO930.litmus
       1
../litmus/MP+PPO931.litmus
       1
../litmus/MP+PPO932.litmus
       1
../litmus/MP+PPO943.litmus
       1
../litmus/MP+PPO945.litmus
       1
../litmus/MP+PPO946.litmus
       1
../litmus/MP+PPO948.litmus
       1
../litmus/MP+PPO950.litmus
       1
../litmus/MP+PPO951.litmus
       1
../litmus/MP+PPO952.litmus
       1
../litmus/MP+PPO954.litmus
       1
../litmus/MP+PPO955.litmus
       1
../litmus/MP+PPO959.litmus
       1
../litmus/MP+PPO960.litmus
       1
../litmus/MP+PPO961.litmus
       1
../litmus/MP+isync+ctrl.litmus
       1
../litmus/MP+isync+ctrlisync.litmus
       1
../litmus/MP+isync+lwsync.litmus
       1
../litmus/MP+isync+po.litmus
       1
../litmus/MP+isync+sync.litmus
       1
../litmus/MP+isyncs.litmus
       1
../litmus/MP+lwsync+ctrl.litmus
       1
../litmus/MP+lwsync+ctrlisync.litmus
       1
../litmus/MP+lwsync+data-rfi-ctrlisync.litmus
       1
../litmus/MP+lwsync+data-wsi-rfi-ctrlisync.litmus
       1
../litmus/MP+lwsync+fri-rfi-ctrlisync.litmus
       1
../litmus/MP+lwsync+isync.litmus
       1
../litmus/MP+lwsync+po.litmus
       1
../litmus/MP+lwsync+sync.litmus
       1
../litmus/MP+lwsyncs.litmus
       1
../litmus/MP+po+ctrl.litmus
       1
../litmus/MP+po+ctrlisync.litmus
       1
../litmus/MP+po+isync.litmus
       1
../litmus/MP+po+lwsync.litmus
       1
../litmus/MP+po+sync.litmus
       1
../litmus/MP+rfi-data+lwsync.litmus
       1
../litmus/MP+rfi-data+sync.litmus
       1
../litmus/MP+sync+ctrl-data-detw.litmus
       1
../litmus/MP+sync+ctrl-detr.litmus
       0
../litmus/MP+sync+ctrl.litmus
       0
../litmus/MP+sync+ctrlisync.litmus
       1
../litmus/MP+sync+fri-rfi-ctrlisync.litmus
       1
../litmus/MP+sync+isync.litmus
       0
../litmus/MP+sync+lwsync.litmus
       1
../litmus/MP+sync+po.litmus
       0
../litmus/MP+sync+rs.litmus
       0
../litmus/MP+syncs.litmus
       1
../litmus/MP.litmus
       1
../litmus/PPO010.litmus
       1
../litmus/PPO011.litmus
       1
../litmus/PPO013.litmus
       1
../litmus/PPO014.litmus
       1
../litmus/PPO015.litmus
       1
../litmus/PPO016.litmus
       1
../litmus/PPO018.litmus
       1
../litmus/PPO019.litmus
       1
../litmus/R+isync+lwsync.litmus
       1
../litmus/R+isync+po.litmus
       1
../litmus/R+isync+sync.litmus
       1
../litmus/R+isyncs.litmus
       1
../litmus/R+lwsync+isync.litmus
       1
../litmus/R+lwsync+po.litmus
       1
../litmus/R+lwsync+sync.litmus
       1
../litmus/R+lwsyncs.litmus
       1
../litmus/R+po+isync.litmus
       1
../litmus/R+po+lwsync.litmus
       1
../litmus/R+po+sync.litmus
       1
../litmus/R+rfi-data+sync.litmus
       1
../litmus/R+sync+isync.litmus
       1
../litmus/R+sync+lwsync.litmus
       1
../litmus/R+sync+po.litmus
       1
../litmus/R+syncs.litmus
       1
../litmus/R.litmus
       1
../litmus/R01+sync.litmus
       1
../litmus/R01.litmus
       1
../litmus/R02+sync.litmus
       1
../litmus/R02.litmus
       0
../litmus/R03+sync.litmus
       1
../litmus/R03.litmus
       1
../litmus/R06.litmus
       1
../litmus/RWC+ctrl+isync.litmus
       1
../litmus/RWC+ctrl+lwsync.litmus
       1
../litmus/RWC+ctrl+po.litmus
       1
../litmus/RWC+ctrl+sync.litmus
       0
../litmus/RWC+ctrlisync+isync.litmus
       1
../litmus/RWC+ctrlisync+lwsync.litmus
       1
../litmus/RWC+ctrlisync+po.litmus
       1
../litmus/RWC+ctrlisync+sync.litmus
       0
../litmus/RWC+isync+lwsync.litmus
       1
../litmus/RWC+isync+po.litmus
       1
../litmus/RWC+isync+sync.litmus
       0
../litmus/RWC+isyncs.litmus
       1
../litmus/RWC+lwsync+isync.litmus
       1
../litmus/RWC+lwsync+po.litmus
       1
../litmus/RWC+lwsync+sync.litmus
       0
../litmus/RWC+lwsyncs.litmus
       1
../litmus/RWC+po+isync.litmus
       1
../litmus/RWC+po+lwsync.litmus
       1
../litmus/RWC+po+sync.litmus
       0
../litmus/RWC+sync+isync.litmus
       1
../litmus/RWC+sync+lwsync.litmus
       1
../litmus/RWC+sync+po.litmus
       1
../litmus/RWC+syncs.litmus
       1
../litmus/RWC.litmus
       1
../litmus/S+PPO283.litmus
       1
../litmus/S+PPO383.litmus
       1
../litmus/S+PPO394.litmus
       1
../litmus/S+PPO396.litmus
       1
../litmus/S+PPO397.litmus
       1
../litmus/S+PPO399.litmus
       1
../litmus/S+PPO401.litmus
       1
../litmus/S+PPO402.litmus
       1
../litmus/S+PPO403.litmus
       1
../litmus/S+PPO405.litmus
       1
../litmus/S+PPO406.litmus
       1
../litmus/S+PPO410.litmus
       1
../litmus/S+PPO411.litmus
       1
../litmus/S+PPO412.litmus
       1
../litmus/S+PPO413.litmus
       1
../litmus/S+PPO424.litmus
       1
../litmus/S+PPO426.litmus
       1
../litmus/S+PPO427.litmus
       1
../litmus/S+PPO429.litmus
       1
../litmus/S+PPO431.litmus
       1
../litmus/S+PPO432.litmus
       1
../litmus/S+PPO433.litmus
       1
../litmus/S+PPO435.litmus
       1
../litmus/S+PPO436.litmus
       1
../litmus/S+PPO440.litmus
       1
../litmus/S+PPO441.litmus
       1
../litmus/S+PPO442.litmus
       1
../litmus/S+PPO452.litmus
       1
../litmus/S+PPO456.litmus
       1
../litmus/S+PPO457.litmus
       1
../litmus/S+PPO458.litmus
       1
../litmus/S+PPO459.litmus
       1
../litmus/S+PPO461.litmus
       1
../litmus/S+PPO465.litmus
       1
../litmus/S+PPO466.litmus
       1
../litmus/S+PPO467.litmus
       1
../litmus/S+PPO468.litmus
       1
../litmus/S+PPO473.litmus
       1
../litmus/S+PPO484.litmus
       1
../litmus/S+PPO486.litmus
       1
../litmus/S+PPO487.litmus
       1
../litmus/S+PPO489.litmus
       1
../litmus/S+PPO491.litmus
       1
../litmus/S+PPO495.litmus
       1
../litmus/S+PPO496.litmus
       1
../litmus/S+PPO497.litmus
       1
../litmus/S+PPO530.litmus
       1
../litmus/S+PPO534.litmus
       1
../litmus/S+PPO535.litmus
       1
../litmus/S+PPO536.litmus
       1
../litmus/S+PPO537.litmus
       1
../litmus/S+PPO539.litmus
       1
../litmus/S+PPO543.litmus
       1
../litmus/S+PPO544.litmus
       1
../litmus/S+PPO545.litmus
       1
../litmus/S+PPO546.litmus
       1
../litmus/S+PPO551.litmus
       1
../litmus/S+PPO553.litmus
       1
../litmus/S+PPO554.litmus
       1
../litmus/S+PPO556.litmus
       1
../litmus/S+PPO558.litmus
       1
../litmus/S+PPO562.litmus
       1
../litmus/S+PPO563.litmus
       1
../litmus/S+PPO564.litmus
       1
../litmus/S+PPO566.litmus
       1
../litmus/S+PPO666.litmus
       1
../litmus/S+PPO677.litmus
       1
../litmus/S+PPO679.litmus
       1
../litmus/S+PPO680.litmus
       1
../litmus/S+PPO682.litmus
       1
../litmus/S+PPO684.litmus
       1
../litmus/S+PPO685.litmus
       1
../litmus/S+PPO686.litmus
       1
../litmus/S+PPO688.litmus
       1
../litmus/S+PPO689.litmus
       1
../litmus/S+PPO693.litmus
       1
../litmus/S+PPO694.litmus
       1
../litmus/S+PPO695.litmus
       1
../litmus/S+PPO696.litmus
       1
../litmus/S+PPO707.litmus
       1
../litmus/S+PPO709.litmus
       1
../litmus/S+PPO710.litmus
       1
../litmus/S+PPO712.litmus
       1
../litmus/S+PPO714.litmus
       1
../litmus/S+PPO715.litmus
       1
../litmus/S+PPO716.litmus
       1
../litmus/S+PPO718.litmus
       1
../litmus/S+PPO719.litmus
       1
../litmus/S+PPO723.litmus
       1
../litmus/S+PPO724.litmus
       1
../litmus/S+PPO725.litmus
       1
../litmus/S+PPO735.litmus
       1
../litmus/S+PPO739.litmus
       1
../litmus/S+PPO740.litmus
       1
../litmus/S+PPO741.litmus
       1
../litmus/S+PPO742.litmus
       1
../litmus/S+PPO744.litmus
       1
../litmus/S+PPO748.litmus
       1
../litmus/S+PPO749.litmus
       1
../litmus/S+PPO750.litmus
       1
../litmus/S+PPO751.litmus
       1
../litmus/S+PPO756.litmus
       1
../litmus/S+PPO767.litmus
       1
../litmus/S+PPO769.litmus
       1
../litmus/S+PPO770.litmus
       1
../litmus/S+PPO772.litmus
       1
../litmus/S+PPO774.litmus
       1
../litmus/S+PPO778.litmus
       1
../litmus/S+PPO779.litmus
       1
../litmus/S+PPO780.litmus
       1
../litmus/S+PPO813.litmus
       1
../litmus/S+PPO817.litmus
       1
../litmus/S+PPO818.litmus
       1
../litmus/S+PPO819.litmus
       1
../litmus/S+PPO820.litmus
       1
../litmus/S+PPO822.litmus
       1
../litmus/S+PPO826.litmus
       1
../litmus/S+PPO827.litmus
       1
../litmus/S+PPO828.litmus
       1
../litmus/S+PPO829.litmus
       1
../litmus/S+PPO834.litmus
       1
../litmus/S+PPO836.litmus
       1
../litmus/S+PPO837.litmus
       1
../litmus/S+PPO839.litmus
       1
../litmus/S+PPO841.litmus
       1
../litmus/S+PPO845.litmus
       1
../litmus/S+PPO846.litmus
       1
../litmus/S+PPO847.litmus
       1
../litmus/S+isync+ctrl.litmus
       1
../litmus/S+isync+ctrlisync.litmus
       1
../litmus/S+isync+data.litmus
       1
../litmus/S+isync+lwsync.litmus
       1
../litmus/S+isync+po.litmus
       1
../litmus/S+isync+sync.litmus
       1
../litmus/S+isyncs.litmus
       1
../litmus/S+lwsync+ctrlisync.litmus
       1
../litmus/S+lwsync+isync.litmus
       1
../litmus/S+lwsync+po.litmus
       1
../litmus/S+lwsync+sync.litmus
       1
../litmus/S+lwsyncs.litmus
       1
../litmus/S+po+ctrl.litmus
       1
../litmus/S+po+ctrlisync.litmus
       1
../litmus/S+po+data.litmus
       1
../litmus/S+po+isync.litmus
       1
../litmus/S+po+lwsync.litmus
       1
../litmus/S+po+sync.litmus
       1
../litmus/S+rfi-data+data.litmus
       1
../litmus/S+rfi-data+lwsync.litmus
       1
../litmus/S+rfi-data+sync.litmus
       1
../litmus/S+sync+ctrl.litmus
       1
../litmus/S+sync+ctrlisync.litmus
       1
../litmus/S+sync+data.litmus
       1
../litmus/S+sync+isync.litmus
       0
../litmus/S+sync+lwsync.litmus
       1
../litmus/S+sync+po.litmus
       0
../litmus/S+syncs.litmus
       1
../litmus/S.litmus
       1
../litmus/SB+isync+po.litmus
       1
../litmus/SB+isyncs.litmus
       1
../litmus/SB+lwsync+isync.litmus
       1
../litmus/SB+lwsync+po.litmus
       1
../litmus/SB+lwsync+sync.litmus
       1
../litmus/SB+lwsyncs.litmus
       1
../litmus/SB+sync+isync.litmus
       1
../litmus/SB+sync+po.litmus
       1
../litmus/SB+syncs.litmus
       1
../litmus/SB.litmus
       1
../litmus/W+RWC+lwsync+lwsync+po.litmus
       1
../litmus/W+RWC+lwsync+lwsync+sync.litmus
       1
../litmus/W+RWC+lwsync+po+lwsync.litmus
       1
../litmus/W+RWC+lwsync+po+po.litmus
       1
../litmus/W+RWC+lwsync+po+sync.litmus
       1
../litmus/W+RWC+lwsync+sync+lwsync.litmus
       1
../litmus/W+RWC+lwsync+sync+po.litmus
       1
../litmus/W+RWC+lwsync+sync+sync.litmus
       1
../litmus/W+RWC+lwsyncs.litmus
       1
../litmus/W+RWC+po+lwsync+lwsync.litmus
       1
../litmus/W+RWC+po+lwsync+po.litmus
       1
../litmus/W+RWC+po+lwsync+sync.litmus
       1
../litmus/W+RWC+po+po+lwsync.litmus
       1
../litmus/W+RWC+po+po+sync.litmus
       1
../litmus/W+RWC+po+sync+lwsync.litmus
       1
../litmus/W+RWC+po+sync+po.litmus
       1
../litmus/W+RWC+po+sync+sync.litmus
       1
../litmus/W+RWC+rfi-data+lwsync+sync.litmus
       1
../litmus/W+RWC+rfi-data+sync+sync.litmus
       1
../litmus/W+RWC+sync+lwsync+lwsync.litmus
       1
../litmus/W+RWC+sync+lwsync+po.litmus
       1
../litmus/W+RWC+sync+lwsync+sync.litmus
       1
../litmus/W+RWC+sync+po+lwsync.litmus
       1
../litmus/W+RWC+sync+po+po.litmus
       1
../litmus/W+RWC+sync+po+sync.litmus
       0
../litmus/W+RWC+sync+sync+lwsync.litmus
       1
../litmus/W+RWC+sync+sync+po.litmus
       1
../litmus/W+RWC+syncs.litmus
       1
../litmus/W+RWC.litmus
       1
../litmus/WRC+ctrl+ctrlisync.litmus
       0
../litmus/WRC+ctrl+isync.litmus
       0
../litmus/WRC+ctrl+lwsync.litmus
       0
../litmus/WRC+ctrl+po.litmus
       0
../litmus/WRC+ctrl+sync.litmus
       0
../litmus/WRC+ctrlisync+ctrl.litmus
       0
../litmus/WRC+ctrlisync+isync.litmus
       0
../litmus/WRC+ctrlisync+lwsync.litmus
       0
../litmus/WRC+ctrlisync+po.litmus
       0
../litmus/WRC+ctrlisync+sync.litmus
       0
../litmus/WRC+ctrlisyncs.litmus
       0
../litmus/WRC+ctrls.litmus
       0
../litmus/WRC+data+ctrl.litmus
       0
../litmus/WRC+data+ctrlisync.litmus
       0
../litmus/WRC+data+isync.litmus
       0
../litmus/WRC+data+lwsync.litmus
       0
../litmus/WRC+data+po.litmus
       0
../litmus/WRC+data+sync.litmus
       0
../litmus/WRC+isync+ctrl.litmus
       0
../litmus/WRC+isync+ctrlisync.litmus
       0
../litmus/WRC+isync+lwsync.litmus
       0
../litmus/WRC+isync+po.litmus
       0
../litmus/WRC+isync+sync.litmus
       0
../litmus/WRC+isyncs.litmus
       0
../litmus/WRC+lwsync+ctrl.litmus
       0
../litmus/WRC+lwsync+ctrlisync.litmus
       1
../litmus/WRC+lwsync+isync.litmus
       0
../litmus/WRC+lwsync+po.litmus
       0
../litmus/WRC+lwsync+sync.litmus
       1
../litmus/WRC+lwsyncs.litmus
       1
../litmus/WRC+po+ctrl.litmus
       0
../litmus/WRC+po+ctrlisync.litmus
       0
../litmus/WRC+po+isync.litmus
       0
../litmus/WRC+po+lwsync.litmus
       0
../litmus/WRC+po+sync.litmus
       0
../litmus/WRC+sync+ctrl.litmus
       0
../litmus/WRC+sync+ctrlisync.litmus
       1
../litmus/WRC+sync+isync.litmus
       0
../litmus/WRC+sync+lwsync.litmus
       1
../litmus/WRC+sync+po.litmus
       0
../litmus/WRC+syncs.litmus
       1
../litmus/WRC.litmus
       0
../litmus/WRR+2W+lwsync+po.litmus
       1
../litmus/WRR+2W+lwsync+rfi-data.litmus
       1
../litmus/WRR+2W+lwsync+sync.litmus
       0
../litmus/WRR+2W+lwsyncs.litmus
       1
../litmus/WRR+2W+po+lwsync.litmus
       1
../litmus/WRR+2W+po+sync.litmus
       0
../litmus/WRR+2W+sync+lwsync.litmus
       1
../litmus/WRR+2W+sync+po.litmus
       1
../litmus/WRR+2W+sync+rfi-data.litmus
       1
../litmus/WRR+2W+syncs.litmus
       1
../litmus/WRR+2W.litmus
       1
../litmus/WRW+2W+data+rfi-data.litmus
       0
../litmus/WRW+2W+lwsync+isync.litmus
       1
../litmus/WRW+2W+lwsync+po.litmus
       1
../litmus/WRW+2W+lwsync+rfi-data.litmus
       1
../litmus/WRW+2W+lwsync+sync.litmus
       1
../litmus/WRW+2W+lwsyncs.litmus
       1
../litmus/WRW+2W+po+lwsync.litmus
       1
../litmus/WRW+2W+po+sync.litmus
       0
../litmus/WRW+2W+sync+lwsync.litmus
       1
../litmus/WRW+2W+sync+po.litmus
       1
../litmus/WRW+2W+sync+rfi-data.litmus
       1
../litmus/WRW+2W+syncs.litmus
       1
../litmus/WRW+2W.litmus
       1
../litmus/WRW+WR+lwsync+po.litmus
       1
../litmus/WRW+WR+lwsync+sync.litmus
       0
../litmus/WRW+WR+lwsyncs.litmus
       1
../litmus/WRW+WR+po+lwsync.litmus
       1
../litmus/WRW+WR+po+sync.litmus
       0
../litmus/WRW+WR+sync+lwsync.litmus
       1
../litmus/WRW+WR+sync+po.litmus
       1
../litmus/WRW+WR+syncs.litmus
       1
../litmus/WRW+WR.litmus
       1
../litmus/WW+RR+WW+RR+lwsyncs.litmus
       1
../litmus/WWC+lwsync+po.litmus
       0
../litmus/WWC+lwsync+sync.litmus
       1
../litmus/WWC+lwsyncs.litmus
       1
../litmus/WWC+po+lwsync.litmus
       0
../litmus/WWC+po+sync.litmus
       0
../litmus/WWC+sync+lwsync.litmus
       1
../litmus/WWC+sync+po.litmus
       0
../litmus/WWC+syncs.litmus
       1
../litmus/WWC.litmus
       0
../litmus/Z6.0+lwsync+lwsync+po.litmus
       1
../litmus/Z6.0+lwsync+lwsync+sync.litmus
       1
../litmus/Z6.0+lwsync+po+lwsync.litmus
       1
../litmus/Z6.0+lwsync+po+po.litmus
       1
../litmus/Z6.0+lwsync+po+sync.litmus
       1
../litmus/Z6.0+lwsync+sync+lwsync.litmus
       1
../litmus/Z6.0+lwsync+sync+po.litmus
       1
../litmus/Z6.0+lwsync+sync+sync.litmus
       1
../litmus/Z6.0+lwsyncs.litmus
       1
../litmus/Z6.0+po+lwsync+lwsync.litmus
       1
../litmus/Z6.0+po+lwsync+po.litmus
       1
../litmus/Z6.0+po+lwsync+sync.litmus
       1
../litmus/Z6.0+po+po+lwsync.litmus
       1
../litmus/Z6.0+po+po+sync.litmus
       1
../litmus/Z6.0+po+sync+lwsync.litmus
       1
../litmus/Z6.0+po+sync+po.litmus
       1
../litmus/Z6.0+po+sync+sync.litmus
       1
../litmus/Z6.0+rfi-data+data+sync.litmus
       1
../litmus/Z6.0+rfi-data+lwsync+sync.litmus
       1
../litmus/Z6.0+rfi-data+sync+sync.litmus
       1
../litmus/Z6.0+sync+lwsync+lwsync.litmus
       1
../litmus/Z6.0+sync+lwsync+po.litmus
       1
../litmus/Z6.0+sync+lwsync+sync.litmus
       1
../litmus/Z6.0+sync+po+lwsync.litmus
       1
../litmus/Z6.0+sync+po+po.litmus
       1
../litmus/Z6.0+sync+po+sync.litmus
       0
../litmus/Z6.0+sync+sync+lwsync.litmus
       1
../litmus/Z6.0+sync+sync+po.litmus
       1
../litmus/Z6.0+syncs.litmus
       1
../litmus/Z6.0.litmus
       1
../litmus/Z6.1+lwsync+lwsync+po.litmus
       1
../litmus/Z6.1+lwsync+lwsync+sync.litmus
       1
../litmus/Z6.1+lwsync+po+lwsync.litmus
       1
../litmus/Z6.1+lwsync+po+po.litmus
       1
../litmus/Z6.1+lwsync+po+sync.litmus
       1
../litmus/Z6.1+lwsync+rfi-data+data.litmus
       1
../litmus/Z6.1+lwsync+rfi-data+lwsync.litmus
       1
../litmus/Z6.1+lwsync+rfi-data+sync.litmus
       1
../litmus/Z6.1+lwsync+sync+lwsync.litmus
       1
../litmus/Z6.1+lwsync+sync+po.litmus
       1
../litmus/Z6.1+lwsync+sync+sync.litmus
       1
../litmus/Z6.1+lwsyncs.litmus
       1
../litmus/Z6.1+po+lwsync+lwsync.litmus
       1
../litmus/Z6.1+po+lwsync+po.litmus
       1
../litmus/Z6.1+po+lwsync+sync.litmus
       1
../litmus/Z6.1+po+po+lwsync.litmus
       1
../litmus/Z6.1+po+po+sync.litmus
       1
../litmus/Z6.1+po+sync+lwsync.litmus
       1
../litmus/Z6.1+po+sync+po.litmus
       1
../litmus/Z6.1+po+sync+sync.litmus
       1
../litmus/Z6.1+rfi-data+lwsync+data.litmus
       1
../litmus/Z6.1+rfi-data+lwsync+lwsync.litmus
       1
../litmus/Z6.1+rfi-data+lwsync+sync.litmus
       1
../litmus/Z6.1+rfi-data+rfi-data+data.litmus
       1
../litmus/Z6.1+rfi-data+rfi-data+lwsync.litmus
       1
../litmus/Z6.1+rfi-data+rfi-data+sync.litmus
       1
../litmus/Z6.1+rfi-data+sync+data.litmus
       1
../litmus/Z6.1+rfi-data+sync+lwsync.litmus
       1
../litmus/Z6.1+rfi-data+sync+sync.litmus
       1
../litmus/Z6.1+sync+lwsync+lwsync.litmus
       1
../litmus/Z6.1+sync+lwsync+po.litmus
       1
../litmus/Z6.1+sync+lwsync+sync.litmus
       1
../litmus/Z6.1+sync+po+lwsync.litmus
       1
../litmus/Z6.1+sync+po+po.litmus
       1
../litmus/Z6.1+sync+po+sync.litmus
       1
../litmus/Z6.1+sync+rfi-data+data.litmus
       1
../litmus/Z6.1+sync+rfi-data+lwsync.litmus
       1
../litmus/Z6.1+sync+rfi-data+sync.litmus
       1
../litmus/Z6.1+sync+sync+lwsync.litmus
       1
../litmus/Z6.1+sync+sync+po.litmus
       0
../litmus/Z6.1+syncs.litmus
       1
../litmus/Z6.1.litmus
       1
../litmus/Z6.2+lwsync+lwsync+po.litmus
       1
../litmus/Z6.2+lwsync+lwsync+sync.litmus
       1
../litmus/Z6.2+lwsync+po+lwsync.litmus
       1
../litmus/Z6.2+lwsync+po+po.litmus
       1
../litmus/Z6.2+lwsync+po+sync.litmus
       1
../litmus/Z6.2+lwsync+sync+lwsync.litmus
       1
../litmus/Z6.2+lwsync+sync+po.litmus
       1
../litmus/Z6.2+lwsync+sync+sync.litmus
       1
../litmus/Z6.2+lwsyncs.litmus
       1
../litmus/Z6.2+po+lwsync+lwsync.litmus
       1
../litmus/Z6.2+po+lwsync+po.litmus
       1
../litmus/Z6.2+po+lwsync+sync.litmus
       1
../litmus/Z6.2+po+po+lwsync.litmus
       1
../litmus/Z6.2+po+po+sync.litmus
       1
../litmus/Z6.2+po+sync+lwsync.litmus
       1
../litmus/Z6.2+po+sync+po.litmus
       1
../litmus/Z6.2+po+sync+sync.litmus
       1
../litmus/Z6.2+rfi-data+data+data.litmus
       1
../litmus/Z6.2+rfi-data+data+lwsync.litmus
       1
../litmus/Z6.2+rfi-data+data+sync.litmus
       1
../litmus/Z6.2+rfi-data+lwsync+data.litmus
       1
../litmus/Z6.2+rfi-data+lwsync+lwsync.litmus
       1
../litmus/Z6.2+rfi-data+lwsync+sync.litmus
       1
../litmus/Z6.2+rfi-data+sync+data.litmus
       1
../litmus/Z6.2+rfi-data+sync+lwsync.litmus
       1
../litmus/Z6.2+rfi-data+sync+sync.litmus
       1
../litmus/Z6.2+sync+lwsync+lwsync.litmus
       1
../litmus/Z6.2+sync+lwsync+po.litmus
       0
../litmus/Z6.2+sync+lwsync+sync.litmus
       1
../litmus/Z6.2+sync+po+lwsync.litmus
       0
../litmus/Z6.2+sync+po+po.litmus
       0
../litmus/Z6.2+sync+po+sync.litmus
       0
../litmus/Z6.2+sync+sync+lwsync.litmus
       1
../litmus/Z6.2+sync+sync+po.litmus
       0
../litmus/Z6.2+syncs.litmus
       1
../litmus/Z6.2.litmus
       1
../litmus/Z6.3+lwsync+lwsync+po.litmus
       1
../litmus/Z6.3+lwsync+lwsync+sync.litmus
       1
../litmus/Z6.3+lwsync+po+lwsync.litmus
       1
../litmus/Z6.3+lwsync+po+po.litmus
       1
../litmus/Z6.3+lwsync+po+sync.litmus
       1
../litmus/Z6.3+lwsync+rfi-data+lwsync.litmus
       1
../litmus/Z6.3+lwsync+rfi-data+sync.litmus
       1
../litmus/Z6.3+lwsync+sync+ctrlisync.litmus
       1
../litmus/Z6.3+lwsync+sync+lwsync.litmus
       1
../litmus/Z6.3+lwsync+sync+po.litmus
       1
../litmus/Z6.3+lwsync+sync+sync.litmus
       1
../litmus/Z6.3+lwsyncs.litmus
       1
../litmus/Z6.3+po+lwsync+lwsync.litmus
       1
../litmus/Z6.3+po+lwsync+po.litmus
       1
../litmus/Z6.3+po+lwsync+sync.litmus
       1
../litmus/Z6.3+po+po+lwsync.litmus
       1
../litmus/Z6.3+po+po+sync.litmus
       1
../litmus/Z6.3+po+sync+lwsync.litmus
       1
../litmus/Z6.3+po+sync+po.litmus
       1
../litmus/Z6.3+po+sync+sync.litmus
       1
../litmus/Z6.3+rfi-data+lwsync+lwsync.litmus
       1
../litmus/Z6.3+rfi-data+lwsync+sync.litmus
       1
../litmus/Z6.3+rfi-data+rfi-data+lwsync.litmus
       1
../litmus/Z6.3+rfi-data+rfi-data+sync.litmus
       1
../litmus/Z6.3+rfi-data+sync+lwsync.litmus
       1
../litmus/Z6.3+rfi-data+sync+sync.litmus
       1
../litmus/Z6.3+sync+lwsync+lwsync.litmus
       1
../litmus/Z6.3+sync+lwsync+po.litmus
       1
../litmus/Z6.3+sync+lwsync+sync.litmus
       1
../litmus/Z6.3+sync+po+lwsync.litmus
       1
../litmus/Z6.3+sync+po+po.litmus
       1
../litmus/Z6.3+sync+po+sync.litmus
       1
../litmus/Z6.3+sync+rfi-data+lwsync.litmus
       1
../litmus/Z6.3+sync+rfi-data+sync.litmus
       1
../litmus/Z6.3+sync+sync+lwsync.litmus
       1
../litmus/Z6.3+sync+sync+po.litmus
       0
../litmus/Z6.3+syncs.litmus
       1
../litmus/Z6.3.litmus
       1
../litmus/Z6.4+lwsync+lwsync+po.litmus
       1
../litmus/Z6.4+lwsync+lwsync+sync.litmus
       1
../litmus/Z6.4+lwsync+po+lwsync.litmus
       1
../litmus/Z6.4+lwsync+po+po.litmus
       1
../litmus/Z6.4+lwsync+po+sync.litmus
       1
../litmus/Z6.4+lwsync+sync+lwsync.litmus
       1
../litmus/Z6.4+lwsync+sync+po.litmus
       1
../litmus/Z6.4+lwsync+sync+sync.litmus
       1
../litmus/Z6.4+lwsyncs.litmus
       1
../litmus/Z6.4+po+lwsync+lwsync.litmus
       1
../litmus/Z6.4+po+lwsync+po.litmus
       1
../litmus/Z6.4+po+lwsync+sync.litmus
       1
../litmus/Z6.4+po+po+lwsync.litmus
       1
../litmus/Z6.4+po+po+sync.litmus
       1
../litmus/Z6.4+po+sync+lwsync.litmus
       1
../litmus/Z6.4+po+sync+po.litmus
       1
../litmus/Z6.4+po+sync+sync.litmus
       1
../litmus/Z6.4+rfi-data+sync+sync.litmus
       1
../litmus/Z6.4+sync+lwsync+lwsync.litmus
       1
../litmus/Z6.4+sync+lwsync+po.litmus
       1
../litmus/Z6.4+sync+lwsync+sync.litmus
       1
../litmus/Z6.4+sync+po+lwsync.litmus
       1
../litmus/Z6.4+sync+po+po.litmus
       1
../litmus/Z6.4+sync+po+sync.litmus
       1
../litmus/Z6.4+sync+sync+lwsync.litmus
       1
../litmus/Z6.4+sync+sync+po.litmus
       1
../litmus/Z6.4+syncs.litmus
       1
../litmus/Z6.4.litmus
       1
../litmus/Z6.5+lwsync+lwsync+po.litmus
       1
../litmus/Z6.5+lwsync+lwsync+sync.litmus
       1
../litmus/Z6.5+lwsync+po+lwsync.litmus
       1
../litmus/Z6.5+lwsync+po+po.litmus
       1
../litmus/Z6.5+lwsync+po+sync.litmus
       1
../litmus/Z6.5+lwsync+rfi-data+sync.litmus
       1
../litmus/Z6.5+lwsync+sync+lwsync.litmus
       1
../litmus/Z6.5+lwsync+sync+po.litmus
       1
../litmus/Z6.5+lwsync+sync+sync.litmus
       1
../litmus/Z6.5+lwsyncs.litmus
       1
../litmus/Z6.5+po+lwsync+lwsync.litmus
       1
../litmus/Z6.5+po+lwsync+po.litmus
       1
../litmus/Z6.5+po+lwsync+sync.litmus
       1
../litmus/Z6.5+po+po+lwsync.litmus
       1
../litmus/Z6.5+po+po+sync.litmus
       1
../litmus/Z6.5+po+sync+lwsync.litmus
       1
../litmus/Z6.5+po+sync+po.litmus
       1
../litmus/Z6.5+po+sync+sync.litmus
       1
../litmus/Z6.5+rfi-data+lwsync+sync.litmus
       1
../litmus/Z6.5+rfi-data+rfi-data+sync.litmus
       1
../litmus/Z6.5+rfi-data+sync+sync.litmus
       1
../litmus/Z6.5+sync+lwsync+lwsync.litmus
       1
../litmus/Z6.5+sync+lwsync+po.litmus
       1
../litmus/Z6.5+sync+lwsync+sync.litmus
       1
../litmus/Z6.5+sync+po+lwsync.litmus
       1
../litmus/Z6.5+sync+po+po.litmus
       1
../litmus/Z6.5+sync+po+sync.litmus
       1
../litmus/Z6.5+sync+rfi-data+sync.litmus
       1
../litmus/Z6.5+sync+sync+lwsync.litmus
       1
../litmus/Z6.5+sync+sync+po.litmus
       1
../litmus/Z6.5+syncs.litmus
       1
../litmus/Z6.5.litmus
       1
../litmus/aclwdrr000.litmus
       0
../litmus/aclwdrr001.litmus
       1
../litmus/aclwdrr002.litmus
       0
../litmus/aclwdrr003.litmus
       0
../litmus/aclwdrr004.litmus
       0
../litmus/aclwdrr005.litmus
       1
../litmus/aclwdrr006.litmus
       1
../litmus/aclwdrr007.litmus
       1
../litmus/aclwdrr008.litmus
       1
../litmus/aclwdrr009.litmus
       1
../litmus/aclwdrr010.litmus
       0
../litmus/aclwdrr011.litmus
       0
../litmus/aclwdrr012.litmus
       0
../litmus/aclwdrr013.litmus
       1
../litmus/aclwdrr014.litmus
       0
../litmus/aclwdrr015.litmus
       0
../litmus/aclwdrr016.litmus
       1
../litmus/aclwdrr017.litmus
       0
../litmus/aclwdrr018.litmus
       0
../litmus/aclwdrr019.litmus
       0
../litmus/aclwdrr020.litmus
       0
../litmus/aclwdrr021.litmus
       1
../litmus/aclwdrr022.litmus
       1
../litmus/aclwdrr023.litmus
       1
../litmus/aclwdrr024.litmus
       1
../litmus/aclwdrr025.litmus
       0
../litmus/aclwdrr026.litmus
       1
../litmus/aclwdrr027.litmus
       0
../litmus/aclwdrr028.litmus
       1
../litmus/aclwdrr029.litmus
       1
../litmus/aclwdrr030.litmus
       0
../litmus/aclwdrr031.litmus
       1
../litmus/aclwdrr032.litmus
       0
../litmus/aclwdrr033.litmus
       0
../litmus/aclwdrr034.litmus
       1
../litmus/aclwdrr035.litmus
       1
../litmus/aclwdrr036.litmus
       1
../litmus/aclwdrr037.litmus
       1
../litmus/aclwdrr038.litmus
       1
../litmus/aclwdrr039.litmus
       1
../litmus/aclwdrr040.litmus
       1
../litmus/aclwdrr041.litmus
       0
../litmus/aclwdrr042.litmus
       0
../litmus/b1.litmus
       1
../litmus/bclwdww012.litmus
       1
../litmus/bclwdww014.litmus
       1
../litmus/bclwdww017.litmus
       1
../litmus/bclwdww018.litmus
       1
../litmus/bclwdww029.litmus
       1
../litmus/bclwdww030.litmus
       1
../litmus/c1.litmus
       1
../litmus/c2.litmus
       1
../litmus/c4.litmus
       1
../litmus/c5.litmus
       1
../litmus/cc1.litmus
       1
../litmus/cc2.litmus
       1
../litmus/cc3.litmus
       1
../litmus/ccv0.litmus
       1
../litmus/ccv1.litmus
       1
../litmus/ccv3.litmus
       1
../litmus/ccv4.litmus
       1
../litmus/co1.litmus
       1
../litmus/co10.litmus
       1
../litmus/co2.litmus
       1
../litmus/co4.litmus
       1
../litmus/co5.litmus
       1
../litmus/co6.litmus
       1
../litmus/coa.litmus
       1
../litmus/d1.litmus
       0
../litmus/d2.litmus
       1
../litmus/d3.litmus
       0
../litmus/d4.litmus
       1
../litmus/dd1.litmus
       0
../litmus/dd2.litmus
       1
../litmus/dd3.litmus
       1
../litmus/dx1.litmus
       0
../litmus/dx2.litmus
       1
../litmus/dx3.litmus
       1
../litmus/e4.litmus
       1
../litmus/e6.litmus
       1
../litmus/ee1.litmus
       1
../litmus/ee2.litmus
       1
../litmus/ee3.litmus
       1
../litmus/g1.litmus
       1
../litmus/g2.litmus
       1
../litmus/g3.litmus
       1
../litmus/gg1.litmus
       1
../litmus/gg2.litmus
       1
../litmus/gg3.litmus
       1
../litmus/gros-cycle.litmus
       0
../litmus/h1.litmus
       1
../litmus/h2.litmus
       1
../litmus/h3.litmus
       1
../litmus/hh1.litmus
       1
../litmus/hh2.litmus
       1
../litmus/hh3.litmus
       1
../litmus/i1.litmus
       0
../litmus/i2.litmus
       0
../litmus/i3.litmus
       1
../litmus/i4.litmus
       1
../litmus/iriwv5.litmus
       1
../litmus/iriwv6.litmus
       0
../litmus/isa1.litmus
       1
../litmus/isa1v5.litmus
       1
../litmus/isa1v7.litmus
       1
../litmus/isa1v8.litmus
       0
../litmus/l1.litmus
       1
../litmus/l2.litmus
       1
../litmus/l3.litmus
       0
../litmus/lwdwr020.litmus
       1
../litmus/m1.litmus
       0
../litmus/m1l.litmus
       0
../litmus/m1s.litmus
       1
../litmus/m2.litmus
       1
../litmus/m2l.litmus
       1
../litmus/m2s.litmus
       1
../litmus/m3.litmus
       0
../litmus/m3l.litmus
       1
../litmus/m3s.litmus
       1
../litmus/m4.litmus
       1
../litmus/m4l.litmus
       0
../litmus/m4s.litmus
       1
../litmus/m5.litmus
       1
../litmus/m5l.litmus
       1
../litmus/m5s.litmus
       1
../litmus/m6.litmus
       0
../litmus/m6l.litmus
       0
../litmus/m6s.litmus
       1
../litmus/m7.litmus
       1
../litmus/m7l.litmus
       0
../litmus/m7s.litmus
       1
../litmus/m8.litmus
       0
../litmus/m8d.litmus
       0
../litmus/m8l.litmus
       1
../litmus/m8s.litmus
       1
../litmus/m9.litmus
       1
../litmus/m9l.litmus
       1
../litmus/m9s.litmus
       1
../litmus/ma.litmus
       1
../litmus/mal.litmus
       0
../litmus/mas.litmus
       1
../litmus/mb.litmus
       1
../litmus/mbl.litmus
       1
../litmus/mbs.litmus
       1
../litmus/mc.litmus
       1
../litmus/mcl.litmus
       1
../litmus/mcs.litmus
       1
../litmus/n1s.litmus
       1
../litmus/n2.litmus
       1
../litmus/n2l.litmus
       1
../litmus/n2s.litmus
       1
../litmus/o5.litmus
       1
../litmus/o5l.litmus
       1
../litmus/o5ls.litmus
       1
../litmus/o5s.litmus
       1
../litmus/podrr000.litmus
       0
../litmus/podrr001.litmus
       0
../litmus/podrr002.litmus
       0
../litmus/podrr003.litmus
       0
../litmus/podrr004.litmus
       0
../litmus/podrr005.litmus
       0
../litmus/podrr006.litmus
       0
../litmus/podrr007.litmus
       0
../litmus/podrr008.litmus
       0
../litmus/podrr009.litmus
       0
../litmus/podrr010.litmus
       0
../litmus/podrr011.litmus
       0
../litmus/podrw000.litmus
       0
../litmus/podrw001.litmus
       0
../litmus/podrw002.litmus
       0
../litmus/podrw003.litmus
       0
../litmus/podrw004.litmus
       0
../litmus/podrwposwr019.litmus
       0
../litmus/podrwposwr020.litmus
       0
../litmus/podrwposwr029.litmus
       0
../litmus/podrwposwr031.litmus
       0
../litmus/podrwposwr035.litmus
       0
../litmus/podrwposwr038.litmus
       0
../litmus/podrwposwr046.litmus
       0
../litmus/podrwposwr048.litmus
       0
../litmus/podrwposwr052.litmus
       0
../litmus/podrwposwr055.litmus
       0
../litmus/podrwposwr058.litmus
       0
../litmus/podrwposwr060.litmus
       0
../litmus/podrwposwr064.litmus
       0
../litmus/podrwposwr067.litmus
       0
../litmus/podwr000.litmus
       1
../litmus/podwr001.litmus
       1
../litmus/podww000.litmus
       1
../litmus/podww001.litmus
       1
../litmus/posrr007.litmus
       1
../litmus/posrr010.litmus
       1
../litmus/posrr012.litmus
       1
../litmus/rich5.litmus
       1
../litmus/rwcv2.litmus
       1
../litmus/rwcv3.litmus
       1
../litmus/rwcv5.litmus
       1
../litmus/rwcv6.litmus
       1
../litmus/rwcv7.litmus
       1
../litmus/rwcv8.litmus
       0
../litmus/safe036.litmus
       1
../litmus/safe039.litmus
       1
../litmus/safe041.litmus
       1
../litmus/safe042.litmus
       1
../litmus/safe043.litmus
       1
../litmus/safe044.litmus
       1
../litmus/safe045.litmus
       1
../litmus/safe047.litmus
       1
../litmus/safe049.litmus
       1
../litmus/safe050.litmus
       1
../litmus/safe051.litmus
       1
../litmus/safe052.litmus
       1
../litmus/safe053.litmus
       1
../litmus/safe054.litmus
       1
../litmus/safe055.litmus
       1
../litmus/safe058.litmus
       1
../litmus/safe059.litmus
       1
../litmus/safe060.litmus
       1
../litmus/safe061.litmus
       1
../litmus/safe062.litmus
       1
../litmus/safe063.litmus
       1
../litmus/safe070.litmus
       1
../litmus/safe071.litmus
       1
../litmus/safe072.litmus
       1
../litmus/safe073.litmus
       1
../litmus/safe074.litmus
       1
../litmus/safe075.litmus
       1
../litmus/safe076.litmus
       1
../litmus/safe077.litmus
       1
../litmus/safe078.litmus
       1
../litmus/safe079.litmus
       1
../litmus/safe080.litmus
       1
../litmus/safe081.litmus
       0
../litmus/safe082.litmus
       1
../litmus/safe083.litmus
       1
../litmus/safe084.litmus
       1
../litmus/safe085.litmus
       1
../litmus/safe086.litmus
       1
../litmus/safe088.litmus
       1
../litmus/safe089.litmus
       1
../litmus/safe090.litmus
       1
../litmus/safe091.litmus
       1
../litmus/safe093.litmus
       1
../litmus/safe094.litmus
       1
../litmus/safe097.litmus
       1
../litmus/safe098.litmus
       1
../litmus/safe099.litmus
       1
../litmus/safe100.litmus
       1
../litmus/safe101.litmus
       1
../litmus/safe102.litmus
       1
../litmus/safe104.litmus
       1
../litmus/safe105.litmus
       1
../litmus/safe106.litmus
       1
../litmus/safe107.litmus
       1
../litmus/safe108.litmus
       1
../litmus/safe109.litmus
       1
../litmus/safe110.litmus
       1
../litmus/safe111.litmus
       1
../litmus/safe112.litmus
       1
../litmus/safe113.litmus
       1
../litmus/safe114.litmus
       1
../litmus/safe115.litmus
       1
../litmus/safe116.litmus
       1
../litmus/safe117.litmus
       1
../litmus/safe118.litmus
       1
../litmus/safe122.litmus
       1
../litmus/safe123.litmus
       1
../litmus/safe124.litmus
       1
../litmus/safe125.litmus
       1
../litmus/safe126.litmus
       1
../litmus/safe127.litmus
       1
../litmus/safe128.litmus
       1
../litmus/safe129.litmus
       1
../litmus/safe130.litmus
       1
../litmus/safe131.litmus
       1
../litmus/safe132.litmus
       1
../litmus/safe133.litmus
       1
../litmus/safe134.litmus
       1
../litmus/safe135.litmus
       1
../litmus/safe137.litmus
       1
../litmus/safe139.litmus
       1
../litmus/safe140.litmus
       1
../litmus/safe141.litmus
       1
../litmus/safe142.litmus
       1
../litmus/safe143.litmus
       1
../litmus/safe144.litmus
       1
../litmus/safe147.litmus
       1
../litmus/safe148.litmus
       1
../litmus/safe149.litmus
       1
../litmus/safe150.litmus
       1
../litmus/safe151.litmus
       1
../litmus/safe152.litmus
       1
../litmus/safe159.litmus
       1
../litmus/safe160.litmus
       1
../litmus/safe161.litmus
       1
../litmus/safe162.litmus
       1
../litmus/safe163.litmus
       1
../litmus/safe164.litmus
       1
../litmus/safe165.litmus
       1
../litmus/safe166.litmus
       1
../litmus/safe167.litmus
       1
../litmus/safe168.litmus
       1
../litmus/safe169.litmus
       1
../litmus/safe170.litmus
       1
../litmus/safe171.litmus
       1
../litmus/safe172.litmus
       1
../litmus/safe173.litmus
       1
../litmus/safe174.litmus
       1
../litmus/safe176.litmus
       1
../litmus/safe177.litmus
       1
../litmus/safe178.litmus
       1
../litmus/safe179.litmus
       1
../litmus/safe181.litmus
       1
../litmus/safe184.litmus
       1
../litmus/safe185.litmus
       1
../litmus/safe186.litmus
       1
../litmus/safe187.litmus
       1
../litmus/safe188.litmus
       1
../litmus/safe189.litmus
       1
../litmus/safe191.litmus
       0
../litmus/safe192.litmus
       0
../litmus/safe193.litmus
       0
../litmus/safe194.litmus
       0
../litmus/safe195.litmus
       1
../litmus/safe196.litmus
       1
../litmus/safe197.litmus
       1
../litmus/safe198.litmus
       1
../litmus/safe199.litmus
       1
../litmus/safe200.litmus
       1
../litmus/safe201.litmus
       1
../litmus/safe202.litmus
       1
../litmus/safe206.litmus
       1
../litmus/safe207.litmus
       1
../litmus/safe208.litmus
       1
../litmus/safe209.litmus
       1
../litmus/safe210.litmus
       1
../litmus/safe211.litmus
       1
../litmus/safe212.litmus
       1
../litmus/safe213.litmus
       1
../litmus/safe214.litmus
       1
../litmus/safe215.litmus
       1
../litmus/safe216.litmus
       1
../litmus/safe217.litmus
       1
../litmus/safe218.litmus
       1
../litmus/safe219.litmus
       1
../litmus/safe225.litmus
       1
../litmus/safe226.litmus
       1
../litmus/safe227.litmus
       1
../litmus/safe228.litmus
       1
../litmus/safe229.litmus
       1
../litmus/safe230.litmus
       1
../litmus/safe231.litmus
       1
../litmus/safe232.litmus
       1
../litmus/safe233.litmus
       1
../litmus/safe234.litmus
       1
../litmus/safe248.litmus
       1
../litmus/safe249.litmus
       1
../litmus/safe253.litmus
       1
../litmus/safe254.litmus
       1
../litmus/safe255.litmus
       1
../litmus/safe256.litmus
       1
../litmus/safe257.litmus
       1
../litmus/safe258.litmus
       1
../litmus/safe259.litmus
       1
../litmus/safe260.litmus
       1
../litmus/safe261.litmus
       1
../litmus/safe262.litmus
       1
../litmus/safe263.litmus
       1
../litmus/safe264.litmus
       1
../litmus/safe266.litmus
       1
../litmus/safe267.litmus
       1
../litmus/safe268.litmus
       1
../litmus/safe269.litmus
       1
../litmus/safe270.litmus
       1
../litmus/safe271.litmus
       1
../litmus/safe272.litmus
       1
../litmus/safe273.litmus
       1
../litmus/safe274.litmus
       1
../litmus/safe277.litmus
       1
../litmus/safe278.litmus
       1
../litmus/safe279.litmus
       1
../litmus/safe280.litmus
       1
../litmus/safe281.litmus
       1
../litmus/safe282.litmus
       1
../litmus/safe284.litmus
       1
../litmus/safe289.litmus
       1
../litmus/safe290.litmus
       1
../litmus/safe291.litmus
       1
../litmus/safe292.litmus
       1
../litmus/safe293.litmus
       1
../litmus/safe294.litmus
       1
../litmus/safe295.litmus
       1
../litmus/safe296.litmus
       1
../litmus/safe360.litmus
       1
../litmus/safe361.litmus
       1
../litmus/safe362.litmus
       1
../litmus/safe363.litmus
       1
../litmus/safe364.litmus
       1
../litmus/safe365.litmus
       1
../litmus/safe366.litmus
       1
../litmus/safe367.litmus
       1
../litmus/safe368.litmus
       1
../litmus/safe369.litmus
       1
../litmus/safe370.litmus
       1
../litmus/safe371.litmus
       1
../litmus/safe372.litmus
       0
../litmus/safe373.litmus
       0
../litmus/safe374.litmus
       1
../litmus/safe375.litmus
       1
../litmus/safe376.litmus
       1
../litmus/safe377.litmus
       1
../litmus/safe378.litmus
       1
../litmus/safe379.litmus
       1
../litmus/safe382.litmus
       1
../litmus/safe383.litmus
       0
../litmus/safe384.litmus
       1
../litmus/safe385.litmus
       1
../litmus/safe386.litmus
       1
../litmus/safe387.litmus
       1
../litmus/safe388.litmus
       1
../litmus/safe389.litmus
       1
../litmus/safe393.litmus
       1
../litmus/safe394.litmus
       1
../litmus/safe395.litmus
       1
../litmus/safe396.litmus
       1
../litmus/safe397.litmus
       1
../litmus/safe398.litmus
       1
../litmus/safe399.litmus
       1
../litmus/safe400.litmus
       1
../litmus/safe401.litmus
       1
../litmus/safe402.litmus
       1
../litmus/safe403.litmus
       1
../litmus/safe404.litmus
       1
../litmus/safe405.litmus
       0
../litmus/safe406.litmus
       1
../litmus/safe407.litmus
       1
../litmus/safe408.litmus
       1
../litmus/safe409.litmus
       1
../litmus/safe410.litmus
       1
../litmus/safe411.litmus
       1
../litmus/safe412.litmus
       1
../litmus/safe413.litmus
       1
../litmus/safe414.litmus
       1
../litmus/safe415.litmus
       1
../litmus/safe416.litmus
       1
../litmus/safe417.litmus
       1
../litmus/safe418.litmus
       0
../litmus/safe419.litmus
       1
../litmus/safe420.litmus
       1
../litmus/safe421.litmus
       1
../litmus/safe422.litmus
       1
../litmus/safe423.litmus
       1
../litmus/safe424.litmus
       1
../litmus/safe425.litmus
       1
../litmus/safe426.litmus
       1
../litmus/safe427.litmus
       1
../litmus/safe428.litmus
       1
../litmus/safe429.litmus
       1
../litmus/safe430.litmus
       1
../litmus/safe431.litmus
       1
../litmus/safe432.litmus
       0
../litmus/safe433.litmus
       1
../litmus/safe434.litmus
       1
../litmus/safe437.litmus
       1
../litmus/safe438.litmus
       1
../litmus/safe439.litmus
       1
../litmus/safe440.litmus
       1
../litmus/safe441.litmus
       1
../litmus/safe442.litmus
       1
../litmus/safe443.litmus
       1
../litmus/safe444.litmus
       1
../litmus/safe445.litmus
       1
../litmus/safe446.litmus
       1
../litmus/safe447.litmus
       1
../litmus/safe448.litmus
       1
../litmus/safe449.litmus
       1
../litmus/safe450.litmus
       1
../litmus/safe451.litmus
       1
../litmus/safe452.litmus
       0
../litmus/safe453.litmus
       0
../litmus/safe454.litmus
       0
../litmus/safe455.litmus
       1
../litmus/safe456.litmus
       0
../litmus/safe457.litmus
       0
../litmus/safe458.litmus
       0
../litmus/safe459.litmus
       0
../litmus/safe460.litmus
       1
../litmus/safe461.litmus
       1
../litmus/safe462.litmus
       1
../litmus/safe463.litmus
       1
../litmus/safe464.litmus
       1
../litmus/safe465.litmus
       1
../litmus/safe466.litmus
       1
../litmus/safe467.litmus
       1
../litmus/safe468.litmus
       1
../litmus/safe469.litmus
       1
../litmus/safe470.litmus
       1
../litmus/safe471.litmus
       1
../litmus/safe472.litmus
       1
../litmus/safe473.litmus
       1
../litmus/safe474.litmus
       1
../litmus/safe475.litmus
       1
../litmus/safe476.litmus
       1
../litmus/safe477.litmus
       1
../litmus/safe478.litmus
       1
../litmus/safe479.litmus
       1
../litmus/safe480.litmus
       1
../litmus/safe487.litmus
       1
../litmus/safe488.litmus
       1
../litmus/safe489.litmus
       1
../litmus/safe490.litmus
       1
../litmus/safe491.litmus
       1
../litmus/safe492.litmus
       1
../litmus/safe497.litmus
       1
../litmus/safe498.litmus
       1
../litmus/safe499.litmus
       1
../litmus/safe500.litmus
       1
../litmus/safe501.litmus
       1
../litmus/safe502.litmus
       1
../litmus/safe503.litmus
       1
../litmus/safe504.litmus
       1
../litmus/safe505.litmus
       1
../litmus/safe522.litmus
       1
../litmus/safe523.litmus
       1
../litmus/safe524.litmus
       1
../litmus/safe525.litmus
       1
../litmus/safe526.litmus
       1
../litmus/safe527.litmus
       1
../litmus/safe528.litmus
       1
../litmus/safe529.litmus
       1
../litmus/safe530.litmus
       1
../litmus/safe531.litmus
       1
../litmus/safe532.litmus
       1
../litmus/safe533.litmus
       1
../litmus/safe538.litmus
       1
../litmus/safe539.litmus
       0
../litmus/safe540.litmus
       1
../litmus/safe541.litmus
       1
../litmus/safe542.litmus
       1
../litmus/safe543.litmus
       1
../litmus/safe544.litmus
       1
../litmus/safe551.litmus
       1
../litmus/safe552.litmus
       1
../litmus/safe553.litmus
       1
../litmus/safe554.litmus
       1
../litmus/safe555.litmus
       1
../litmus/safe556.litmus
       1
../litmus/safe557.litmus
       1
../litmus/safe558.litmus
       1
../litmus/safe559.litmus
       1
../litmus/safe560.litmus
       1
../litmus/safe561.litmus
       1
../litmus/safe562.litmus
       1
../litmus/safe563.litmus
       1
../litmus/safe564.litmus
       1
../litmus/safe565.litmus
       1
../litmus/safe566.litmus
       1
../litmus/wrcv0.litmus
       1
../litmus/wrcv1.litmus
       1
../litmus/wrcv2.litmus
       1
