2+2W+isync+po.litmus
       1
2+2W+isyncs.litmus
       1
2+2W+lwsync+isync.litmus
       1
2+2W+lwsync+po.litmus
       1
2+2W+lwsync+rfi-data.litmus
       1
2+2W+lwsync+sync.litmus
       1
2+2W+lwsyncs.litmus
       1
2+2W+rfi-datas.litmus
       1
2+2W+sync+isync.litmus
       1
2+2W+sync+lwsync.litmus
       1
2+2W+sync+po.litmus
       1
2+2W+sync+rfi-data.litmus
       1
2+2W+syncs.litmus
       1
2+2W.litmus
       1
3.2W+lwsync+lwsync+po.litmus
       1
3.2W+lwsync+lwsync+rfi-data.litmus
       1
3.2W+lwsync+po+po.litmus
       1
3.2W+lwsync+rfi-data+rfi-data.litmus
       1
3.2W+lwsync+sync+lwsync.litmus
       1
3.2W+lwsync+sync+po.litmus
       1
3.2W+lwsyncs.litmus
       1
3.2W+rfi-datas.litmus
       1
3.2W+sync+lwsync+lwsync.litmus
       1
3.2W+sync+lwsync+po.litmus
       1
3.2W+sync+lwsync+rfi-data.litmus
       1
3.2W+sync+po+po.litmus
       1
3.2W+sync+rfi-data+lwsync.litmus
       1
3.2W+sync+rfi-data+rfi-data.litmus
       1
3.2W+sync+sync+lwsync.litmus
       1
3.2W+sync+sync+po.litmus
       1
3.2W+sync+sync+rfi-data.litmus
       1
3.2W+syncs.litmus
       1
3.2W.litmus
       1
3.LB+lwsync+lwsync+po.litmus
       0
3.LB+lwsync+po+po.litmus
       0
3.LB+lwsync+sync+lwsync.litmus
       1
3.LB+lwsync+sync+po.litmus
       0
3.LB+lwsyncs.litmus
       1
3.LB+sync+lwsync+lwsync.litmus
       1
3.LB+sync+lwsync+po.litmus
       0
3.LB+sync+po+po.litmus
       0
3.LB+sync+sync+lwsync.litmus
       1
3.LB+sync+sync+po.litmus
       0
3.LB+syncs.litmus
       1
3.LB.litmus
       0
3.SB+lwsync+lwsync+po.litmus
       1
3.SB+lwsync+po+po.litmus
       1
3.SB+lwsync+sync+lwsync.litmus
       1
3.SB+lwsync+sync+po.litmus
       1
3.SB+lwsyncs.litmus
       1
3.SB+sync+lwsync+lwsync.litmus
       1
3.SB+sync+lwsync+po.litmus
       1
3.SB+sync+po+po.litmus
       1
3.SB+sync+sync+lwsync.litmus
       1
3.SB+sync+sync+po.litmus
       1
3.SB+syncs.litmus
       1
3.SB.litmus
       1
CO-2+2W.litmus
       1
CO-IRIW.litmus
       1
CO-LB+fri+pos-fri.litmus
       1
CO-LB.litmus
       1
CO-MP+sync+po.litmus
       1
CO-MP.litmus
       1
CO-R+sync+po.litmus
       1
CO-R.litmus
       1
CO-S+sync+po.litmus
       1
CO-S+wsi+pos-fri.litmus
       1
CO-S.litmus
       1
CO-SB.litmus
       1
CO-SBI.litmus
       1
CoRR5.litmus
       1
CoWW2.litmus
       1
DETOUR0158.litmus
       1
DETOUR0160.litmus
       1
DETOUR0161.litmus
       0
DETOUR0162.litmus
       0
DETOUR0163.litmus
       1
DETOUR0165.litmus
       1
DETOUR0166.litmus
       0
DETOUR0167.litmus
       0
DETOUR0169.litmus
       1
DETOUR0170.litmus
       1
DETOUR0171.litmus
       0
DETOUR0173.litmus
       0
DETOUR0175.litmus
       0
DETOUR0176.litmus
       1
DETOUR0177.litmus
       0
DETOUR0178.litmus
       0
DETOUR0179.litmus
       0
DETOUR0181.litmus
       0
DETOUR0182.litmus
       0
DETOUR0183.litmus
       0
DETOUR0189.litmus
       1
DETOUR0190.litmus
       1
DETOUR0191.litmus
       0
DETOUR0193.litmus
       0
DETOUR0195.litmus
       0
DETOUR0196.litmus
       1
DETOUR0197.litmus
       0
DETOUR0198.litmus
       0
DETOUR0199.litmus
       0
DETOUR0201.litmus
       0
DETOUR0202.litmus
       0
DETOUR0204.litmus
       0
DETOUR0205.litmus
       0
DETOUR0206.litmus
       0
DETOUR0208.litmus
       0
DETOUR0236.litmus
       1
DETOUR0237.litmus
       1
DETOUR0238.litmus
       1
DETOUR0239.litmus
       0
DETOUR0241.litmus
       1
DETOUR0242.litmus
       1
DETOUR0243.litmus
       1
DETOUR0244.litmus
       0
DETOUR0246.litmus
       1
DETOUR0247.litmus
       0
DETOUR0248.litmus
       0
DETOUR0250.litmus
       0
DETOUR0251.litmus
       0
DETOUR0253.litmus
       1
DETOUR0254.litmus
       1
DETOUR0255.litmus
       0
DETOUR0256.litmus
       0
DETOUR0257.litmus
       0
DETOUR0259.litmus
       0
DETOUR0260.litmus
       0
DETOUR0262.litmus
       1
DETOUR0263.litmus
       1
DETOUR0264.litmus
       1
DETOUR0265.litmus
       0
DETOUR0267.litmus
       1
DETOUR0268.litmus
       1
DETOUR0269.litmus
       1
DETOUR0270.litmus
       0
DETOUR0272.litmus
       1
DETOUR0273.litmus
       0
DETOUR0274.litmus
       0
DETOUR0276.litmus
       0
DETOUR0277.litmus
       0
DETOUR0279.litmus
       1
DETOUR0280.litmus
       1
DETOUR0281.litmus
       0
DETOUR0282.litmus
       0
DETOUR0283.litmus
       0
DETOUR0285.litmus
       0
DETOUR0286.litmus
       0
DETOUR0288.litmus
       1
DETOUR0289.litmus
       1
DETOUR0290.litmus
       0
DETOUR0292.litmus
       0
DETOUR0294.litmus
       0
DETOUR0295.litmus
       0
DETOUR0296.litmus
       0
DETOUR0298.litmus
       1
DETOUR0299.litmus
       1
DETOUR0300.litmus
       0
DETOUR0302.litmus
       1
DETOUR0303.litmus
       1
DETOUR0304.litmus
       0
DETOUR0306.litmus
       0
DETOUR0308.litmus
       0
DETOUR0310.litmus
       0
DETOUR0311.litmus
       0
DETOUR0312.litmus
       0
DETOUR0314.litmus
       0
DETOUR0316.litmus
       0
DETOUR0317.litmus
       1
DETOUR0318.litmus
       0
DETOUR0319.litmus
       0
DETOUR0321.litmus
       0
DETOUR0322.litmus
       0
DETOUR0323.litmus
       0
DETOUR0325.litmus
       0
DETOUR0326.litmus
       0
DETOUR0327.litmus
       0
DETOUR0328.litmus
       0
DETOUR0330.litmus
       0
DETOUR0331.litmus
       1
DETOUR0332.litmus
       0
DETOUR0333.litmus
       0
DETOUR0335.litmus
       0
DETOUR0336.litmus
       1
DETOUR0337.litmus
       0
DETOUR0338.litmus
       0
DETOUR0340.litmus
       0
DETOUR0341.litmus
       0
DETOUR0342.litmus
       0
DETOUR0344.litmus
       0
DETOUR0345.litmus
       0
DETOUR0347.litmus
       0
DETOUR0348.litmus
       1
DETOUR0349.litmus
       0
DETOUR0350.litmus
       0
DETOUR0351.litmus
       0
DETOUR0353.litmus
       0
DETOUR0354.litmus
       0
DETOUR0359.litmus
       1
DETOUR0360.litmus
       1
DETOUR0361.litmus
       1
DETOUR0362.litmus
       0
DETOUR0363.litmus
       1
DETOUR0364.litmus
       1
DETOUR0365.litmus
       1
DETOUR0366.litmus
       0
DETOUR0367.litmus
       1
DETOUR0368.litmus
       1
DETOUR0369.litmus
       1
DETOUR0370.litmus
       1
DETOUR0371.litmus
       0
DETOUR0372.litmus
       0
DETOUR0373.litmus
       1
DETOUR0374.litmus
       0
DETOUR0379.litmus
       1
DETOUR0380.litmus
       1
DETOUR0381.litmus
       1
DETOUR0382.litmus
       1
DETOUR0383.litmus
       1
DETOUR0384.litmus
       0
DETOUR0385.litmus
       0
DETOUR0386.litmus
       1
DETOUR0387.litmus
       0
DETOUR0388.litmus
       1
DETOUR0389.litmus
       1
DETOUR0411.litmus
       1
DETOUR0412.litmus
       1
DETOUR0413.litmus
       1
DETOUR0414.litmus
       1
DETOUR0415.litmus
       1
DETOUR0416.litmus
       1
DETOUR0417.litmus
       1
DETOUR0418.litmus
       0
DETOUR0421.litmus
       1
DETOUR0422.litmus
       0
DETOUR0423.litmus
       0
DETOUR0424.litmus
       0
DETOUR0425.litmus
       0
DETOUR0426.litmus
       0
DETOUR0427.litmus
       1
DETOUR0428.litmus
       0
DETOUR0429.litmus
       0
DETOUR0430.litmus
       1
DETOUR0431.litmus
       0
DETOUR0432.litmus
       1
DETOUR0433.litmus
       1
DETOUR0434.litmus
       1
DETOUR0435.litmus
       1
DETOUR0436.litmus
       1
DETOUR0437.litmus
       1
DETOUR0438.litmus
       1
DETOUR0439.litmus
       0
DETOUR0442.litmus
       1
DETOUR0443.litmus
       0
DETOUR0444.litmus
       0
DETOUR0445.litmus
       0
DETOUR0446.litmus
       0
DETOUR0447.litmus
       0
DETOUR0448.litmus
       1
DETOUR0449.litmus
       0
DETOUR0450.litmus
       0
DETOUR0451.litmus
       1
DETOUR0452.litmus
       0
DETOUR0453.litmus
       1
DETOUR0454.litmus
       1
DETOUR0457.litmus
       1
DETOUR0458.litmus
       0
DETOUR0459.litmus
       1
DETOUR0460.litmus
       0
DETOUR0461.litmus
       0
DETOUR0462.litmus
       0
DETOUR0463.litmus
       1
DETOUR0464.litmus
       1
DETOUR0465.litmus
       1
DETOUR0468.litmus
       0
DETOUR0469.litmus
       0
DETOUR0470.litmus
       1
DETOUR0471.litmus
       1
DETOUR0472.litmus
       1
DETOUR0473.litmus
       1
DETOUR0474.litmus
       0
DETOUR0475.litmus
       1
DETOUR0476.litmus
       0
DETOUR0479.litmus
       0
DETOUR0480.litmus
       0
DETOUR0481.litmus
       1
DETOUR0482.litmus
       0
DETOUR0483.litmus
       0
DETOUR0484.litmus
       0
DETOUR0485.litmus
       0
DETOUR0486.litmus
       0
DETOUR0487.litmus
       0
DETOUR0488.litmus
       0
DETOUR0489.litmus
       1
DETOUR0490.litmus
       0
DETOUR0491.litmus
       1
DETOUR0492.litmus
       0
DETOUR0493.litmus
       1
DETOUR0494.litmus
       0
DETOUR0497.litmus
       0
DETOUR0498.litmus
       0
DETOUR0499.litmus
       0
DETOUR0500.litmus
       0
DETOUR0501.litmus
       0
DETOUR0502.litmus
       0
DETOUR0503.litmus
       1
DETOUR0504.litmus
       0
DETOUR0505.litmus
       0
DETOUR0506.litmus
       1
DETOUR0507.litmus
       0
DETOUR0527.litmus
       1
DETOUR0528.litmus
       1
DETOUR0529.litmus
       1
DETOUR0530.litmus
       1
DETOUR0531.litmus
       1
DETOUR0532.litmus
       1
DETOUR0533.litmus
       1
DETOUR0534.litmus
       0
DETOUR0537.litmus
       1
DETOUR0538.litmus
       0
DETOUR0539.litmus
       1
DETOUR0540.litmus
       0
DETOUR0541.litmus
       0
DETOUR0542.litmus
       0
DETOUR0543.litmus
       1
DETOUR0544.litmus
       0
DETOUR0545.litmus
       0
DETOUR0546.litmus
       1
DETOUR0547.litmus
       0
DETOUR0548.litmus
       1
DETOUR0549.litmus
       1
DETOUR0552.litmus
       1
DETOUR0553.litmus
       0
DETOUR0554.litmus
       1
DETOUR0555.litmus
       0
DETOUR0556.litmus
       1
DETOUR0557.litmus
       0
DETOUR0558.litmus
       1
DETOUR0559.litmus
       1
DETOUR0560.litmus
       1
DETOUR0563.litmus
       1
DETOUR0564.litmus
       0
DETOUR0565.litmus
       1
DETOUR0566.litmus
       1
DETOUR0567.litmus
       1
DETOUR0568.litmus
       1
DETOUR0569.litmus
       1
DETOUR0570.litmus
       1
DETOUR0571.litmus
       0
DETOUR0574.litmus
       1
DETOUR0575.litmus
       0
DETOUR0576.litmus
       1
DETOUR0577.litmus
       0
DETOUR0578.litmus
       1
DETOUR0579.litmus
       0
DETOUR0580.litmus
       1
DETOUR0581.litmus
       0
DETOUR0582.litmus
       1
DETOUR0583.litmus
       1
DETOUR0584.litmus
       1
DETOUR0585.litmus
       1
DETOUR0586.litmus
       1
DETOUR0587.litmus
       1
DETOUR0588.litmus
       1
DETOUR0589.litmus
       0
DETOUR0592.litmus
       1
DETOUR0593.litmus
       0
DETOUR0594.litmus
       0
DETOUR0595.litmus
       0
DETOUR0596.litmus
       1
DETOUR0597.litmus
       0
DETOUR0598.litmus
       0
DETOUR0599.litmus
       1
DETOUR0600.litmus
       0
DETOUR0601.litmus
       1
DETOUR0602.litmus
       1
DETOUR0607.litmus
       1
DETOUR0608.litmus
       1
DETOUR0609.litmus
       1
DETOUR0610.litmus
       0
DETOUR0611.litmus
       1
DETOUR0612.litmus
       1
DETOUR0613.litmus
       1
DETOUR0614.litmus
       0
DETOUR0615.litmus
       1
DETOUR0616.litmus
       1
DETOUR0617.litmus
       1
DETOUR0618.litmus
       1
DETOUR0619.litmus
       1
DETOUR0620.litmus
       1
DETOUR0621.litmus
       1
DETOUR0622.litmus
       0
DETOUR0623.litmus
       1
DETOUR0624.litmus
       1
DETOUR0625.litmus
       1
DETOUR0630.litmus
       1
DETOUR0631.litmus
       1
DETOUR0632.litmus
       1
DETOUR0633.litmus
       1
DETOUR0634.litmus
       1
DETOUR0635.litmus
       1
DETOUR0636.litmus
       1
DETOUR0637.litmus
       1
DETOUR0638.litmus
       0
DETOUR0639.litmus
       1
DETOUR0666.litmus
       1
DETOUR0667.litmus
       1
DETOUR0668.litmus
       1
DETOUR0669.litmus
       1
DETOUR0671.litmus
       1
DETOUR0672.litmus
       1
DETOUR0673.litmus
       1
DETOUR0674.litmus
       1
DETOUR0676.litmus
       1
DETOUR0677.litmus
       1
DETOUR0678.litmus
       1
DETOUR0680.litmus
       1
DETOUR0681.litmus
       1
DETOUR0683.litmus
       1
DETOUR0684.litmus
       1
DETOUR0685.litmus
       1
DETOUR0686.litmus
       1
DETOUR0687.litmus
       1
DETOUR0689.litmus
       1
DETOUR0690.litmus
       1
DETOUR0692.litmus
       1
DETOUR0693.litmus
       1
DETOUR0694.litmus
       1
DETOUR0696.litmus
       1
DETOUR0698.litmus
       1
DETOUR0699.litmus
       1
DETOUR0700.litmus
       1
DETOUR0702.litmus
       1
DETOUR0703.litmus
       1
DETOUR0704.litmus
       1
DETOUR0706.litmus
       1
DETOUR0707.litmus
       1
DETOUR0708.litmus
       1
DETOUR0710.litmus
       1
DETOUR0712.litmus
       1
DETOUR0714.litmus
       1
DETOUR0715.litmus
       1
DETOUR0716.litmus
       1
DETOUR0718.litmus
       1
DETOUR0720.litmus
       1
DETOUR0721.litmus
       1
DETOUR0722.litmus
       1
DETOUR0723.litmus
       1
DETOUR0725.litmus
       1
DETOUR0726.litmus
       1
DETOUR0727.litmus
       1
DETOUR0729.litmus
       1
DETOUR0730.litmus
       1
DETOUR0731.litmus
       1
DETOUR0732.litmus
       1
DETOUR0734.litmus
       1
DETOUR0735.litmus
       1
DETOUR0736.litmus
       1
DETOUR0737.litmus
       1
DETOUR0739.litmus
       1
DETOUR0740.litmus
       1
DETOUR0741.litmus
       1
DETOUR0742.litmus
       1
DETOUR0744.litmus
       1
DETOUR0745.litmus
       1
DETOUR0746.litmus
       1
DETOUR0748.litmus
       1
DETOUR0750.litmus
       1
DETOUR0751.litmus
       1
DETOUR0752.litmus
       1
DETOUR0753.litmus
       1
DETOUR0754.litmus
       1
DETOUR0756.litmus
       1
DETOUR0757.litmus
       1
DETOUR0759.litmus
       1
DETOUR0760.litmus
       1
DETOUR0761.litmus
       1
DETOUR0763.litmus
       1
DETOUR0769.litmus
       1
DETOUR0771.litmus
       1
DETOUR0772.litmus
       1
DETOUR0773.litmus
       1
DETOUR0774.litmus
       1
DETOUR0776.litmus
       1
DETOUR0777.litmus
       1
DETOUR0778.litmus
       1
DETOUR0780.litmus
       1
DETOUR0781.litmus
       1
DETOUR0782.litmus
       1
DETOUR0784.litmus
       1
DETOUR0786.litmus
       1
DETOUR0787.litmus
       1
DETOUR0788.litmus
       1
DETOUR0789.litmus
       1
DETOUR0790.litmus
       1
DETOUR0792.litmus
       1
DETOUR0793.litmus
       1
DETOUR0794.litmus
       1
DETOUR0796.litmus
       1
DETOUR0797.litmus
       1
DETOUR0798.litmus
       1
DETOUR0800.litmus
       1
DETOUR0801.litmus
       1
DETOUR0802.litmus
       1
DETOUR0804.litmus
       1
DETOUR0810.litmus
       1
DETOUR0811.litmus
       1
DETOUR0812.litmus
       1
DETOUR0814.litmus
       1
DETOUR0816.litmus
       1
DETOUR0817.litmus
       1
DETOUR0818.litmus
       1
DETOUR0819.litmus
       1
DETOUR0820.litmus
       1
DETOUR0822.litmus
       1
DETOUR0823.litmus
       1
DETOUR0825.litmus
       1
DETOUR0826.litmus
       1
DETOUR0827.litmus
       1
DETOUR0847.litmus
       1
DETOUR0848.litmus
       1
DETOUR0849.litmus
       1
DETOUR0850.litmus
       1
DETOUR0851.litmus
       1
DETOUR0852.litmus
       1
DETOUR0853.litmus
       1
DETOUR0854.litmus
       0
DETOUR0857.litmus
       1
DETOUR0858.litmus
       0
DETOUR0859.litmus
       1
DETOUR0860.litmus
       0
DETOUR0861.litmus
       0
DETOUR0862.litmus
       0
DETOUR0863.litmus
       1
DETOUR0864.litmus
       0
DETOUR0865.litmus
       0
DETOUR0866.litmus
       1
DETOUR0867.litmus
       0
DETOUR0868.litmus
       1
DETOUR0869.litmus
       1
DETOUR0872.litmus
       1
DETOUR0873.litmus
       0
DETOUR0874.litmus
       1
DETOUR0875.litmus
       0
DETOUR0876.litmus
       1
DETOUR0877.litmus
       0
DETOUR0878.litmus
       1
DETOUR0879.litmus
       1
DETOUR0880.litmus
       1
DETOUR0883.litmus
       1
DETOUR0884.litmus
       0
DETOUR0885.litmus
       1
DETOUR0886.litmus
       1
DETOUR0887.litmus
       1
DETOUR0888.litmus
       1
DETOUR0889.litmus
       1
DETOUR0890.litmus
       1
DETOUR0891.litmus
       0
DETOUR0894.litmus
       1
DETOUR0895.litmus
       0
DETOUR0896.litmus
       1
DETOUR0897.litmus
       0
DETOUR0898.litmus
       1
DETOUR0899.litmus
       0
DETOUR0900.litmus
       1
DETOUR0901.litmus
       0
DETOUR0902.litmus
       1
DETOUR0903.litmus
       1
DETOUR0904.litmus
       1
DETOUR0905.litmus
       1
DETOUR0906.litmus
       1
DETOUR0907.litmus
       1
DETOUR0908.litmus
       1
DETOUR0909.litmus
       0
DETOUR0912.litmus
       1
DETOUR0913.litmus
       0
DETOUR0914.litmus
       0
DETOUR0915.litmus
       0
DETOUR0916.litmus
       1
DETOUR0917.litmus
       0
DETOUR0918.litmus
       0
DETOUR0919.litmus
       1
DETOUR0920.litmus
       0
DETOUR0921.litmus
       1
DETOUR0922.litmus
       1
DETOUR0927.litmus
       1
DETOUR0928.litmus
       1
DETOUR0929.litmus
       1
DETOUR0930.litmus
       0
DETOUR0931.litmus
       1
DETOUR0932.litmus
       1
DETOUR0933.litmus
       1
DETOUR0934.litmus
       0
DETOUR0935.litmus
       1
DETOUR0936.litmus
       1
DETOUR0937.litmus
       1
DETOUR0938.litmus
       1
DETOUR0939.litmus
       1
DETOUR0940.litmus
       1
DETOUR0941.litmus
       1
DETOUR0942.litmus
       0
DETOUR0943.litmus
       1
DETOUR0944.litmus
       1
DETOUR0945.litmus
       1
DETOUR0950.litmus
       1
DETOUR0951.litmus
       1
DETOUR0952.litmus
       1
DETOUR0953.litmus
       1
DETOUR0954.litmus
       1
DETOUR0955.litmus
       1
DETOUR0956.litmus
       1
DETOUR0957.litmus
       1
DETOUR0958.litmus
       0
DETOUR0959.litmus
       1
DETOUR0981.litmus
       1
DETOUR0982.litmus
       1
DETOUR0983.litmus
       1
DETOUR0984.litmus
       1
DETOUR0985.litmus
       1
DETOUR0986.litmus
       1
DETOUR0987.litmus
       1
DETOUR0988.litmus
       0
DETOUR0991.litmus
       1
DETOUR0992.litmus
       0
DETOUR0993.litmus
       1
DETOUR0994.litmus
       0
DETOUR0995.litmus
       0
DETOUR0996.litmus
       0
DETOUR0997.litmus
       1
DETOUR0998.litmus
       0
DETOUR0999.litmus
       0
DETOUR1000.litmus
       1
DETOUR1001.litmus
       0
DETOUR1002.litmus
       1
DETOUR1003.litmus
       1
DETOUR1004.litmus
       1
DETOUR1005.litmus
       1
DETOUR1006.litmus
       1
DETOUR1007.litmus
       1
DETOUR1008.litmus
       1
DETOUR1009.litmus
       0
DETOUR1012.litmus
       1
DETOUR1013.litmus
       0
DETOUR1014.litmus
       1
DETOUR1015.litmus
       0
DETOUR1016.litmus
       0
DETOUR1017.litmus
       0
DETOUR1018.litmus
       1
DETOUR1019.litmus
       0
DETOUR1020.litmus
       0
DETOUR1021.litmus
       1
DETOUR1022.litmus
       0
DETOUR1023.litmus
       1
DETOUR1024.litmus
       1
DETOUR1027.litmus
       1
DETOUR1028.litmus
       0
DETOUR1029.litmus
       1
DETOUR1030.litmus
       0
DETOUR1031.litmus
       1
DETOUR1032.litmus
       0
DETOUR1033.litmus
       1
DETOUR1034.litmus
       1
DETOUR1035.litmus
       1
DETOUR1038.litmus
       1
DETOUR1039.litmus
       0
DETOUR1040.litmus
       1
DETOUR1041.litmus
       1
DETOUR1042.litmus
       1
DETOUR1043.litmus
       1
DETOUR1044.litmus
       1
DETOUR1045.litmus
       1
DETOUR1046.litmus
       0
DETOUR1049.litmus
       1
DETOUR1050.litmus
       0
DETOUR1051.litmus
       1
DETOUR1052.litmus
       0
DETOUR1053.litmus
       1
DETOUR1054.litmus
       0
DETOUR1055.litmus
       1
DETOUR1056.litmus
       0
DETOUR1057.litmus
       1
DETOUR1058.litmus
       1
DETOUR1059.litmus
       1
DETOUR1060.litmus
       1
DETOUR1061.litmus
       1
DETOUR1062.litmus
       1
DETOUR1063.litmus
       1
DETOUR1064.litmus
       0
DETOUR1067.litmus
       1
DETOUR1068.litmus
       0
DETOUR1069.litmus
       1
DETOUR1070.litmus
       0
DETOUR1071.litmus
       0
DETOUR1072.litmus
       0
DETOUR1073.litmus
       1
DETOUR1074.litmus
       0
DETOUR1075.litmus
       0
DETOUR1076.litmus
       1
DETOUR1077.litmus
       0
DETOUR1105.litmus
       1
DETOUR1106.litmus
       1
DETOUR1107.litmus
       1
DETOUR1108.litmus
       1
DETOUR1110.litmus
       1
DETOUR1111.litmus
       1
DETOUR1112.litmus
       1
DETOUR1113.litmus
       1
DETOUR1115.litmus
       1
DETOUR1116.litmus
       1
DETOUR1117.litmus
       1
DETOUR1119.litmus
       1
DETOUR1120.litmus
       1
DETOUR1122.litmus
       1
DETOUR1123.litmus
       1
DETOUR1124.litmus
       1
DETOUR1125.litmus
       1
DETOUR1126.litmus
       1
DETOUR1128.litmus
       1
DETOUR1129.litmus
       1
DETOUR1131.litmus
       1
DETOUR1132.litmus
       1
DETOUR1133.litmus
       1
DETOUR1134.litmus
       1
DETOUR1136.litmus
       1
DETOUR1137.litmus
       1
DETOUR1138.litmus
       1
DETOUR1139.litmus
       1
DETOUR1141.litmus
       1
DETOUR1142.litmus
       1
DETOUR1143.litmus
       1
DETOUR1145.litmus
       1
DETOUR1146.litmus
       1
DETOUR1148.litmus
       1
DETOUR1149.litmus
       1
DETOUR1150.litmus
       1
DETOUR1151.litmus
       1
DETOUR1152.litmus
       1
DETOUR1154.litmus
       1
DETOUR1155.litmus
       1
DETOUR1157.litmus
       1
DETOUR1158.litmus
       1
DETOUR1159.litmus
       1
DETOUR1161.litmus
       1
DETOUR1163.litmus
       1
DETOUR1164.litmus
       1
DETOUR1165.litmus
       1
DETOUR1167.litmus
       1
DETOUR1168.litmus
       1
DETOUR1169.litmus
       1
DETOUR1171.litmus
       1
DETOUR1172.litmus
       1
DETOUR1173.litmus
       1
DETOUR1175.litmus
       1
DETOUR1177.litmus
       1
DETOUR1179.litmus
       1
DETOUR1180.litmus
       1
DETOUR1181.litmus
       1
DETOUR1183.litmus
       1
DETOUR1185.litmus
       1
DETOUR1186.litmus
       1
DETOUR1187.litmus
       1
DETOUR1188.litmus
       1
DETOUR1190.litmus
       1
DETOUR1191.litmus
       1
DETOUR1192.litmus
       1
DETOUR1194.litmus
       1
DETOUR1195.litmus
       1
DETOUR1196.litmus
       1
DETOUR1197.litmus
       1
DETOUR1199.litmus
       1
DETOUR1200.litmus
       1
DETOUR1201.litmus
       1
DETOUR1202.litmus
       1
DETOUR1204.litmus
       1
DETOUR1205.litmus
       1
DETOUR1206.litmus
       1
DETOUR1207.litmus
       1
DETOUR1209.litmus
       1
DETOUR1210.litmus
       1
DETOUR1211.litmus
       1
DETOUR1213.litmus
       1
DETOUR1214.litmus
       1
DETOUR1216.litmus
       1
DETOUR1217.litmus
       1
DETOUR1218.litmus
       1
DETOUR1219.litmus
       1
DETOUR1220.litmus
       1
DETOUR1222.litmus
       1
DETOUR1223.litmus
       1
DETOUR1245.litmus
       1
DETOUR1246.litmus
       1
DETOUR1247.litmus
       1
DETOUR1248.litmus
       1
DETOUR1249.litmus
       1
DETOUR1250.litmus
       1
DETOUR1251.litmus
       1
DETOUR1252.litmus
       0
DETOUR1255.litmus
       1
DETOUR1256.litmus
       0
DETOUR1257.litmus
       1
DETOUR1258.litmus
       0
DETOUR1259.litmus
       0
DETOUR1260.litmus
       0
DETOUR1261.litmus
       1
DETOUR1262.litmus
       0
DETOUR1263.litmus
       0
DETOUR1264.litmus
       1
DETOUR1265.litmus
       0
DETOUR1266.litmus
       1
DETOUR1267.litmus
       1
DETOUR1268.litmus
       1
DETOUR1269.litmus
       1
DETOUR1270.litmus
       1
DETOUR1271.litmus
       1
DETOUR1272.litmus
       1
DETOUR1273.litmus
       0
DETOUR1276.litmus
       1
DETOUR1277.litmus
       0
DETOUR1278.litmus
       1
DETOUR1279.litmus
       0
DETOUR1280.litmus
       0
DETOUR1281.litmus
       0
DETOUR1282.litmus
       1
DETOUR1283.litmus
       0
DETOUR1284.litmus
       0
DETOUR1285.litmus
       1
DETOUR1286.litmus
       0
DETOUR1287.litmus
       1
DETOUR1288.litmus
       1
DETOUR1291.litmus
       1
DETOUR1292.litmus
       0
DETOUR1293.litmus
       1
DETOUR1294.litmus
       0
DETOUR1295.litmus
       1
DETOUR1296.litmus
       0
DETOUR1297.litmus
       1
DETOUR1298.litmus
       1
DETOUR1299.litmus
       1
DETOUR1302.litmus
       1
DETOUR1303.litmus
       0
DETOUR1304.litmus
       1
DETOUR1305.litmus
       1
DETOUR1306.litmus
       1
DETOUR1307.litmus
       1
DETOUR1308.litmus
       1
DETOUR1309.litmus
       1
DETOUR1310.litmus
       0
DETOUR1313.litmus
       1
DETOUR1314.litmus
       0
DETOUR1315.litmus
       1
DETOUR1316.litmus
       0
DETOUR1317.litmus
       1
DETOUR1318.litmus
       0
DETOUR1319.litmus
       1
DETOUR1320.litmus
       0
DETOUR1321.litmus
       1
DETOUR1322.litmus
       1
DETOUR1323.litmus
       1
DETOUR1324.litmus
       1
DETOUR1325.litmus
       1
DETOUR1326.litmus
       1
DETOUR1327.litmus
       1
DETOUR1328.litmus
       0
DETOUR1331.litmus
       1
DETOUR1332.litmus
       0
DETOUR1333.litmus
       1
DETOUR1334.litmus
       0
DETOUR1335.litmus
       0
DETOUR1336.litmus
       0
DETOUR1337.litmus
       1
DETOUR1338.litmus
       0
DETOUR1339.litmus
       0
DETOUR1340.litmus
       1
DETOUR1341.litmus
       0
DataRW.litmus
       0
DataWW.litmus
       0
IRIW+ctrl+po.litmus
       0
IRIW+ctrlisync+ctrl.litmus
       0
IRIW+ctrlisync+po.litmus
       0
IRIW+ctrlisyncs.litmus
       0
IRIW+ctrls.litmus
       0
IRIW+isync+ctrl.litmus
       0
IRIW+isync+ctrlisync.litmus
       0
IRIW+isync+po.litmus
       0
IRIW+isyncs.litmus
       0
IRIW+lwsync+ctrl.litmus
       0
IRIW+lwsync+ctrlisync.litmus
       0
IRIW+lwsync+isync.litmus
       0
IRIW+lwsync+po.litmus
       0
IRIW+lwsync+sync.litmus
       0
IRIW+lwsyncs.litmus
       0
IRIW+sync+ctrl.litmus
       0
IRIW+sync+ctrlisync.litmus
       0
IRIW+sync+isync.litmus
       0
IRIW+sync+po.litmus
       0
IRIW+syncs.litmus
       1
IRIW.litmus
       0
IRRWIW+lwsync+po.litmus
       0
IRRWIW+lwsync+sync.litmus
       0
IRRWIW+lwsyncs.litmus
       0
IRRWIW+po+lwsync.litmus
       0
IRRWIW+po+sync.litmus
       0
IRRWIW+sync+lwsync.litmus
       0
IRRWIW+sync+po.litmus
       0
IRRWIW+syncs.litmus
       1
IRRWIW.litmus
       0
IRWIW+lwsync+po.litmus
       0
IRWIW+lwsyncs.litmus
       1
IRWIW+sync+lwsync.litmus
       1
IRWIW+sync+po.litmus
       0
IRWIW+syncs.litmus
       1
IRWIW.litmus
       0
ISA2+lwsync+ctrl+ctrl.litmus
       1
ISA2+lwsync+ctrl+ctrlisync.litmus
       1
ISA2+lwsync+ctrl+isync.litmus
       1
ISA2+lwsync+ctrl+lwsync.litmus
       1
ISA2+lwsync+ctrl+po.litmus
       1
ISA2+lwsync+ctrl+sync.litmus
       1
ISA2+lwsync+ctrlisync+ctrl.litmus
       1
ISA2+lwsync+ctrlisync+ctrlisync.litmus
       1
ISA2+lwsync+ctrlisync+isync.litmus
       1
ISA2+lwsync+ctrlisync+lwsync.litmus
       1
ISA2+lwsync+ctrlisync+po.litmus
       1
ISA2+lwsync+ctrlisync+sync.litmus
       1
ISA2+lwsync+data+ctrl.litmus
       1
ISA2+lwsync+data+ctrlisync.litmus
       1
ISA2+lwsync+data+isync.litmus
       1
ISA2+lwsync+data+lwsync.litmus
       1
ISA2+lwsync+data+po.litmus
       1
ISA2+lwsync+data+sync.litmus
       1
ISA2+lwsync+isync+ctrl.litmus
       1
ISA2+lwsync+isync+ctrlisync.litmus
       1
ISA2+lwsync+isync+isync.litmus
       1
ISA2+lwsync+isync+lwsync.litmus
       1
ISA2+lwsync+isync+po.litmus
       1
ISA2+lwsync+isync+sync.litmus
       1
ISA2+lwsync+lwsync+ctrl.litmus
       1
ISA2+lwsync+lwsync+ctrlisync.litmus
       1
ISA2+lwsync+lwsync+isync.litmus
       1
ISA2+lwsync+lwsync+po.litmus
       1
ISA2+lwsync+lwsync+sync.litmus
       1
ISA2+lwsync+po+ctrl.litmus
       1
ISA2+lwsync+po+ctrlisync.litmus
       1
ISA2+lwsync+po+isync.litmus
       1
ISA2+lwsync+po+lwsync.litmus
       1
ISA2+lwsync+po+po.litmus
       1
ISA2+lwsync+po+sync.litmus
       1
ISA2+lwsync+sync+ctrl.litmus
       1
ISA2+lwsync+sync+ctrlisync.litmus
       1
ISA2+lwsync+sync+isync.litmus
       1
ISA2+lwsync+sync+lwsync.litmus
       1
ISA2+lwsync+sync+po.litmus
       1
ISA2+lwsync+sync+sync.litmus
       1
ISA2+lwsyncs.litmus
       1
ISA2+rfi-data+data+lwsync.litmus
       1
ISA2+rfi-data+data+sync.litmus
       1
ISA2+rfi-data+lwsync+lwsync.litmus
       1
ISA2+rfi-data+lwsync+sync.litmus
       1
ISA2+rfi-data+sync+lwsync.litmus
       1
ISA2+rfi-data+sync+sync.litmus
       1
ISA2+sync+ctrl+ctrl.litmus
       0
ISA2+sync+ctrl+ctrlisync.litmus
       1
ISA2+sync+ctrl+isync.litmus
       0
ISA2+sync+ctrl+lwsync.litmus
       1
ISA2+sync+ctrl+po.litmus
       0
ISA2+sync+ctrl+sync.litmus
       1
ISA2+sync+ctrlisync+ctrl.litmus
       0
ISA2+sync+ctrlisync+ctrlisync.litmus
       1
ISA2+sync+ctrlisync+isync.litmus
       0
ISA2+sync+ctrlisync+lwsync.litmus
       1
ISA2+sync+ctrlisync+po.litmus
       0
ISA2+sync+ctrlisync+sync.litmus
       1
ISA2+sync+data+ctrl.litmus
       0
ISA2+sync+data+ctrlisync.litmus
       1
ISA2+sync+data+isync.litmus
       0
ISA2+sync+data+lwsync.litmus
       1
ISA2+sync+data+po.litmus
       0
ISA2+sync+data+sync.litmus
       1
ISA2+sync+isync+ctrl.litmus
       0
ISA2+sync+isync+ctrlisync.litmus
       0
ISA2+sync+isync+isync.litmus
       0
ISA2+sync+isync+lwsync.litmus
       0
ISA2+sync+isync+po.litmus
       0
ISA2+sync+isync+sync.litmus
       0
ISA2+sync+lwsync+ctrl.litmus
       0
ISA2+sync+lwsync+ctrlisync.litmus
       1
ISA2+sync+lwsync+isync.litmus
       0
ISA2+sync+lwsync+lwsync.litmus
       1
ISA2+sync+lwsync+po.litmus
       0
ISA2+sync+lwsync+sync.litmus
       1
ISA2+sync+po+ctrl.litmus
       0
ISA2+sync+po+ctrlisync.litmus
       0
ISA2+sync+po+isync.litmus
       0
ISA2+sync+po+lwsync.litmus
       0
ISA2+sync+po+po.litmus
       0
ISA2+sync+po+sync.litmus
       0
ISA2+sync+sync+ctrl.litmus
       0
ISA2+sync+sync+ctrlisync.litmus
       1
ISA2+sync+sync+isync.litmus
       0
ISA2+sync+sync+lwsync.litmus
       1
ISA2+sync+sync+po.litmus
       0
ISA2+syncs.litmus
       1
LB+PPO0139.litmus
       0
LB+PPO0169.litmus
       0
LB+PPO0173.litmus
       0
LB+PPO0174.litmus
       1
LB+PPO0175.litmus
       0
LB+PPO0177.litmus
       1
LB+PPO0181.litmus
       1
LB+PPO0182.litmus
       1
LB+PPO0183.litmus
       1
LB+PPO0188.litmus
       0
LB+PPO0190.litmus
       0
LB+PPO0191.litmus
       1
LB+PPO0193.litmus
       1
LB+PPO0196.litmus
       0
LB+PPO0198.litmus
       0
LB+PPO0208.litmus
       0
LB+PPO0210.litmus
       0
LB+PPO0211.litmus
       1
LB+PPO0213.litmus
       1
LB+PPO0215.litmus
       0
LB+PPO0216.litmus
       1
LB+PPO0218.litmus
       0
LB+PPO0219.litmus
       1
LB+PPO0249.litmus
       1
LB+PPO0253.litmus
       1
LB+PPO0254.litmus
       1
LB+PPO0255.litmus
       1
LB+PPO0257.litmus
       1
LB+PPO0261.litmus
       1
LB+PPO0262.litmus
       1
LB+PPO0263.litmus
       1
LB+PPO0268.litmus
       1
LB+PPO0270.litmus
       1
LB+PPO0271.litmus
       1
LB+PPO0273.litmus
       1
LB+PPO0276.litmus
       1
LB+PPO0278.litmus
       1
LB+PPO0288.litmus
       1
LB+PPO0290.litmus
       1
LB+PPO0291.litmus
       1
LB+PPO0293.litmus
       1
LB+PPO0295.litmus
       1
LB+PPO0296.litmus
       1
LB+PPO0298.litmus
       1
LB+PPO0326.litmus
       0
LB+PPO0336.litmus
       0
LB+PPO0338.litmus
       0
LB+PPO0339.litmus
       1
LB+PPO0341.litmus
       1
LB+PPO0343.litmus
       0
LB+PPO0344.litmus
       1
LB+PPO0346.litmus
       0
LB+PPO0347.litmus
       0
LB+PPO0351.litmus
       0
LB+PPO0352.litmus
       1
LB+PPO0353.litmus
       1
LB+PPO0363.litmus
       1
LB+PPO0365.litmus
       1
LB+PPO0366.litmus
       1
LB+PPO0368.litmus
       1
LB+PPO0370.litmus
       1
LB+PPO0371.litmus
       1
LB+PPO0373.litmus
       1
LB+PPO0374.litmus
       1
LB+PPO0378.litmus
       1
LB+PPO0379.litmus
       1
LB+PPO0407.litmus
       0
LB+PPO0417.litmus
       0
LB+PPO0419.litmus
       0
LB+PPO0420.litmus
       1
LB+PPO0422.litmus
       1
LB+PPO0424.litmus
       0
LB+PPO0425.litmus
       1
LB+PPO0427.litmus
       0
LB+PPO0428.litmus
       0
LB+PPO0432.litmus
       0
LB+PPO0433.litmus
       1
LB+PPO0434.litmus
       1
LB+PPO0444.litmus
       1
LB+PPO0446.litmus
       1
LB+PPO0447.litmus
       1
LB+PPO0449.litmus
       1
LB+PPO0451.litmus
       1
LB+PPO0452.litmus
       1
LB+PPO0454.litmus
       1
LB+PPO0455.litmus
       1
LB+PPO0459.litmus
       1
LB+PPO0460.litmus
       1
LB+PPO0469.litmus
       0
LB+PPO0473.litmus
       0
LB+PPO0474.litmus
       1
LB+PPO0475.litmus
       0
LB+PPO0477.litmus
       1
LB+PPO0481.litmus
       1
LB+PPO0482.litmus
       1
LB+PPO0483.litmus
       1
LB+PPO0491.litmus
       0
LB+PPO0495.litmus
       0
LB+PPO0496.litmus
       1
LB+PPO0518.litmus
       0
LB+PPO0528.litmus
       0
LB+PPO0530.litmus
       0
LB+PPO0531.litmus
       1
LB+PPO0533.litmus
       1
LB+PPO0535.litmus
       0
LB+PPO0565.litmus
       0
LB+PPO0569.litmus
       0
LB+PPO0570.litmus
       1
LB+PPO0571.litmus
       0
LB+PPO0573.litmus
       1
LB+PPO0577.litmus
       1
LB+PPO0578.litmus
       1
LB+PPO0579.litmus
       1
LB+PPO0584.litmus
       0
LB+PPO0586.litmus
       0
LB+PPO0587.litmus
       1
LB+PPO0589.litmus
       1
LB+PPO0592.litmus
       0
LB+ctrl+data.litmus
       1
LB+ctrl+po.litmus
       0
LB+ctrlisync+ctrl.litmus
       1
LB+ctrlisync+data.litmus
       1
LB+ctrlisync+po.litmus
       0
LB+ctrlisyncs.litmus
       1
LB+ctrls.litmus
       1
LB+data+RDWI+data+WW.litmus
       0
LB+data+po.litmus
       0
LB+datas+WW.litmus
       0
LB+datas.litmus
       1
LB+isync+ctrl.litmus
       0
LB+isync+ctrlisync.litmus
       0
LB+isync+data.litmus
       0
LB+isync+po.litmus
       0
LB+isyncs.litmus
       0
LB+lwsync+ctrl.litmus
       1
LB+lwsync+ctrlisync.litmus
       1
LB+lwsync+data.litmus
       1
LB+lwsync+isync.litmus
       0
LB+lwsync+po.litmus
       0
LB+lwsync+sync.litmus
       1
LB+lwsyncs.litmus
       1
LB+sync+ctrl.litmus
       1
LB+sync+ctrlisync.litmus
       1
LB+sync+data.litmus
       1
LB+sync+isync.litmus
       0
LB+sync+po.litmus
       0
LB+syncs.litmus
       1
LB.litmus
       0
MP+PPO214.litmus
       1
MP+PPO325.litmus
       1
MP+PPO327.litmus
       1
MP+PPO328.litmus
       1
MP+PPO330.litmus
       1
MP+PPO332.litmus
       1
MP+PPO333.litmus
       1
MP+PPO334.litmus
       1
MP+PPO336.litmus
       1
MP+PPO337.litmus
       1
MP+PPO341.litmus
       1
MP+PPO342.litmus
       1
MP+PPO343.litmus
       1
MP+PPO355.litmus
       1
MP+PPO357.litmus
       1
MP+PPO358.litmus
       1
MP+PPO360.litmus
       1
MP+PPO362.litmus
       1
MP+PPO363.litmus
       1
MP+PPO364.litmus
       1
MP+PPO366.litmus
       1
MP+PPO367.litmus
       1
MP+PPO371.litmus
       1
MP+PPO372.litmus
       1
MP+PPO373.litmus
       1
MP+PPO387.litmus
       1
MP+PPO388.litmus
       1
MP+PPO389.litmus
       1
MP+PPO390.litmus
       1
MP+PPO396.litmus
       1
MP+PPO397.litmus
       1
MP+PPO398.litmus
       1
MP+PPO399.litmus
       1
MP+PPO404.litmus
       1
MP+PPO415.litmus
       1
MP+PPO417.litmus
       1
MP+PPO418.litmus
       1
MP+PPO420.litmus
       1
MP+PPO422.litmus
       1
MP+PPO426.litmus
       1
MP+PPO427.litmus
       1
MP+PPO428.litmus
       1
MP+PPO461.litmus
       1
MP+PPO465.litmus
       1
MP+PPO466.litmus
       1
MP+PPO467.litmus
       1
MP+PPO468.litmus
       1
MP+PPO470.litmus
       1
MP+PPO474.litmus
       1
MP+PPO475.litmus
       1
MP+PPO476.litmus
       1
MP+PPO477.litmus
       1
MP+PPO482.litmus
       1
MP+PPO484.litmus
       1
MP+PPO485.litmus
       1
MP+PPO487.litmus
       1
MP+PPO489.litmus
       1
MP+PPO493.litmus
       1
MP+PPO494.litmus
       1
MP+PPO495.litmus
       1
MP+PPO589.litmus
       1
MP+PPO622.litmus
       1
MP+PPO626.litmus
       1
MP+PPO627.litmus
       1
MP+PPO628.litmus
       1
MP+PPO629.litmus
       1
MP+PPO631.litmus
       1
MP+PPO635.litmus
       1
MP+PPO636.litmus
       1
MP+PPO637.litmus
       1
MP+PPO638.litmus
       1
MP+PPO643.litmus
       1
MP+PPO645.litmus
       1
MP+PPO646.litmus
       1
MP+PPO648.litmus
       1
MP+PPO650.litmus
       1
MP+PPO654.litmus
       1
MP+PPO655.litmus
       1
MP+PPO656.litmus
       1
MP+PPO658.litmus
       1
MP+PPO669.litmus
       1
MP+PPO671.litmus
       1
MP+PPO672.litmus
       1
MP+PPO674.litmus
       1
MP+PPO676.litmus
       1
MP+PPO677.litmus
       1
MP+PPO678.litmus
       1
MP+PPO680.litmus
       1
MP+PPO681.litmus
       1
MP+PPO714.litmus
       1
MP+PPO718.litmus
       1
MP+PPO719.litmus
       1
MP+PPO720.litmus
       1
MP+PPO721.litmus
       1
MP+PPO723.litmus
       1
MP+PPO727.litmus
       1
MP+PPO728.litmus
       1
MP+PPO729.litmus
       1
MP+PPO730.litmus
       1
MP+PPO735.litmus
       1
MP+PPO737.litmus
       1
MP+PPO738.litmus
       1
MP+PPO740.litmus
       1
MP+PPO742.litmus
       1
MP+PPO746.litmus
       1
MP+PPO747.litmus
       1
MP+PPO748.litmus
       1
MP+PPO750.litmus
       1
MP+PPO761.litmus
       1
MP+PPO763.litmus
       1
MP+PPO764.litmus
       1
MP+PPO766.litmus
       1
MP+PPO768.litmus
       1
MP+PPO769.litmus
       1
MP+PPO770.litmus
       1
MP+PPO772.litmus
       1
MP+PPO902.litmus
       1
MP+PPO913.litmus
       1
MP+PPO915.litmus
       1
MP+PPO916.litmus
       1
MP+PPO918.litmus
       1
MP+PPO920.litmus
       1
MP+PPO921.litmus
       1
MP+PPO922.litmus
       1
MP+PPO924.litmus
       1
MP+PPO925.litmus
       1
MP+PPO929.litmus
       1
MP+PPO930.litmus
       1
MP+PPO931.litmus
       1
MP+PPO932.litmus
       1
MP+PPO943.litmus
       1
MP+PPO945.litmus
       1
MP+PPO946.litmus
       1
MP+PPO948.litmus
       1
MP+PPO950.litmus
       1
MP+PPO951.litmus
       1
MP+PPO952.litmus
       1
MP+PPO954.litmus
       1
MP+PPO955.litmus
       1
MP+PPO959.litmus
       1
MP+PPO960.litmus
       1
MP+PPO961.litmus
       1
MP+isync+ctrl.litmus
       1
MP+isync+ctrlisync.litmus
       1
MP+isync+lwsync.litmus
       1
MP+isync+po.litmus
       1
MP+isync+sync.litmus
       1
MP+isyncs.litmus
       1
MP+lwsync+ctrl.litmus
       1
MP+lwsync+ctrlisync.litmus
       1
MP+lwsync+data-rfi-ctrlisync.litmus
       1
MP+lwsync+data-wsi-rfi-ctrlisync.litmus
       1
MP+lwsync+fri-rfi-ctrlisync.litmus
       1
MP+lwsync+isync.litmus
       1
MP+lwsync+po.litmus
       1
MP+lwsync+sync.litmus
       1
MP+lwsyncs.litmus
       1
MP+po+ctrl.litmus
       1
MP+po+ctrlisync.litmus
       1
MP+po+isync.litmus
       1
MP+po+lwsync.litmus
       1
MP+po+sync.litmus
       1
MP+rfi-data+lwsync.litmus
       1
MP+rfi-data+sync.litmus
       1
MP+sync+ctrl-data-detw.litmus
       1
MP+sync+ctrl-detr.litmus
       0
MP+sync+ctrl.litmus
       0
MP+sync+ctrlisync.litmus
       1
MP+sync+fri-rfi-ctrlisync.litmus
       1
MP+sync+isync.litmus
       0
MP+sync+lwsync.litmus
       1
MP+sync+po.litmus
       0
MP+sync+rs.litmus
       0
MP+syncs.litmus
       1
MP.litmus
       1
PPO010.litmus
       1
PPO011.litmus
       1
PPO013.litmus
       1
PPO014.litmus
       1
PPO015.litmus
       1
PPO016.litmus
       1
PPO018.litmus
       1
PPO019.litmus
       1
R+isync+lwsync.litmus
       1
R+isync+po.litmus
       1
R+isync+sync.litmus
       1
R+isyncs.litmus
       1
R+lwsync+isync.litmus
       1
R+lwsync+po.litmus
       1
R+lwsync+sync.litmus
       1
R+lwsyncs.litmus
       1
R+po+isync.litmus
       1
R+po+lwsync.litmus
       1
R+po+sync.litmus
       1
R+rfi-data+sync.litmus
       1
R+sync+isync.litmus
       1
R+sync+lwsync.litmus
       1
R+sync+po.litmus
       1
R+syncs.litmus
       1
R.litmus
       1
R01+sync.litmus
       1
R01.litmus
       1
R02+sync.litmus
       1
R02.litmus
       0
R03+sync.litmus
       1
R03.litmus
       1
R06.litmus
       1
RWC+ctrl+isync.litmus
       1
RWC+ctrl+lwsync.litmus
       1
RWC+ctrl+po.litmus
       1
RWC+ctrl+sync.litmus
       0
RWC+ctrlisync+isync.litmus
       1
RWC+ctrlisync+lwsync.litmus
       1
RWC+ctrlisync+po.litmus
       1
RWC+ctrlisync+sync.litmus
       0
RWC+isync+lwsync.litmus
       1
RWC+isync+po.litmus
       1
RWC+isync+sync.litmus
       0
RWC+isyncs.litmus
       1
RWC+lwsync+isync.litmus
       1
RWC+lwsync+po.litmus
       1
RWC+lwsync+sync.litmus
       0
RWC+lwsyncs.litmus
       1
RWC+po+isync.litmus
       1
RWC+po+lwsync.litmus
       1
RWC+po+sync.litmus
       0
RWC+sync+isync.litmus
       1
RWC+sync+lwsync.litmus
       1
RWC+sync+po.litmus
       1
RWC+syncs.litmus
       1
RWC.litmus
       1
S+PPO283.litmus
       1
S+PPO383.litmus
       1
S+PPO394.litmus
       1
S+PPO396.litmus
       1
S+PPO397.litmus
       1
S+PPO399.litmus
       1
S+PPO401.litmus
       1
S+PPO402.litmus
       1
S+PPO403.litmus
       1
S+PPO405.litmus
       1
S+PPO406.litmus
       1
S+PPO410.litmus
       1
S+PPO411.litmus
       1
S+PPO412.litmus
       1
S+PPO413.litmus
       1
S+PPO424.litmus
       1
S+PPO426.litmus
       1
S+PPO427.litmus
       1
S+PPO429.litmus
       1
S+PPO431.litmus
       1
S+PPO432.litmus
       1
S+PPO433.litmus
       1
S+PPO435.litmus
       1
S+PPO436.litmus
       1
S+PPO440.litmus
       1
S+PPO441.litmus
       1
S+PPO442.litmus
       1
S+PPO452.litmus
       1
S+PPO456.litmus
       1
S+PPO457.litmus
       1
S+PPO458.litmus
       1
S+PPO459.litmus
       1
S+PPO461.litmus
       1
S+PPO465.litmus
       1
S+PPO466.litmus
       1
S+PPO467.litmus
       1
S+PPO468.litmus
       1
S+PPO473.litmus
       1
S+PPO484.litmus
       1
S+PPO486.litmus
       1
S+PPO487.litmus
       1
S+PPO489.litmus
       1
S+PPO491.litmus
       1
S+PPO495.litmus
       1
S+PPO496.litmus
       1
S+PPO497.litmus
       1
S+PPO530.litmus
       1
S+PPO534.litmus
       1
S+PPO535.litmus
       1
S+PPO536.litmus
       1
S+PPO537.litmus
       1
S+PPO539.litmus
       1
S+PPO543.litmus
       1
S+PPO544.litmus
       1
S+PPO545.litmus
       1
S+PPO546.litmus
       1
S+PPO551.litmus
       1
S+PPO553.litmus
       1
S+PPO554.litmus
       1
S+PPO556.litmus
       1
S+PPO558.litmus
       1
S+PPO562.litmus
       1
S+PPO563.litmus
       1
S+PPO564.litmus
       1
S+PPO566.litmus
       1
S+PPO666.litmus
       1
S+PPO677.litmus
       1
S+PPO679.litmus
       1
S+PPO680.litmus
       1
S+PPO682.litmus
       1
S+PPO684.litmus
       1
S+PPO685.litmus
       1
S+PPO686.litmus
       1
S+PPO688.litmus
       1
S+PPO689.litmus
       1
S+PPO693.litmus
       1
S+PPO694.litmus
       1
S+PPO695.litmus
       1
S+PPO696.litmus
       1
S+PPO707.litmus
       1
S+PPO709.litmus
       1
S+PPO710.litmus
       1
S+PPO712.litmus
       1
S+PPO714.litmus
       1
S+PPO715.litmus
       1
S+PPO716.litmus
       1
S+PPO718.litmus
       1
S+PPO719.litmus
       1
S+PPO723.litmus
       1
S+PPO724.litmus
       1
S+PPO725.litmus
       1
S+PPO735.litmus
       1
S+PPO739.litmus
       1
S+PPO740.litmus
       1
S+PPO741.litmus
       1
S+PPO742.litmus
       1
S+PPO744.litmus
       1
S+PPO748.litmus
       1
S+PPO749.litmus
       1
S+PPO750.litmus
       1
S+PPO751.litmus
       1
S+PPO756.litmus
       1
S+PPO767.litmus
       1
S+PPO769.litmus
       1
S+PPO770.litmus
       1
S+PPO772.litmus
       1
S+PPO774.litmus
       1
S+PPO778.litmus
       1
S+PPO779.litmus
       1
S+PPO780.litmus
       1
S+PPO813.litmus
       1
S+PPO817.litmus
       1
S+PPO818.litmus
       1
S+PPO819.litmus
       1
S+PPO820.litmus
       1
S+PPO822.litmus
       1
S+PPO826.litmus
       1
S+PPO827.litmus
       1
S+PPO828.litmus
       1
S+PPO829.litmus
       1
S+PPO834.litmus
       1
S+PPO836.litmus
       1
S+PPO837.litmus
       1
S+PPO839.litmus
       1
S+PPO841.litmus
       1
S+PPO845.litmus
       1
S+PPO846.litmus
       1
S+PPO847.litmus
       1
S+isync+ctrl.litmus
       1
S+isync+ctrlisync.litmus
       1
S+isync+data.litmus
       1
S+isync+lwsync.litmus
       1
S+isync+po.litmus
       1
S+isync+sync.litmus
       1
S+isyncs.litmus
       1
S+lwsync+ctrlisync.litmus
       1
S+lwsync+isync.litmus
       1
S+lwsync+po.litmus
       1
S+lwsync+sync.litmus
       1
S+lwsyncs.litmus
       1
S+po+ctrl.litmus
       1
S+po+ctrlisync.litmus
       1
S+po+data.litmus
       1
S+po+isync.litmus
       1
S+po+lwsync.litmus
       1
S+po+sync.litmus
       1
S+rfi-data+data.litmus
       1
S+rfi-data+lwsync.litmus
       1
S+rfi-data+sync.litmus
       1
S+sync+ctrl.litmus
       1
S+sync+ctrlisync.litmus
       1
S+sync+data.litmus
       1
S+sync+isync.litmus
       0
S+sync+lwsync.litmus
       1
S+sync+po.litmus
       0
S+syncs.litmus
       1
S.litmus
       1
SB+isync+po.litmus
       1
SB+isyncs.litmus
       1
SB+lwsync+isync.litmus
       1
SB+lwsync+po.litmus
       1
SB+lwsync+sync.litmus
       1
SB+lwsyncs.litmus
       1
SB+sync+isync.litmus
       1
SB+sync+po.litmus
       1
SB+syncs.litmus
       1
SB.litmus
       1
W+RWC+lwsync+lwsync+po.litmus
       1
W+RWC+lwsync+lwsync+sync.litmus
       1
W+RWC+lwsync+po+lwsync.litmus
       1
W+RWC+lwsync+po+po.litmus
       1
W+RWC+lwsync+po+sync.litmus
       1
W+RWC+lwsync+sync+lwsync.litmus
       1
W+RWC+lwsync+sync+po.litmus
       1
W+RWC+lwsync+sync+sync.litmus
       1
W+RWC+lwsyncs.litmus
       1
W+RWC+po+lwsync+lwsync.litmus
       1
W+RWC+po+lwsync+po.litmus
       1
W+RWC+po+lwsync+sync.litmus
       1
W+RWC+po+po+lwsync.litmus
       1
W+RWC+po+po+sync.litmus
       1
W+RWC+po+sync+lwsync.litmus
       1
W+RWC+po+sync+po.litmus
       1
W+RWC+po+sync+sync.litmus
       1
W+RWC+rfi-data+lwsync+sync.litmus
       1
W+RWC+rfi-data+sync+sync.litmus
       1
W+RWC+sync+lwsync+lwsync.litmus
       1
W+RWC+sync+lwsync+po.litmus
       1
W+RWC+sync+lwsync+sync.litmus
       1
W+RWC+sync+po+lwsync.litmus
       1
W+RWC+sync+po+po.litmus
       1
W+RWC+sync+po+sync.litmus
       0
W+RWC+sync+sync+lwsync.litmus
       1
W+RWC+sync+sync+po.litmus
       1
W+RWC+syncs.litmus
       1
W+RWC.litmus
       1
WRC+ctrl+ctrlisync.litmus
       0
WRC+ctrl+isync.litmus
       0
WRC+ctrl+lwsync.litmus
       0
WRC+ctrl+po.litmus
       0
WRC+ctrl+sync.litmus
       0
WRC+ctrlisync+ctrl.litmus
       0
WRC+ctrlisync+isync.litmus
       0
WRC+ctrlisync+lwsync.litmus
       0
WRC+ctrlisync+po.litmus
       0
WRC+ctrlisync+sync.litmus
       0
WRC+ctrlisyncs.litmus
       0
WRC+ctrls.litmus
       0
WRC+data+ctrl.litmus
       0
WRC+data+ctrlisync.litmus
       0
WRC+data+isync.litmus
       0
WRC+data+lwsync.litmus
       0
WRC+data+po.litmus
       0
WRC+data+sync.litmus
       0
WRC+isync+ctrl.litmus
       0
WRC+isync+ctrlisync.litmus
       0
WRC+isync+lwsync.litmus
       0
WRC+isync+po.litmus
       0
WRC+isync+sync.litmus
       0
WRC+isyncs.litmus
       0
WRC+lwsync+ctrl.litmus
       0
WRC+lwsync+ctrlisync.litmus
       1
WRC+lwsync+isync.litmus
       0
WRC+lwsync+po.litmus
       0
WRC+lwsync+sync.litmus
       1
WRC+lwsyncs.litmus
       1
WRC+po+ctrl.litmus
       0
WRC+po+ctrlisync.litmus
       0
WRC+po+isync.litmus
       0
WRC+po+lwsync.litmus
       0
WRC+po+sync.litmus
       0
WRC+sync+ctrl.litmus
       0
WRC+sync+ctrlisync.litmus
       1
WRC+sync+isync.litmus
       0
WRC+sync+lwsync.litmus
       1
WRC+sync+po.litmus
       0
WRC+syncs.litmus
       1
WRC.litmus
       0
WRR+2W+lwsync+po.litmus
       1
WRR+2W+lwsync+rfi-data.litmus
       1
WRR+2W+lwsync+sync.litmus
       0
WRR+2W+lwsyncs.litmus
       1
WRR+2W+po+lwsync.litmus
       1
WRR+2W+po+sync.litmus
       0
WRR+2W+sync+lwsync.litmus
       1
WRR+2W+sync+po.litmus
       1
WRR+2W+sync+rfi-data.litmus
       1
WRR+2W+syncs.litmus
       1
WRR+2W.litmus
       1
WRW+2W+data+rfi-data.litmus
       0
WRW+2W+lwsync+isync.litmus
       1
WRW+2W+lwsync+po.litmus
       1
WRW+2W+lwsync+rfi-data.litmus
       1
WRW+2W+lwsync+sync.litmus
       1
WRW+2W+lwsyncs.litmus
       1
WRW+2W+po+lwsync.litmus
       1
WRW+2W+po+sync.litmus
       0
WRW+2W+sync+lwsync.litmus
       1
WRW+2W+sync+po.litmus
       1
WRW+2W+sync+rfi-data.litmus
       1
WRW+2W+syncs.litmus
       1
WRW+2W.litmus
       1
WRW+WR+lwsync+po.litmus
       1
WRW+WR+lwsync+sync.litmus
       0
WRW+WR+lwsyncs.litmus
       1
WRW+WR+po+lwsync.litmus
       1
WRW+WR+po+sync.litmus
       0
WRW+WR+sync+lwsync.litmus
       1
WRW+WR+sync+po.litmus
       1
WRW+WR+syncs.litmus
       1
WRW+WR.litmus
       1
WW+RR+WW+RR+lwsyncs.litmus
       1
WWC+lwsync+po.litmus
       0
WWC+lwsync+sync.litmus
       1
WWC+lwsyncs.litmus
       1
WWC+po+lwsync.litmus
       0
WWC+po+sync.litmus
       0
WWC+sync+lwsync.litmus
       1
WWC+sync+po.litmus
       0
WWC+syncs.litmus
       1
WWC.litmus
       0
Z6.0+lwsync+lwsync+po.litmus
       1
Z6.0+lwsync+lwsync+sync.litmus
       1
Z6.0+lwsync+po+lwsync.litmus
       1
Z6.0+lwsync+po+po.litmus
       1
Z6.0+lwsync+po+sync.litmus
       1
Z6.0+lwsync+sync+lwsync.litmus
       1
Z6.0+lwsync+sync+po.litmus
       1
Z6.0+lwsync+sync+sync.litmus
       1
Z6.0+lwsyncs.litmus
       1
Z6.0+po+lwsync+lwsync.litmus
       1
Z6.0+po+lwsync+po.litmus
       1
Z6.0+po+lwsync+sync.litmus
       1
Z6.0+po+po+lwsync.litmus
       1
Z6.0+po+po+sync.litmus
       1
Z6.0+po+sync+lwsync.litmus
       1
Z6.0+po+sync+po.litmus
       1
Z6.0+po+sync+sync.litmus
       1
Z6.0+rfi-data+data+sync.litmus
       1
Z6.0+rfi-data+lwsync+sync.litmus
       1
Z6.0+rfi-data+sync+sync.litmus
       1
Z6.0+sync+lwsync+lwsync.litmus
       1
Z6.0+sync+lwsync+po.litmus
       1
Z6.0+sync+lwsync+sync.litmus
       1
Z6.0+sync+po+lwsync.litmus
       1
Z6.0+sync+po+po.litmus
       1
Z6.0+sync+po+sync.litmus
       0
Z6.0+sync+sync+lwsync.litmus
       1
Z6.0+sync+sync+po.litmus
       1
Z6.0+syncs.litmus
       1
Z6.0.litmus
       1
Z6.1+lwsync+lwsync+po.litmus
       1
Z6.1+lwsync+lwsync+sync.litmus
       1
Z6.1+lwsync+po+lwsync.litmus
       1
Z6.1+lwsync+po+po.litmus
       1
Z6.1+lwsync+po+sync.litmus
       1
Z6.1+lwsync+rfi-data+data.litmus
       1
Z6.1+lwsync+rfi-data+lwsync.litmus
       1
Z6.1+lwsync+rfi-data+sync.litmus
       1
Z6.1+lwsync+sync+lwsync.litmus
       1
Z6.1+lwsync+sync+po.litmus
       1
Z6.1+lwsync+sync+sync.litmus
       1
Z6.1+lwsyncs.litmus
       1
Z6.1+po+lwsync+lwsync.litmus
       1
Z6.1+po+lwsync+po.litmus
       1
Z6.1+po+lwsync+sync.litmus
       1
Z6.1+po+po+lwsync.litmus
       1
Z6.1+po+po+sync.litmus
       1
Z6.1+po+sync+lwsync.litmus
       1
Z6.1+po+sync+po.litmus
       1
Z6.1+po+sync+sync.litmus
       1
Z6.1+rfi-data+lwsync+data.litmus
       1
Z6.1+rfi-data+lwsync+lwsync.litmus
       1
Z6.1+rfi-data+lwsync+sync.litmus
       1
Z6.1+rfi-data+rfi-data+data.litmus
       1
Z6.1+rfi-data+rfi-data+lwsync.litmus
       1
Z6.1+rfi-data+rfi-data+sync.litmus
       1
Z6.1+rfi-data+sync+data.litmus
       1
Z6.1+rfi-data+sync+lwsync.litmus
       1
Z6.1+rfi-data+sync+sync.litmus
       1
Z6.1+sync+lwsync+lwsync.litmus
       1
Z6.1+sync+lwsync+po.litmus
       1
Z6.1+sync+lwsync+sync.litmus
       1
Z6.1+sync+po+lwsync.litmus
       1
Z6.1+sync+po+po.litmus
       1
Z6.1+sync+po+sync.litmus
       1
Z6.1+sync+rfi-data+data.litmus
       1
Z6.1+sync+rfi-data+lwsync.litmus
       1
Z6.1+sync+rfi-data+sync.litmus
       1
Z6.1+sync+sync+lwsync.litmus
       1
Z6.1+sync+sync+po.litmus
       0
Z6.1+syncs.litmus
       1
Z6.1.litmus
       1
Z6.2+lwsync+lwsync+po.litmus
       1
Z6.2+lwsync+lwsync+sync.litmus
       1
Z6.2+lwsync+po+lwsync.litmus
       1
Z6.2+lwsync+po+po.litmus
       1
Z6.2+lwsync+po+sync.litmus
       1
Z6.2+lwsync+sync+lwsync.litmus
       1
Z6.2+lwsync+sync+po.litmus
       1
Z6.2+lwsync+sync+sync.litmus
       1
Z6.2+lwsyncs.litmus
       1
Z6.2+po+lwsync+lwsync.litmus
       1
Z6.2+po+lwsync+po.litmus
       1
Z6.2+po+lwsync+sync.litmus
       1
Z6.2+po+po+lwsync.litmus
       1
Z6.2+po+po+sync.litmus
       1
Z6.2+po+sync+lwsync.litmus
       1
Z6.2+po+sync+po.litmus
       1
Z6.2+po+sync+sync.litmus
       1
Z6.2+rfi-data+data+data.litmus
       1
Z6.2+rfi-data+data+lwsync.litmus
       1
Z6.2+rfi-data+data+sync.litmus
       1
Z6.2+rfi-data+lwsync+data.litmus
       1
Z6.2+rfi-data+lwsync+lwsync.litmus
       1
Z6.2+rfi-data+lwsync+sync.litmus
       1
Z6.2+rfi-data+sync+data.litmus
       1
Z6.2+rfi-data+sync+lwsync.litmus
       1
Z6.2+rfi-data+sync+sync.litmus
       1
Z6.2+sync+lwsync+lwsync.litmus
       1
Z6.2+sync+lwsync+po.litmus
       0
Z6.2+sync+lwsync+sync.litmus
       1
Z6.2+sync+po+lwsync.litmus
       0
Z6.2+sync+po+po.litmus
       0
Z6.2+sync+po+sync.litmus
       0
Z6.2+sync+sync+lwsync.litmus
       1
Z6.2+sync+sync+po.litmus
       0
Z6.2+syncs.litmus
       1
Z6.2.litmus
       1
Z6.3+lwsync+lwsync+po.litmus
       1
Z6.3+lwsync+lwsync+sync.litmus
       1
Z6.3+lwsync+po+lwsync.litmus
       1
Z6.3+lwsync+po+po.litmus
       1
Z6.3+lwsync+po+sync.litmus
       1
Z6.3+lwsync+rfi-data+lwsync.litmus
       1
Z6.3+lwsync+rfi-data+sync.litmus
       1
Z6.3+lwsync+sync+ctrlisync.litmus
       1
Z6.3+lwsync+sync+lwsync.litmus
       1
Z6.3+lwsync+sync+po.litmus
       1
Z6.3+lwsync+sync+sync.litmus
       1
Z6.3+lwsyncs.litmus
       1
Z6.3+po+lwsync+lwsync.litmus
       1
Z6.3+po+lwsync+po.litmus
       1
Z6.3+po+lwsync+sync.litmus
       1
Z6.3+po+po+lwsync.litmus
       1
Z6.3+po+po+sync.litmus
       1
Z6.3+po+sync+lwsync.litmus
       1
Z6.3+po+sync+po.litmus
       1
Z6.3+po+sync+sync.litmus
       1
Z6.3+rfi-data+lwsync+lwsync.litmus
       1
Z6.3+rfi-data+lwsync+sync.litmus
       1
Z6.3+rfi-data+rfi-data+lwsync.litmus
       1
Z6.3+rfi-data+rfi-data+sync.litmus
       1
Z6.3+rfi-data+sync+lwsync.litmus
       1
Z6.3+rfi-data+sync+sync.litmus
       1
Z6.3+sync+lwsync+lwsync.litmus
       1
Z6.3+sync+lwsync+po.litmus
       1
Z6.3+sync+lwsync+sync.litmus
       1
Z6.3+sync+po+lwsync.litmus
       1
Z6.3+sync+po+po.litmus
       1
Z6.3+sync+po+sync.litmus
       1
Z6.3+sync+rfi-data+lwsync.litmus
       1
Z6.3+sync+rfi-data+sync.litmus
       1
Z6.3+sync+sync+lwsync.litmus
       1
Z6.3+sync+sync+po.litmus
       0
Z6.3+syncs.litmus
       1
Z6.3.litmus
       1
Z6.4+lwsync+lwsync+po.litmus
       1
Z6.4+lwsync+lwsync+sync.litmus
       1
Z6.4+lwsync+po+lwsync.litmus
       1
Z6.4+lwsync+po+po.litmus
       1
Z6.4+lwsync+po+sync.litmus
       1
Z6.4+lwsync+sync+lwsync.litmus
       1
Z6.4+lwsync+sync+po.litmus
       1
Z6.4+lwsync+sync+sync.litmus
       1
Z6.4+lwsyncs.litmus
       1
Z6.4+po+lwsync+lwsync.litmus
       1
Z6.4+po+lwsync+po.litmus
       1
Z6.4+po+lwsync+sync.litmus
       1
Z6.4+po+po+lwsync.litmus
       1
Z6.4+po+po+sync.litmus
       1
Z6.4+po+sync+lwsync.litmus
       1
Z6.4+po+sync+po.litmus
       1
Z6.4+po+sync+sync.litmus
       1
Z6.4+rfi-data+sync+sync.litmus
       1
Z6.4+sync+lwsync+lwsync.litmus
       1
Z6.4+sync+lwsync+po.litmus
       1
Z6.4+sync+lwsync+sync.litmus
       1
Z6.4+sync+po+lwsync.litmus
       1
Z6.4+sync+po+po.litmus
       1
Z6.4+sync+po+sync.litmus
       1
Z6.4+sync+sync+lwsync.litmus
       1
Z6.4+sync+sync+po.litmus
       1
Z6.4+syncs.litmus
       1
Z6.4.litmus
       1
Z6.5+lwsync+lwsync+po.litmus
       1
Z6.5+lwsync+lwsync+sync.litmus
       1
Z6.5+lwsync+po+lwsync.litmus
       1
Z6.5+lwsync+po+po.litmus
       1
Z6.5+lwsync+po+sync.litmus
       1
Z6.5+lwsync+rfi-data+sync.litmus
       1
Z6.5+lwsync+sync+lwsync.litmus
       1
Z6.5+lwsync+sync+po.litmus
       1
Z6.5+lwsync+sync+sync.litmus
       1
Z6.5+lwsyncs.litmus
       1
Z6.5+po+lwsync+lwsync.litmus
       1
Z6.5+po+lwsync+po.litmus
       1
Z6.5+po+lwsync+sync.litmus
       1
Z6.5+po+po+lwsync.litmus
       1
Z6.5+po+po+sync.litmus
       1
Z6.5+po+sync+lwsync.litmus
       1
Z6.5+po+sync+po.litmus
       1
Z6.5+po+sync+sync.litmus
       1
Z6.5+rfi-data+lwsync+sync.litmus
       1
Z6.5+rfi-data+rfi-data+sync.litmus
       1
Z6.5+rfi-data+sync+sync.litmus
       1
Z6.5+sync+lwsync+lwsync.litmus
       1
Z6.5+sync+lwsync+po.litmus
       1
Z6.5+sync+lwsync+sync.litmus
       1
Z6.5+sync+po+lwsync.litmus
       1
Z6.5+sync+po+po.litmus
       1
Z6.5+sync+po+sync.litmus
       1
Z6.5+sync+rfi-data+sync.litmus
       1
Z6.5+sync+sync+lwsync.litmus
       1
Z6.5+sync+sync+po.litmus
       1
Z6.5+syncs.litmus
       1
Z6.5.litmus
       1
aclwdrr000.litmus
       0
aclwdrr001.litmus
       1
aclwdrr002.litmus
       0
aclwdrr003.litmus
       0
aclwdrr004.litmus
       0
aclwdrr005.litmus
       1
aclwdrr006.litmus
       1
aclwdrr007.litmus
       1
aclwdrr008.litmus
       1
aclwdrr009.litmus
       1
aclwdrr010.litmus
       0
aclwdrr011.litmus
       0
aclwdrr012.litmus
       0
aclwdrr013.litmus
       1
aclwdrr014.litmus
       0
aclwdrr015.litmus
       0
aclwdrr016.litmus
       1
aclwdrr017.litmus
       0
aclwdrr018.litmus
       0
aclwdrr019.litmus
       0
aclwdrr020.litmus
       0
aclwdrr021.litmus
       1
aclwdrr022.litmus
       1
aclwdrr023.litmus
       1
aclwdrr024.litmus
       1
aclwdrr025.litmus
       0
aclwdrr026.litmus
       1
aclwdrr027.litmus
       0
aclwdrr028.litmus
       1
aclwdrr029.litmus
       1
aclwdrr030.litmus
       0
aclwdrr031.litmus
       1
aclwdrr032.litmus
       0
aclwdrr033.litmus
       0
aclwdrr034.litmus
       1
aclwdrr035.litmus
       1
aclwdrr036.litmus
       1
aclwdrr037.litmus
       1
aclwdrr038.litmus
       1
aclwdrr039.litmus
       1
aclwdrr040.litmus
       1
aclwdrr041.litmus
       0
aclwdrr042.litmus
       0
b1.litmus
       1
bclwdww012.litmus
       1
bclwdww014.litmus
       1
bclwdww017.litmus
       1
bclwdww018.litmus
       1
bclwdww029.litmus
       1
bclwdww030.litmus
       1
c1.litmus
       1
c2.litmus
       1
c4.litmus
       1
c5.litmus
       1
cc1.litmus
       1
cc2.litmus
       1
cc3.litmus
       1
ccv0.litmus
       1
ccv1.litmus
       1
ccv3.litmus
       1
ccv4.litmus
       1
co1.litmus
       1
co10.litmus
       1
co2.litmus
       1
co4.litmus
       1
co5.litmus
       1
co6.litmus
       1
coa.litmus
       1
d1.litmus
       0
d2.litmus
       1
d3.litmus
       0
d4.litmus
       1
dd1.litmus
       0
dd2.litmus
       1
dd3.litmus
       1
dx1.litmus
       0
dx2.litmus
       1
dx3.litmus
       1
e4.litmus
       1
e6.litmus
       1
ee1.litmus
       1
ee2.litmus
       1
ee3.litmus
       1
g1.litmus
       1
g2.litmus
       1
g3.litmus
       1
gg1.litmus
       1
gg2.litmus
       1
gg3.litmus
       1
gros-cycle.litmus
       0
h1.litmus
       1
h2.litmus
       1
h3.litmus
       1
hh1.litmus
       1
hh2.litmus
       1
hh3.litmus
       1
i1.litmus
       0
i2.litmus
       0
i3.litmus
       1
i4.litmus
       1
iriwv5.litmus
       1
iriwv6.litmus
       0
isa1.litmus
       1
isa1v5.litmus
       1
isa1v7.litmus
       1
isa1v8.litmus
       0
l1.litmus
       1
l2.litmus
       1
l3.litmus
       0
lwdwr020.litmus
       1
m1.litmus
       0
m1l.litmus
       0
m1s.litmus
       1
m2.litmus
       1
m2l.litmus
       1
m2s.litmus
       1
m3.litmus
       0
m3l.litmus
       1
m3s.litmus
       1
m4.litmus
       1
m4l.litmus
       0
m4s.litmus
       1
m5.litmus
       1
m5l.litmus
       1
m5s.litmus
       1
m6.litmus
       0
m6l.litmus
       0
m6s.litmus
       1
m7.litmus
       1
m7l.litmus
       0
m7s.litmus
       1
m8.litmus
       0
m8d.litmus
       0
m8l.litmus
       1
m8s.litmus
       1
m9.litmus
       1
m9l.litmus
       1
m9s.litmus
       1
ma.litmus
       1
mal.litmus
       0
mas.litmus
       1
mb.litmus
       1
mbl.litmus
       1
mbs.litmus
       1
mc.litmus
       1
mcl.litmus
       1
mcs.litmus
       1
n1s.litmus
       1
n2.litmus
       1
n2l.litmus
       1
n2s.litmus
       1
o5.litmus
       1
o5l.litmus
       1
o5ls.litmus
       1
o5s.litmus
       1
podrr000.litmus
       0
podrr001.litmus
       0
podrr002.litmus
       0
podrr003.litmus
       0
podrr004.litmus
       0
podrr005.litmus
       0
podrr006.litmus
       0
podrr007.litmus
       0
podrr008.litmus
       0
podrr009.litmus
       0
podrr010.litmus
       0
podrr011.litmus
       0
podrw000.litmus
       0
podrw001.litmus
       0
podrw002.litmus
       0
podrw003.litmus
       0
podrw004.litmus
       0
podrwposwr019.litmus
       0
podrwposwr020.litmus
       0
podrwposwr029.litmus
       0
podrwposwr031.litmus
       0
podrwposwr035.litmus
       0
podrwposwr038.litmus
       0
podrwposwr046.litmus
       0
podrwposwr048.litmus
       0
podrwposwr052.litmus
       0
podrwposwr055.litmus
       0
podrwposwr058.litmus
       0
podrwposwr060.litmus
       0
podrwposwr064.litmus
       0
podrwposwr067.litmus
       0
podwr000.litmus
       1
podwr001.litmus
       1
podww000.litmus
       1
podww001.litmus
       1
posrr007.litmus
       1
posrr010.litmus
       1
posrr012.litmus
       1
rich5.litmus
       1
rwcv2.litmus
       1
rwcv3.litmus
       1
rwcv5.litmus
       1
rwcv6.litmus
       1
rwcv7.litmus
       1
rwcv8.litmus
       0
safe036.litmus
       1
safe039.litmus
       1
safe041.litmus
       1
safe042.litmus
       1
safe043.litmus
       1
safe044.litmus
       1
safe045.litmus
       1
safe047.litmus
       1
safe049.litmus
       1
safe050.litmus
       1
safe051.litmus
       1
safe052.litmus
       1
safe053.litmus
       1
safe054.litmus
       1
safe055.litmus
       1
safe058.litmus
       1
safe059.litmus
       1
safe060.litmus
       1
safe061.litmus
       1
safe062.litmus
       1
safe063.litmus
       1
safe070.litmus
       1
safe071.litmus
       1
safe072.litmus
       1
safe073.litmus
       1
safe074.litmus
       1
safe075.litmus
       1
safe076.litmus
       1
safe077.litmus
       1
safe078.litmus
       1
safe079.litmus
       1
safe080.litmus
       1
safe081.litmus
       0
safe082.litmus
       1
safe083.litmus
       1
safe084.litmus
       1
safe085.litmus
       1
safe086.litmus
       1
safe088.litmus
       1
safe089.litmus
       1
safe090.litmus
       1
safe091.litmus
       1
safe093.litmus
       1
safe094.litmus
       1
safe097.litmus
       1
safe098.litmus
       1
safe099.litmus
       1
safe100.litmus
       1
safe101.litmus
       1
safe102.litmus
       1
safe104.litmus
       1
safe105.litmus
       1
safe106.litmus
       1
safe107.litmus
       1
safe108.litmus
       1
safe109.litmus
       1
safe110.litmus
       1
safe111.litmus
       1
safe112.litmus
       1
safe113.litmus
       1
safe114.litmus
       1
safe115.litmus
       1
safe116.litmus
       1
safe117.litmus
       1
safe118.litmus
       1
safe122.litmus
       1
safe123.litmus
       1
safe124.litmus
       1
safe125.litmus
       1
safe126.litmus
       1
safe127.litmus
       1
safe128.litmus
       1
safe129.litmus
       1
safe130.litmus
       1
safe131.litmus
       1
safe132.litmus
       1
safe133.litmus
       1
safe134.litmus
       1
safe135.litmus
       1
safe137.litmus
       1
safe139.litmus
       1
safe140.litmus
       1
safe141.litmus
       1
safe142.litmus
       1
safe143.litmus
       1
safe144.litmus
       1
safe147.litmus
       1
safe148.litmus
       1
safe149.litmus
       1
safe150.litmus
       1
safe151.litmus
       1
safe152.litmus
       1
safe159.litmus
       1
safe160.litmus
       1
safe161.litmus
       1
safe162.litmus
       1
safe163.litmus
       1
safe164.litmus
       1
safe165.litmus
       1
safe166.litmus
       1
safe167.litmus
       1
safe168.litmus
       1
safe169.litmus
       1
safe170.litmus
       1
safe171.litmus
       1
safe172.litmus
       1
safe173.litmus
       1
safe174.litmus
       1
safe176.litmus
       1
safe177.litmus
       1
safe178.litmus
       1
safe179.litmus
       1
safe181.litmus
       1
safe184.litmus
       1
safe185.litmus
       1
safe186.litmus
       1
safe187.litmus
       1
safe188.litmus
       1
safe189.litmus
       1
safe191.litmus
       0
safe192.litmus
       0
safe193.litmus
       0
safe194.litmus
       0
safe195.litmus
       1
safe196.litmus
       1
safe197.litmus
       1
safe198.litmus
       1
safe199.litmus
       1
safe200.litmus
       1
safe201.litmus
       1
safe202.litmus
       1
safe206.litmus
       1
safe207.litmus
       1
safe208.litmus
       1
safe209.litmus
       1
safe210.litmus
       1
safe211.litmus
       1
safe212.litmus
       1
safe213.litmus
       1
safe214.litmus
       1
safe215.litmus
       1
safe216.litmus
       1
safe217.litmus
       1
safe218.litmus
       1
safe219.litmus
       1
safe225.litmus
       1
safe226.litmus
       1
safe227.litmus
       1
safe228.litmus
       1
safe229.litmus
       1
safe230.litmus
       1
safe231.litmus
       1
safe232.litmus
       1
safe233.litmus
       1
safe234.litmus
       1
safe248.litmus
       1
safe249.litmus
       1
safe253.litmus
       1
safe254.litmus
       1
safe255.litmus
       1
safe256.litmus
       1
safe257.litmus
       1
safe258.litmus
       1
safe259.litmus
       1
safe260.litmus
       1
safe261.litmus
       1
safe262.litmus
       1
safe263.litmus
       1
safe264.litmus
       1
safe266.litmus
       1
safe267.litmus
       1
safe268.litmus
       1
safe269.litmus
       1
safe270.litmus
       1
safe271.litmus
       1
safe272.litmus
       1
safe273.litmus
       1
safe274.litmus
       1
safe277.litmus
       1
safe278.litmus
       1
safe279.litmus
       1
safe280.litmus
       1
safe281.litmus
       1
safe282.litmus
       1
safe284.litmus
       1
safe289.litmus
       1
safe290.litmus
       1
safe291.litmus
       1
safe292.litmus
       1
safe293.litmus
       1
safe294.litmus
       1
safe295.litmus
       1
safe296.litmus
       1
safe360.litmus
       1
safe361.litmus
       1
safe362.litmus
       1
safe363.litmus
       1
safe364.litmus
       1
safe365.litmus
       1
safe366.litmus
       1
safe367.litmus
       1
safe368.litmus
       1
safe369.litmus
       1
safe370.litmus
       1
safe371.litmus
       1
safe372.litmus
       0
safe373.litmus
       0
safe374.litmus
       1
safe375.litmus
       1
safe376.litmus
       1
safe377.litmus
       1
safe378.litmus
       1
safe379.litmus
       1
safe382.litmus
       1
safe383.litmus
       0
safe384.litmus
       1
safe385.litmus
       1
safe386.litmus
       1
safe387.litmus
       1
safe388.litmus
       1
safe389.litmus
       1
safe393.litmus
       1
safe394.litmus
       1
safe395.litmus
       1
safe396.litmus
       1
safe397.litmus
       1
safe398.litmus
       1
safe399.litmus
       1
safe400.litmus
       1
safe401.litmus
       1
safe402.litmus
       1
safe403.litmus
       1
safe404.litmus
       1
safe405.litmus
       0
safe406.litmus
       1
safe407.litmus
       1
safe408.litmus
       1
safe409.litmus
       1
safe410.litmus
       1
safe411.litmus
       1
safe412.litmus
       1
safe413.litmus
       1
safe414.litmus
       1
safe415.litmus
       1
safe416.litmus
       1
safe417.litmus
       1
safe418.litmus
       0
safe419.litmus
       1
safe420.litmus
       1
safe421.litmus
       1
safe422.litmus
       1
safe423.litmus
       1
safe424.litmus
       1
safe425.litmus
       1
safe426.litmus
       1
safe427.litmus
       1
safe428.litmus
       1
safe429.litmus
       1
safe430.litmus
       1
safe431.litmus
       1
safe432.litmus
       0
safe433.litmus
       1
safe434.litmus
       1
safe437.litmus
       1
safe438.litmus
       1
safe439.litmus
       1
safe440.litmus
       1
safe441.litmus
       1
safe442.litmus
       1
safe443.litmus
       1
safe444.litmus
       1
safe445.litmus
       1
safe446.litmus
       1
safe447.litmus
       1
safe448.litmus
       1
safe449.litmus
       1
safe450.litmus
       1
safe451.litmus
       1
safe452.litmus
       0
safe453.litmus
       0
safe454.litmus
       0
safe455.litmus
       1
safe456.litmus
       0
safe457.litmus
       0
safe458.litmus
       0
safe459.litmus
       0
safe460.litmus
       1
safe461.litmus
       1
safe462.litmus
       1
safe463.litmus
       1
safe464.litmus
       1
safe465.litmus
       1
safe466.litmus
       1
safe467.litmus
       1
safe468.litmus
       1
safe469.litmus
       1
safe470.litmus
       1
safe471.litmus
       1
safe472.litmus
       1
safe473.litmus
       1
safe474.litmus
       1
safe475.litmus
       1
safe476.litmus
       1
safe477.litmus
       1
safe478.litmus
       1
safe479.litmus
       1
safe480.litmus
       1
safe487.litmus
       1
safe488.litmus
       1
safe489.litmus
       1
safe490.litmus
       1
safe491.litmus
       1
safe492.litmus
       1
safe497.litmus
       1
safe498.litmus
       1
safe499.litmus
       1
safe500.litmus
       1
safe501.litmus
       1
safe502.litmus
       1
safe503.litmus
       1
safe504.litmus
       1
safe505.litmus
       1
safe522.litmus
       1
safe523.litmus
       1
safe524.litmus
       1
safe525.litmus
       1
safe526.litmus
       1
safe527.litmus
       1
safe528.litmus
       1
safe529.litmus
       1
safe530.litmus
       1
safe531.litmus
       1
safe532.litmus
       1
safe533.litmus
       1
safe538.litmus
       1
safe539.litmus
       0
safe540.litmus
       1
safe541.litmus
       1
safe542.litmus
       1
safe543.litmus
       1
safe544.litmus
       1
safe551.litmus
       1
safe552.litmus
       1
safe553.litmus
       1
safe554.litmus
       1
safe555.litmus
       1
safe556.litmus
       1
safe557.litmus
       1
safe558.litmus
       1
safe559.litmus
       1
safe560.litmus
       1
safe561.litmus
       1
safe562.litmus
       1
safe563.litmus
       1
safe564.litmus
       1
safe565.litmus
       1
safe566.litmus
       1
wrcv0.litmus
       1
wrcv1.litmus
       1
wrcv2.litmus
       1
